loading...
preprocessing...
build training set...
Vocabulary size
71291

# of training samples
167188440

Loss : 7.492869
Loss : 7.495596
Loss : 7.253023
Loss : 7.062716
Loss : 7.095294
Loss : 7.138632
Loss : 6.894150
Loss : 6.892610
Loss : 7.294495
Loss : 7.321766
Loss : 6.943460
Loss : 7.068331
Loss : 6.816129
Loss : 7.036278
Loss : 7.115237
Loss : 7.340597
Loss : 7.036704
Loss : 7.101008
Loss : 6.930081
Loss : 7.026171
Loss : 6.900407
Loss : 7.207498
Loss : 7.178082
Loss : 6.613693
Loss : 7.139001
Loss : 6.998699
Loss : 6.910477
Loss : 6.939376
Loss : 7.311585
Loss : 7.317563
Loss : 6.906137
Loss : 7.174894
Loss : 7.007902
Loss : 6.839085
Loss : 7.050406
Loss : 6.677650
Loss : 7.028514
Loss : 7.468514
Loss : 6.531287
Loss : 6.989030
Loss : 6.659826
Loss : 7.305123
Loss : 6.739913
Loss : 6.837635
Loss : 6.883221
Loss : 6.873543
Loss : 7.914262
Loss : 6.923998
Loss : 6.923510
Loss : 6.831324
Loss : 6.906732
Loss : 7.064558
Loss : 6.997858
Loss : 7.100752
Loss : 7.242283
Loss : 7.158762
Loss : 6.757977
Loss : 6.882236
Loss : 6.847284
Loss : 6.611860
Loss : 6.523741
Loss : 6.738002
Loss : 7.269778
Loss : 7.003616
Loss : 7.064390
Loss : 6.892362
Loss : 7.236052
Loss : 7.357107
Loss : 7.376372
Loss : 7.164712
Loss : 7.008704
Loss : 7.253695
Loss : 7.025734
Loss : 7.152758
Loss : 6.887741
Loss : 6.987266
Loss : 7.155899
Loss : 6.987027
Loss : 6.996130
Loss : 6.930961
Loss : 6.760890
Loss : 7.092017
Loss : 7.400153
Loss : 6.881409
Loss : 7.534887
Loss : 7.327184
Loss : 7.015806
Loss : 6.829278
Loss : 6.976691
Loss : 6.669669
Loss : 6.851453
Loss : 6.805281
Loss : 6.810113
Loss : 6.991707
Loss : 7.311643
Loss : 6.834378
Loss : 7.200535
Loss : 7.150257
Loss : 7.116219
Loss : 7.162190
Loss : 7.409374
Loss : 6.917925
Loss : 6.487457
Loss : 7.079446
Loss : 6.919644
Loss : 6.833786
Loss : 6.271165
Loss : 6.027396
Loss : 6.711207
Loss : 6.494971
Loss : 6.929486
Loss : 7.280303
Loss : 7.073795
Loss : 6.647733
Loss : 7.255793
Loss : 7.144743
Loss : 7.152122
Loss : 6.949345
Loss : 6.975802
Loss : 6.936482
Loss : 6.812626
Loss : 6.430604
Loss : 6.943054
Loss : 6.659857
Loss : 7.065808
Loss : 7.037690
Loss : 6.872075
Loss : 6.637518
Loss : 7.238089
Loss : 7.054353
Loss : 7.290914
Loss : 6.721798
Loss : 7.164619
Loss : 7.278831
Loss : 7.043358
Loss : 7.084678
Loss : 6.956526
Loss : 7.072480
Loss : 6.637571
Loss : 7.046719
Loss : 6.807250
Loss : 6.946153
Loss : 6.964123
Loss : 7.045426
Loss : 6.565864
Loss : 6.629700
Loss : 6.747512
Loss : 7.028068
Loss : 6.930207
Loss : 6.718148
Loss : 6.419678
Loss : 6.907129
Loss : 7.366137
Loss : 7.106800
Loss : 7.188173
Loss : 6.796235
Loss : 7.242328
Loss : 6.436713
Loss : 6.659822
Loss : 7.180226
Loss : 6.825707
Loss : 7.036937
Loss : 7.186969
Loss : 7.218589
Loss : 7.160210
Loss : 7.115261
Loss : 7.111301
Loss : 7.199231
Loss : 7.232179
Loss : 6.804634
Loss : 6.683747
Loss : 6.785204
Loss : 6.994374
Loss : 6.800593
Loss : 6.927912
Loss : 6.552726
Loss : 6.665963
Loss : 7.085328
Loss : 6.729207
Loss : 6.761434
Loss : 6.874013
Loss : 6.581890
Loss : 6.468719
Loss : 6.392211
Loss : 6.056036
Loss : 6.159246
Loss : 6.531399
Loss : 7.292770
Loss : 7.383442
Loss : 6.356588
Loss : 7.121374
Loss : 7.360530
Loss : 6.947290
Loss : 7.006083
Loss : 6.830846
Loss : 6.779144
Loss : 6.753404
Loss : 6.278633
Loss : 6.725587
Loss : 6.764383
Loss : 6.453331
Loss : 6.556863
Loss : 5.889227
Loss : 6.661329
Loss : 6.507578
Loss : 6.952283
Loss : 6.950431
Loss : 6.924186
Loss : 6.581963
Loss : 6.441222
Loss : 6.559995
Loss : 6.961760
Loss : 6.618981
Loss : 6.270496
Loss : 7.090026
Loss : 6.924345
Loss : 6.930342
Loss : 6.803262
Loss : 6.821129
Loss : 6.855705
Loss : 6.646514
Loss : 6.554864
Loss : 6.782995
Loss : 6.751704
Loss : 7.007435
Loss : 6.230831
Loss : 7.218777
Loss : 6.996631
Loss : 7.291870
Loss : 6.976495
Loss : 6.012378
Loss : 7.282305
Loss : 7.015484
Loss : 6.756196
Loss : 6.722090
Loss : 6.744050
Loss : 6.965166
Loss : 7.113321
Loss : 7.119168
Loss : 6.951970
Loss : 7.106210
Loss : 7.252613
Loss : 7.256502
Loss : 7.082495
Loss : 6.873446
Loss : 6.815138
Loss : 7.221421
Loss : 6.948556
Loss : 7.233992
Loss : 6.864557
Loss : 7.337659
Loss : 6.813959
Loss : 6.823912
Loss : 6.344387
Loss : 6.258931
Loss : 6.812948
Loss : 6.534607
Loss : 7.015498
Loss : 6.981038
Loss : 6.568095
Loss : 6.904476
Loss : 6.932382
Loss : 7.148346
Loss : 6.756704
Loss : 6.740835
Loss : 7.031550
Loss : 6.963868
Loss : 7.302582
Loss : 7.181919
Loss : 6.845227
Loss : 7.037855
Loss : 5.251055
Loss : 6.676417
Loss : 6.853170
Loss : 7.094496
Loss : 6.859220
Loss : 6.893881
Loss : 7.170095
Loss : 7.247057
Loss : 5.546272
Loss : 6.974137
Loss : 6.785121
Loss : 6.832397
Loss : 7.148639
Loss : 6.959984
Loss : 6.807887
Loss : 5.655100
Loss : 6.713857
Loss : 7.008108
Loss : 7.359478
Loss : 6.891062
Loss : 6.866473
Loss : 6.792035
Loss : 7.030155
Loss : 6.739910
Loss : 7.040481
Loss : 6.977660
Loss : 6.169716
Loss : 6.590087
Loss : 7.081911
Loss : 7.008325
Loss : 7.470611
Loss : 7.254232
Loss : 6.921130
Loss : 7.427585
Loss : 6.737986
Loss : 6.967491
Loss : 7.257835
Loss : 7.083583
Loss : 6.869583
Loss : 7.109883
Loss : 6.653050
Loss : 6.666856
Loss : 7.275450
Loss : 6.789424
Loss : 6.973072
Loss : 6.629095
Loss : 7.177656
Loss : 6.724024
Loss : 7.154522
Loss : 6.708146
Loss : 6.548919
Loss : 6.823967
Loss : 6.628824
Loss : 7.279849
Loss : 6.536067
Loss : 7.116556
Loss : 6.692047
Loss : 7.220411
Loss : 6.635480
Loss : 6.971412
Loss : 6.715998
Loss : 7.046697
Loss : 6.797359
Loss : 6.510602
Loss : 6.613548
Loss : 7.386865
Loss : 7.239069
Loss : 7.200062
Loss : 7.093791
Loss : 6.992657
Loss : 6.969477
Loss : 6.726091
Loss : 7.218317
Loss : 7.328867
Loss : 7.194109
Loss : 6.688090
Loss : 7.276851
Loss : 6.897716
Loss : 6.276726
Loss : 7.246788
Loss : 7.306106
Loss : 7.092967
Loss : 6.918868
Loss : 7.110836
Loss : 7.122955
Loss : 6.775273
Loss : 6.527378
Loss : 6.834551
Loss : 6.234065
Loss : 6.558202
Loss : 6.847584
Loss : 6.915134
Loss : 6.767340
Loss : 6.781701
Loss : 6.696303
Loss : 6.878272
Loss : 6.728258
Loss : 5.895989
Loss : 7.036596
Loss : 7.211400
Loss : 7.068041
Loss : 7.089809
Loss : 6.418909
Loss : 7.064133
Loss : 7.336641
Loss : 7.079272
Loss : 6.755692
Loss : 6.975926
Loss : 6.766720
Loss : 7.148570
Loss : 7.042391
Loss : 7.152304
Loss : 7.009840
Loss : 7.095349
Loss : 7.038493
Loss : 7.488817
Loss : 7.356723
Loss : 6.731051
Loss : 7.070067
Loss : 7.358748
Loss : 6.979222
Loss : 6.699803
Loss : 6.721548
Loss : 6.929766
Loss : 7.359556
Loss : 7.147794
Loss : 7.193428
Loss : 6.698936
Loss : 7.056102
Loss : 6.751009
Loss : 6.989706
Loss : 7.149812
Loss : 7.308136
Loss : 7.176874
Loss : 7.459645
Loss : 7.100369
Loss : 7.130847
Loss : 6.898835
Loss : 6.544124
Loss : 6.926457
Loss : 7.168052
Loss : 6.964243
Loss : 6.776382
Loss : 6.129898
Loss : 6.841622
Loss : 6.978178
Loss : 6.557138
Loss : 6.654161
Loss : 6.813719
Loss : 6.887522
Loss : 6.685381
Loss : 6.598253
Loss : 6.834704
Loss : 6.936907
Loss : 7.082697
Loss : 6.944607
Loss : 7.050844
Loss : 7.294920
Loss : 6.879840
Loss : 7.048039
Loss : 7.197707
Loss : 7.167635
Loss : 6.797395
Loss : 7.101840
Loss : 6.955423
Loss : 7.124495
Loss : 6.907791
Loss : 7.343533
Loss : 6.828251
Loss : 6.981151
Loss : 6.860506
Loss : 7.239504
Loss : 7.090125
Loss : 7.059637
Loss : 6.440559
Loss : 6.902393
Loss : 7.031550
Loss : 6.731260
Loss : 7.326973
Loss : 6.927206
Loss : 6.976435
Loss : 7.349943
Loss : 6.891826
Loss : 6.856042
Loss : 6.647746
Loss : 6.715795
Loss : 7.181252
Loss : 7.168836
Loss : 7.085976
Loss : 7.210394
Loss : 6.831022
Loss : 7.088565
Loss : 7.196653
Loss : 7.328631
Loss : 7.138001
Loss : 6.564506
Loss : 6.891939
Loss : 6.855603
Loss : 6.745576
Loss : 6.503455
Loss : 6.830325
Loss : 6.924254
Loss : 6.678600
Loss : 6.500107
Loss : 6.618332
Loss : 6.445333
Loss : 6.715697
Loss : 6.158069
Loss : 6.164714
Loss : 6.553345
Loss : 6.492892
Loss : 6.562395
Loss : 5.899874
Loss : 6.529515
Loss : 5.992559
Loss : 6.345085
Loss : 6.909019
Loss : 6.708873
Loss : 7.235013
Loss : 7.072413
Loss : 6.766205
Loss : 6.725549
Loss : 7.147760
Loss : 7.082341
Loss : 7.123301
Loss : 7.166157
Loss : 6.893841
Loss : 7.297116
Loss : 6.752276
Loss : 7.301004
Loss : 7.152488
Loss : 6.517698
Loss : 6.608090
Loss : 6.293128
Loss : 7.064988
Loss : 6.792630
Loss : 7.176825
Loss : 6.463268
Loss : 7.053498
Loss : 7.280384
Loss : 7.389376
Loss : 7.035289
Loss : 6.954253
Loss : 6.423810
Loss : 6.237605
Loss : 6.776431
Loss : 6.909486
Loss : 6.772864
Loss : 7.024279
Loss : 5.310535
Loss : 6.390938
Loss : 6.978383
Loss : 6.835431
Loss : 6.826940
Loss : 6.724911
Loss : 6.515825
Loss : 6.842376
Loss : 7.249154
Loss : 7.175143
Loss : 7.044795
Loss : 6.643888
Loss : 7.096632
Loss : 6.764961
Loss : 6.882577
Loss : 7.246385
Loss : 6.949744
Loss : 6.493068
Loss : 6.491084
Loss : 6.624572
Loss : 6.709432
Loss : 6.076715
Loss : 6.874392
Loss : 6.515813
Loss : 6.759249
Loss : 7.132679
Loss : 7.339613
Loss : 7.386634
Loss : 6.756491
Loss : 6.631256
Loss : 6.421669
Loss : 5.962139
Loss : 6.928062
Loss : 7.042198
Loss : 7.077668
Loss : 6.991056
Loss : 6.928240
Loss : 6.731951
Loss : 7.147330
Loss : 7.125972
Loss : 7.074229
Loss : 6.923620
Loss : 6.758869
Loss : 6.684587
Loss : 7.178969
Loss : 6.861740
Loss : 7.118272
Loss : 6.856860
Loss : 7.056084
Loss : 7.166449
Loss : 7.110470
Loss : 6.969692
Loss : 6.976842
Loss : 7.067580
Loss : 6.880736
Loss : 6.453744
Loss : 7.010490
Loss : 6.485935
Loss : 6.431357
Loss : 6.671462
Loss : 6.957737
Loss : 6.862550
Loss : 7.007405
Loss : 7.056265
Loss : 6.968322
Loss : 7.088757
Loss : 7.227682
Loss : 6.796257
Loss : 7.202236
Loss : 6.881872
Loss : 6.656794
Loss : 6.770906
Loss : 7.248302
Loss : 6.846217
Loss : 6.798923
Loss : 7.333887
Loss : 6.771144
Loss : 6.974438
Loss : 7.035754
Loss : 6.934021
Loss : 7.020911
Loss : 7.131800
Loss : 6.838111
Loss : 6.771618
Loss : 6.590922
Loss : 6.870078
Loss : 6.673227
Loss : 6.581168
Loss : 6.832453
Loss : 6.291635
Loss : 6.694734
Loss : 6.943489
Loss : 6.795289
Loss : 6.537186
Loss : 6.651741
Loss : 6.823574
Loss : 7.064835
Loss : 6.592618
Loss : 6.545779
Loss : 7.021991
Loss : 6.720851
Loss : 6.777035
Loss : 7.193588
Loss : 7.354642
Loss : 6.468647
Loss : 6.685820
Loss : 6.858193
Loss : 5.663543
Loss : 6.678444
Loss : 6.392561
Loss : 6.692554
Loss : 6.513513
Loss : 6.336115
Loss : 6.701779
Loss : 6.664934
Loss : 6.848728
Loss : 7.095810
Loss : 7.276224
Loss : 6.919463
Loss : 7.152897
Loss : 7.068783
Loss : 6.993458
Loss : 7.116949
Loss : 6.687737
Loss : 6.996242
Loss : 6.799017
Loss : 6.541707
Loss : 6.340309
Loss : 7.007070
Loss : 7.119217
Loss : 7.123520
Loss : 5.972962
Loss : 6.743660
Loss : 6.383047
Loss : 5.796639
Loss : 6.838977
Loss : 7.175332
Loss : 6.958754
Loss : 6.813623
Loss : 6.978524
Loss : 7.256231
Loss : 7.038872
Loss : 6.797665
Loss : 7.224945
Loss : 6.115401
Loss : 6.976330
Loss : 6.984171
Loss : 7.110735
Loss : 6.943174
Loss : 7.332321
Loss : 6.895634
Loss : 7.040866
Loss : 7.160462
Loss : 7.212665
Loss : 7.164476
Loss : 6.517072
Loss : 6.805909
Loss : 6.205409
Loss : 6.755063
Loss : 6.912161
Loss : 6.947233
Loss : 7.030236
Loss : 7.203930
Loss : 6.879396
Loss : 7.056259
Loss : 7.162547
Loss : 7.245205
Loss : 6.795152
Loss : 6.728808
Loss : 6.756288
Loss : 6.636055
Loss : 6.884261
Loss : 6.920407
Loss : 6.582977
Loss : 7.009302
Loss : 6.890813
Loss : 7.000057
Loss : 6.714709
Loss : 7.191114
Loss : 7.053497
Loss : 7.118357
Loss : 7.113687
Loss : 7.147569
Loss : 6.935514
Loss : 7.107732
Loss : 7.225081
Loss : 6.954180
Loss : 7.149765
Loss : 7.005706
Loss : 7.072455
Loss : 6.749932
Loss : 7.129825
Loss : 6.962063
Loss : 6.785816
Loss : 6.988012
Loss : 6.855493
Loss : 7.104735
Loss : 6.967614
Loss : 6.741967
Loss : 6.364447
Loss : 7.277458
Loss : 6.877554
Loss : 7.202990
Loss : 7.013234
Loss : 6.882796
Loss : 6.684182
Loss : 7.113312
Loss : 6.967234
Loss : 7.407002
Loss : 6.853529
Loss : 6.856349
Loss : 6.648526
Loss : 6.836302
Loss : 7.052256
Loss : 6.965911
Loss : 6.802662
Loss : 6.805779
Loss : 6.679307
Loss : 7.214857
Loss : 6.273494
Loss : 7.117390
Loss : 6.647165
Loss : 6.985039
Loss : 6.788393
Loss : 7.032905
Loss : 6.667436
Loss : 6.895748
Loss : 7.027961
Loss : 6.751289
Loss : 6.799438
Loss : 6.911962
Loss : 6.773168
Loss : 6.099323
Loss : 6.597869
Loss : 6.594384
Loss : 6.889673
Loss : 7.299839
Loss : 7.047622
Loss : 7.002937
Loss : 7.341660
Loss : 7.160742
Loss : 7.036590
Loss : 7.383133
Loss : 6.813988
Loss : 6.612078
Loss : 6.824412
Loss : 7.114436
Loss : 6.933906
Loss : 6.869261
Loss : 6.715773
Loss : 7.021836
Loss : 7.201166
Loss : 6.731763
Loss : 6.810442
Loss : 6.922916
Loss : 7.064477
Loss : 7.061111
Loss : 6.794126
Loss : 7.105128
Loss : 6.521337
Loss : 6.834843
Loss : 7.064767
Loss : 6.663108
Loss : 6.708295
Loss : 7.264190
Loss : 6.229080
Loss : 7.084868
Loss : 6.910257
Loss : 7.240733
Loss : 7.045519
Loss : 6.957798
Loss : 7.099086
Loss : 6.569673
Loss : 7.065437
Loss : 6.611720
Loss : 7.015457
Loss : 6.751173
Loss : 6.489333
Loss : 6.707703
Loss : 6.953904
Loss : 6.808592
Loss : 7.299815
Loss : 6.429499
Loss : 6.601573
Loss : 7.297772
Loss : 6.474400
Loss : 6.517602
Loss : 6.316913
Loss : 6.443313
Loss : 6.157718
Loss : 6.623932
Loss : 6.519666
Loss : 6.718730
Loss : 6.336952
Loss : 6.547215
Loss : 6.971541
Loss : 6.709168
Loss : 6.480598
Loss : 6.608491
Loss : 6.452968
Loss : 6.465192
Loss : 6.130035
Loss : 6.315953
Loss : 6.663959
Loss : 6.742441
Loss : 6.584648
Loss : 6.768700
Loss : 6.571605
Loss : 6.609319
Loss : 6.344505
Loss : 6.068686
Loss : 6.788200
Loss : 7.037490
Loss : 7.215101
Loss : 6.928079
Loss : 6.993702
Loss : 7.035192
Loss : 6.867801
Loss : 6.909266
Loss : 6.869765
Loss : 7.292141
Loss : 7.235218
Loss : 6.948353
Loss : 6.826219
Loss : 6.941608
Loss : 7.638186
Loss : 7.135741
Loss : 6.643923
Loss : 6.916336
Loss : 6.822910
Loss : 6.545008
Loss : 6.961971
Loss : 7.070412
Loss : 6.955563
Loss : 7.306098
Loss : 7.252437
Loss : 7.168580
Loss : 7.103556
Loss : 7.084921
Loss : 7.171730
Loss : 6.772052
Loss : 6.875023
Loss : 6.964944
Loss : 6.835449
Loss : 6.879584
Loss : 6.613832
Loss : 6.810003
Loss : 6.881450
Loss : 7.012825
Loss : 6.586079
Loss : 6.996047
Loss : 7.190541
Loss : 6.785984
Loss : 6.955080
Loss : 6.680609
Loss : 7.046046
Loss : 6.437879
Loss : 6.854150
Loss : 7.015716
Loss : 6.498165
Loss : 7.206964
Loss : 6.729192
Loss : 6.260892
Loss : 6.807581
Loss : 6.769296
Loss : 6.523305
Loss : 6.929932
Loss : 7.072322
Loss : 7.073977
Loss : 6.957884
Loss : 7.041881
Loss : 7.009534
Loss : 7.344487
Loss : 7.223607
Loss : 6.787772
Loss : 7.167795
Loss : 7.344523
Loss : 6.892861
Loss : 6.733880
Loss : 6.683811
Loss : 6.595376
Loss : 6.624991
Loss : 6.704157
Loss : 6.733948
Loss : 6.658220
Loss : 6.706536
Loss : 6.490070
Loss : 6.563720
Loss : 6.919492
Loss : 6.502882
Loss : 7.062509
Loss : 7.055841
Loss : 7.174889
Loss : 7.135885
Loss : 7.163099
Loss : 6.890345
Loss : 6.857789
Loss : 6.764096
Loss : 7.158281
Loss : 6.861607
Loss : 7.195792
Loss : 6.926752
Loss : 6.594600
Loss : 6.800161
Loss : 6.240033
Loss : 7.101469
Loss : 6.963269
Loss : 6.681453
Loss : 7.114758
Loss : 7.263847
Loss : 6.962350
Loss : 6.611536
Loss : 6.989058
Loss : 6.555099
Loss : 6.839514
Loss : 6.931216
Loss : 7.057899
Loss : 6.688168
Loss : 6.750527
Loss : 6.809089
Loss : 6.572367
Loss : 6.500878
Loss : 6.849654
Loss : 7.128479
Loss : 6.824680
Loss : 5.911585
Loss : 7.234500
Loss : 7.117142
Loss : 6.808957
Loss : 7.015199
Loss : 6.718792
Loss : 6.599878
Loss : 6.908083
Loss : 6.986366
Loss : 6.841346
Loss : 6.985318
Loss : 6.722577
Loss : 7.251842
Loss : 6.831505
Loss : 7.527093
Loss : 6.930385
Loss : 7.005557
Loss : 6.882453
Loss : 7.060632
Loss : 6.635188
Loss : 7.142360
Loss : 7.082203
Loss : 6.856465
Loss : 7.192972
Loss : 6.998230
Loss : 7.121714
Loss : 6.981053
Loss : 7.279675
Loss : 6.486463
Loss : 5.049783
Loss : 7.040743
Loss : 6.546291
Loss : 6.821633
Loss : 6.927085
Loss : 7.097120
Loss : 7.241196
Loss : 7.156859
Loss : 7.033765
Loss : 7.072262
Loss : 6.993731
Loss : 6.812986
Loss : 6.799194
Loss : 6.658104
Loss : 5.899408
Loss : 6.282542
Loss : 7.029708
Loss : 6.837329
Loss : 7.218579
Loss : 6.923566
Loss : 6.968521
Loss : 6.915848
Loss : 6.946750
Loss : 6.998137
Loss : 6.806435
Loss : 6.726280
Loss : 6.063318
Loss : 7.080691
Loss : 6.872922
Loss : 6.957971
Loss : 7.241937
Loss : 6.961056
Loss : 6.747507
Loss : 6.284821
Loss : 6.035594
Loss : 6.334422
Loss : 7.044500
Loss : 6.979104
Loss : 7.429131
Loss : 7.195040
Loss : 7.173386
Loss : 6.976123
Loss : 6.598674
Loss : 6.548837
Loss : 6.155223
Loss : 6.323745
Loss : 7.149747
Loss : 6.825865
Loss : 6.973969
Loss : 6.969889
Loss : 7.147665
Loss : 7.211163
Loss : 7.125186
Loss : 7.053279
Loss : 7.252490
Loss : 7.778635
Loss : 6.423294
Loss : 6.572703
Loss : 6.989009
Loss : 6.193575
Loss : 6.956115
Loss : 6.826017
Loss : 7.196396
Loss : 7.129606
Loss : 7.063871
Loss : 6.944796
Loss : 6.637624
Loss : 7.191127
Loss : 7.018701
Loss : 6.797730
Loss : 6.984523
Loss : 6.594984
Loss : 7.140923
Loss : 7.113526
Loss : 6.737085
Loss : 7.047021
Loss : 6.714395
Loss : 7.610057
Loss : 6.924369
Loss : 7.190827
Loss : 7.127311
Loss : 6.903734
Loss : 7.047209
Loss : 6.846774
Loss : 7.134501
Loss : 7.302674
Loss : 6.955231
Loss : 6.586666
Loss : 6.661651
Loss : 6.442467
Loss : 7.305015
Loss : 7.187982
Loss : 7.186021
Loss : 7.213314
Loss : 6.879678
Loss : 6.912041
Loss : 7.176926
Loss : 6.541716
Loss : 6.485631
Loss : 7.284822
Loss : 7.110105
Loss : 7.280321
Loss : 7.152974
Loss : 7.146215
Loss : 7.000467
Loss : 6.755370
Loss : 6.883394
Loss : 7.040859
Loss : 6.993939
Loss : 7.040426
Loss : 6.998442
Loss : 6.951122
Loss : 7.272576
Loss : 6.585740
Loss : 7.359745
Loss : 7.067575
Loss : 6.892706
Loss : 7.039368
Loss : 7.268624
Loss : 6.997191
Loss : 7.159917
Loss : 6.846460
Loss : 6.820843
Loss : 6.998729
Loss : 7.007373
Loss : 6.664347
Loss : 6.812100
Loss : 7.090397
Loss : 6.954014
Loss : 6.922609
Loss : 7.137577
Loss : 7.045262
Loss : 7.278307
Loss : 6.857343
Loss : 6.885112
Loss : 6.726589
Loss : 6.947719
Loss : 7.016518
Loss : 6.917794
Loss : 6.940332
Loss : 7.088036
Loss : 7.193435
Loss : 7.230980
Loss : 6.854434
Loss : 6.794360
Loss : 6.905422
Loss : 6.963404
Loss : 6.848131
Loss : 6.784994
Loss : 7.101136
Loss : 6.688345
Loss : 6.750743
Loss : 7.293939
Loss : 6.908520
Loss : 7.051594
Loss : 6.837449
Loss : 6.884433
Loss : 7.018375
Loss : 7.142762
Loss : 6.938418
Loss : 6.839706
Loss : 6.510425
Loss : 7.074895
Loss : 6.860160
Loss : 6.920129
Loss : 7.145597
Loss : 6.685753
Loss : 6.734096
Loss : 6.497078
Loss : 6.587548
Loss : 6.905606
Loss : 6.911373
Loss : 6.789419
Loss : 6.383621
Loss : 7.022807
Loss : 6.863221
Loss : 6.783565
Loss : 6.988444
Loss : 6.690466
Loss : 7.005868
Loss : 7.118360
Loss : 7.114185
Loss : 6.746155
Loss : 6.792880
Loss : 6.757886
Loss : 6.656318
Loss : 6.788659
Loss : 7.281121
Loss : 6.989832
Loss : 7.022138
Loss : 6.996184
Loss : 6.835418
Loss : 7.128043
Loss : 7.052652
Loss : 7.024023
Loss : 6.419153
Loss : 6.937081
Loss : 7.035446
Loss : 6.923083
Loss : 6.602286
Loss : 6.461806
Loss : 6.798563
Loss : 6.845157
Loss : 6.806228
Loss : 7.200822
Loss : 7.237045
Loss : 7.003843
Loss : 6.978979
Loss : 7.244180
Loss : 6.873685
Loss : 6.747291
Loss : 7.110286
Loss : 7.121833
Loss : 7.062692
Loss : 7.208201
Loss : 6.672142
Loss : 7.175470
Loss : 6.785649
Loss : 6.975353
Loss : 7.216666
Loss : 6.917530
Loss : 6.723478
Loss : 7.280432
Loss : 6.927903
Loss : 6.915658
Loss : 6.867944
Loss : 6.925093
Loss : 6.708616
Loss : 7.125557
Loss : 7.064746
Loss : 7.066381
Loss : 7.074635
Loss : 6.956863
Loss : 6.665048
Loss : 6.793358
Loss : 6.957028
Loss : 7.048230
Loss : 7.026240
Loss : 6.480411
Loss : 7.035616
Loss : 6.601021
Loss : 7.247845
Loss : 7.095187
Loss : 6.372272
Loss : 6.331457
Loss : 6.414917
Loss : 6.407196
Loss : 6.586918
Loss : 6.115519
Loss : 7.147486
Loss : 5.229605
Loss : 6.970888
Loss : 6.873744
Loss : 7.172808
Loss : 6.862889
Loss : 6.825237
Loss : 6.902236
Loss : 7.080069
Loss : 7.104875
Loss : 6.875805
Loss : 5.881004
Loss : 7.247429
Loss : 7.112756
Loss : 7.214000
Loss : 6.499197
Loss : 6.513685
Loss : 7.306652
Loss : 7.126824
Loss : 6.777425
Loss : 7.077589
Loss : 7.146005
Loss : 6.447653
Loss : 6.935532
Loss : 6.555791
Loss : 6.880230
Loss : 6.749216
Loss : 6.828085
Loss : 6.285992
Loss : 6.535594
Loss : 7.070951
Loss : 7.060636
Loss : 7.170458
Loss : 7.248078
Loss : 6.946994
Loss : 6.924943
Loss : 6.984065
Loss : 6.999402
Loss : 6.409710
Loss : 6.594818
Loss : 6.822369
Loss : 6.880711
Loss : 7.119301
Loss : 7.096963
Loss : 5.879995
Loss : 7.114069
Loss : 6.860859
Loss : 7.021427
Loss : 6.961215
Loss : 7.008044
Loss : 6.196233
Loss : 6.903761
Loss : 7.014141
Loss : 6.250471
Loss : 6.083722
Loss : 5.810998
Loss : 5.840642
Loss : 6.663759
Loss : 6.762628
Loss : 7.011751
Loss : 6.775218
Loss : 6.993755
Loss : 6.859116
Loss : 6.644380
Loss : 7.073147
Loss : 6.656777
Loss : 6.718563
Loss : 7.141429
Loss : 6.056835
Loss : 7.059377
Loss : 6.828806
Loss : 6.823679
Loss : 6.839749
Loss : 6.898243
Loss : 7.197797
Loss : 6.645788
Loss : 6.919878
Loss : 6.875718
Loss : 6.975297
Loss : 6.847618
Loss : 6.823601
Loss : 7.081493
Loss : 6.844228
Loss : 6.852497
Loss : 7.127656
Loss : 7.052878
Loss : 6.568237
Loss : 6.910629
Loss : 6.927893
Loss : 6.975902
Loss : 6.917711
Loss : 6.924781
Loss : 6.599136
Loss : 6.703297
Loss : 7.142659
Loss : 7.292661
Loss : 7.078656
Loss : 7.073089
Loss : 6.928093
Loss : 6.008440
Loss : 6.782752
Loss : 7.136441
Loss : 6.658654
Loss : 7.035569
Loss : 6.830562
Loss : 7.511540
Loss : 6.920313
Loss : 6.090926
Loss : 6.909119
Loss : 6.814617
Loss : 6.673459
Loss : 6.866607
Loss : 7.019851
Loss : 6.861136
Loss : 6.963395
Loss : 6.764932
Loss : 6.786121
Loss : 6.717242
Loss : 6.803389
Loss : 7.186024
Loss : 7.207399
Loss : 7.087436
Loss : 6.721564
Loss : 6.806123
Loss : 6.365478
Loss : 6.592070
Loss : 6.991465
Loss : 7.209058
Loss : 6.607680
Loss : 6.912737
Loss : 6.988448
Loss : 7.021770
Loss : 7.020875
Loss : 6.866667
Loss : 6.782664
Loss : 6.472928
Loss : 7.026464
Loss : 7.137082
Loss : 6.546726
Loss : 6.891098
Loss : 6.954878
Loss : 6.975170
Loss : 7.065303
Loss : 6.929211
Loss : 7.084151
Loss : 6.949429
Loss : 6.749375
Loss : 5.844857
Loss : 6.535609
Loss : 7.092176
Loss : 7.032789
Loss : 6.946162
Loss : 6.963861
Loss : 6.544177
Loss : 6.754824
Loss : 6.736647
Loss : 6.989062
Loss : 6.787207
Loss : 6.987760
Loss : 7.052561
Loss : 6.915882
Loss : 7.292197
Loss : 6.988179
Loss : 7.080405
Loss : 6.966301
Loss : 6.709427
Loss : 7.214453
Loss : 6.913418
Loss : 6.879069
Loss : 7.153738
Loss : 7.497071
Loss : 7.170930
Loss : 6.970736
Loss : 7.050869
Loss : 7.266206
Loss : 7.175919
Loss : 7.008141
Loss : 6.734167
Loss : 6.887878
Loss : 6.958159
Loss : 7.195470
Loss : 7.031615
Loss : 6.756013
Loss : 7.080119
Loss : 7.112715
Loss : 7.003524
Loss : 6.735581
Loss : 6.460168
Loss : 6.841913
Loss : 6.881422
Loss : 6.665997
Loss : 6.785064
Loss : 7.127096
Loss : 6.860886
Loss : 6.292524
Loss : 6.932010
Loss : 6.926663
Loss : 6.721988
Loss : 6.855948
Loss : 6.927430
Loss : 6.781488
Loss : 6.761127
Loss : 6.695447
Loss : 6.566031
Loss : 6.279702
Loss : 7.025475
Loss : 7.078370
Loss : 6.995301
Loss : 6.846649
Loss : 6.797622
Loss : 6.969105
Loss : 7.271250
Loss : 6.711188
Loss : 6.573103
Loss : 6.806859
Loss : 6.983342
Loss : 6.993401
Loss : 6.795306
Loss : 6.663063
Loss : 6.470674
Loss : 6.506397
Loss : 6.575308
Loss : 6.246180
Loss : 6.598369
Loss : 6.264239
Loss : 6.460740
Loss : 6.513692
Loss : 6.285519
Loss : 6.421415
Loss : 6.351918
Loss : 6.220594
Loss : 6.805243
Loss : 6.049806
Loss : 7.070545
Loss : 6.927720
Loss : 7.071735
Loss : 6.970129
Loss : 7.192571
Loss : 6.865677
Loss : 6.957253
Loss : 6.790302
Loss : 6.528578
Loss : 6.715307
Loss : 6.870998
Loss : 7.224580
Loss : 6.498902
Loss : 6.685692
Loss : 7.035576
Loss : 7.034114
Loss : 6.856189
Loss : 6.982530
Loss : 6.715251
Loss : 7.302585
Loss : 6.992063
Loss : 7.007641
Loss : 6.599090
Loss : 7.343853
Loss : 6.626816
Loss : 6.557593
Loss : 5.829098
Loss : 7.193575
Loss : 6.822459
Loss : 7.267078
Loss : 6.513242
Loss : 6.826495
Loss : 6.523295
Loss : 7.131655
Loss : 7.122945
Loss : 6.860435
Loss : 6.788973
Loss : 6.957549
Loss : 6.534182
Loss : 6.885126
Loss : 6.433253
Loss : 7.140253
Loss : 7.101753
Loss : 7.034964
Loss : 6.543474
Loss : 6.895686
Loss : 6.899912
Loss : 6.927418
Loss : 6.768672
Loss : 6.042255
Loss : 5.743821
Loss : 7.066708
Loss : 6.773930
Loss : 7.384807
Loss : 6.639674
Loss : 7.236193
Loss : 6.868132
Loss : 6.976977
Loss : 6.878400
Loss : 6.706902
Loss : 6.661992
Loss : 6.530823
Loss : 6.966242
Loss : 7.117150
Loss : 7.266160
Loss : 7.007358
Loss : 7.132465
Loss : 6.744469
Loss : 7.186573
Loss : 7.046157
Loss : 6.916862
Loss : 7.020133
Loss : 6.871834
Loss : 6.578067
Loss : 6.318825
Loss : 6.609678
Loss : 7.127334
Loss : 6.835394
Loss : 6.398983
Loss : 6.791216
Loss : 7.143032
Loss : 6.939398
Loss : 6.950934
Loss : 6.965340
Loss : 6.783092
Loss : 6.569914
Loss : 7.096280
Loss : 6.877734
Loss : 6.705873
Loss : 6.868658
Loss : 7.166103
Loss : 7.257826
Loss : 6.978118
Loss : 7.000346
Loss : 7.076135
Loss : 7.230002
Loss : 6.830169
Loss : 7.046954
Loss : 6.947750
Loss : 6.667764
Loss : 7.037944
Loss : 7.054108
Loss : 6.673637
Loss : 7.249170
Loss : 7.061344
Loss : 6.773438
Loss : 7.036473
Loss : 6.622449
Loss : 6.984116
Loss : 7.079777
Loss : 6.634483
Loss : 6.335300
Loss : 6.888980
Loss : 6.663976
Loss : 6.906768
Loss : 6.867805
Loss : 6.657240
Loss : 6.749911
Loss : 6.808715
Loss : 6.525495
Loss : 7.053999
Loss : 6.621978
Loss : 7.143644
Loss : 6.679077
Loss : 6.710275
Loss : 6.819858
Loss : 6.400118
Loss : 7.168479
Loss : 7.105518
Loss : 6.533115
Loss : 6.996475
Loss : 6.920619
Loss : 7.070776
Loss : 7.025630
Loss : 7.056621
Loss : 6.822570
Loss : 6.878679
Loss : 6.713655
Loss : 6.618725
Loss : 6.800871
Loss : 7.035829
Loss : 6.738369
Loss : 7.169138
Loss : 6.864551
Loss : 7.019902
Loss : 6.898198
Loss : 6.966703
Loss : 6.911064
Loss : 6.977326
Loss : 6.733909
Loss : 7.075073
Loss : 7.105060
Loss : 6.867920
Loss : 7.043519
Loss : 6.908758
Loss : 7.206541
Loss : 7.019765
Loss : 6.389267
Loss : 5.957369
Loss : 6.291086
Loss : 6.882726
Loss : 6.603617
Loss : 6.969882
Loss : 7.026700
Loss : 7.203138
Loss : 6.873974
Loss : 7.075770
Loss : 6.945055
Loss : 6.775554
Loss : 6.976709
Loss : 6.802248
Loss : 6.509379
Loss : 6.871211
Loss : 6.781965
Loss : 6.245658
Loss : 5.562728
Loss : 6.706694
Loss : 6.975403
Loss : 6.812166
Loss : 6.886247
Loss : 7.049027
Loss : 7.108322
Loss : 6.846943
Loss : 6.955894
Loss : 6.732719
Loss : 7.201813
Loss : 7.452648
Loss : 7.164040
Loss : 6.410127
Loss : 7.065165
Loss : 6.817604
Loss : 6.240328
Loss : 6.309333
Loss : 6.417869
Loss : 6.733745
Loss : 6.705922
Loss : 6.481496
Loss : 6.428552
Loss : 6.755676
Loss : 6.957892
Loss : 7.088811
Loss : 7.177318
Loss : 6.841220
Loss : 7.022013
Loss : 6.792446
Loss : 6.405104
Loss : 6.720418
Loss : 7.103114
Loss : 7.082938
Loss : 6.802033
Loss : 6.714094
Loss : 7.169466
Loss : 6.899374
Loss : 6.892403
Loss : 6.962282
Loss : 7.042466
Loss : 6.776206
Loss : 6.694997
Loss : 6.831140
Loss : 7.075115
Loss : 6.903469
Loss : 7.043679
Loss : 6.770548
Loss : 6.482662
Loss : 7.022238
Loss : 6.742442
Loss : 6.514154
Loss : 6.801290
Loss : 6.882676
Loss : 6.870351
Loss : 6.712716
Loss : 7.136922
Loss : 6.202500
Loss : 7.249060
Loss : 6.671353
Loss : 6.656505
Loss : 7.043966
Loss : 6.984639
Loss : 7.008687
Loss : 6.865436
Loss : 6.857648
Loss : 6.919492
Loss : 6.562608
Loss : 6.536022
Loss : 6.333142
Loss : 6.753771
Loss : 6.882522
Loss : 7.130567
Loss : 6.219398
Loss : 5.776517
Loss : 5.803397
Loss : 6.319130
Loss : 6.262712
Loss : 7.262787
Loss : 7.203840
Loss : 7.085998
Loss : 6.823211
Loss : 7.074663
Loss : 6.850748
Loss : 6.952642
Loss : 6.824597
Loss : 6.913042
Loss : 6.488845
Loss : 6.832326
Loss : 7.237146
Loss : 6.695216
Loss : 6.747994
Loss : 6.550668
Loss : 6.890247
Loss : 7.008255
Loss : 6.803939
Loss : 6.217058
Loss : 7.167786
Loss : 6.907344
Loss : 6.429298
Loss : 6.494780
Loss : 6.868946
Loss : 6.635272
Loss : 6.764934
Loss : 7.062163
Loss : 6.260633
Loss : 7.040326
Loss : 6.812207
Loss : 6.658685
Loss : 6.685848
Loss : 6.787834
Loss : 6.783593
Loss : 6.103272
Loss : 7.017246
Loss : 6.924288
Loss : 6.733367
Loss : 6.342373
Loss : 7.285555
Loss : 6.590775
Loss : 6.677127
Loss : 6.846866
Loss : 7.374380
Loss : 7.064233
Loss : 7.149767
Loss : 6.837069
Loss : 6.892326
Loss : 7.142946
Loss : 7.051841
Loss : 7.009930
Loss : 7.265359
Loss : 6.077546
Loss : 6.732909
Loss : 7.009321
Loss : 6.908081
Loss : 6.314368
Loss : 8.369984
Loss : 8.034932
Loss : 5.888436
Loss : 8.081295
Loss : 7.978051
Loss : 7.109671
Loss : 5.743454
Loss : 5.659329
Loss : 6.365468
Loss : 6.481289
Loss : 6.007589
Loss : 6.768905
Loss : 6.966113
Loss : 6.905701
Loss : 6.986414
Loss : 6.886690
Loss : 7.084979
Loss : 7.050686
Loss : 6.974770
Loss : 6.865110
Loss : 6.337057
Loss : 6.856311
Loss : 6.827294
Loss : 6.682861
Loss : 7.034532
Loss : 6.626668
Loss : 6.968506
Loss : 6.534806
Loss : 6.997532
Loss : 7.549691
Loss : 7.512779
Loss : 7.079800
Loss : 6.618372
Loss : 6.824944
Loss : 6.881757
Loss : 7.089109
Loss : 6.906545
Loss : 7.039824
Loss : 7.064296
Loss : 6.893400
Loss : 6.832740
Loss : 6.939413
Loss : 6.909430
Loss : 6.887049
Loss : 7.234911
Loss : 6.907240
Loss : 6.718951
Loss : 6.820099
Loss : 7.018609
Loss : 7.061181
Loss : 7.217206
Loss : 7.221447
Loss : 7.377629
Loss : 7.093022
Loss : 6.815506
Loss : 6.579114
Loss : 7.319860
Loss : 7.130410
Loss : 6.075403
Loss : 6.490596
Loss : 6.950299
Loss : 6.908214
Loss : 5.690683
Loss : 6.812577
Loss : 6.713959
Loss : 6.942196
Loss : 6.837172
Loss : 6.800644
Loss : 6.699670
Loss : 7.065753
Loss : 6.940060
Loss : 7.137675
Loss : 6.667996
Loss : 6.743243
Loss : 6.883701
Loss : 6.925092
Loss : 6.824242
Loss : 6.865100
Loss : 6.876939
Loss : 7.028701
Loss : 6.866360
Loss : 6.588095
Loss : 6.884890
Loss : 6.722216
Loss : 6.625709
Loss : 6.840593
Loss : 6.639144
Loss : 6.788522
Loss : 6.835869
Loss : 7.114727
Loss : 6.593121
Loss : 6.497272
Loss : 6.819229
Loss : 6.890528
Loss : 6.744098
Loss : 6.820806
Loss : 6.846407
Loss : 6.788164
Loss : 6.767246
Loss : 7.216112
Loss : 7.016956
Loss : 6.883400
Loss : 6.743804
Loss : 6.920713
Loss : 6.951481
Loss : 6.745719
Loss : 7.340625
Loss : 6.977307
Loss : 6.999642
Loss : 6.992401
Loss : 6.655288
Loss : 6.835372
Loss : 6.795858
Loss : 6.334597
Loss : 6.309178
Loss : 6.509978
Loss : 6.198901
Loss : 6.587633
Loss : 6.423716
Loss : 6.169956
Loss : 6.445803
Loss : 7.108941
Loss : 6.850700
Loss : 6.822656
Loss : 6.328408
Loss : 6.379253
Loss : 6.317724
Loss : 6.151483
Loss : 6.489915
Loss : 6.609632
Loss : 6.330313
Loss : 6.357287
Loss : 5.919574
Loss : 6.726230
Loss : 7.027570
Loss : 7.010151
Loss : 6.905142
Loss : 6.972287
Loss : 6.912688
Loss : 6.861627
Loss : 7.119859
Loss : 7.058812
Loss : 6.869763
Loss : 6.627753
Loss : 6.905419
Loss : 7.149713
Loss : 6.894812
Loss : 6.839602
Loss : 6.901172
Loss : 7.065717
Loss : 6.792843
Loss : 6.997875
Loss : 6.669314
Loss : 5.726216
Loss : 6.962984
Loss : 6.723760
Loss : 6.821147
Loss : 7.056713
Loss : 7.299949
Loss : 6.445448
Loss : 7.003404
Loss : 6.889430
Loss : 7.090440
Loss : 6.996257
Loss : 7.141580
Loss : 5.862744
Loss : 6.745207
Loss : 6.709402
Loss : 6.772263
Loss : 6.909084
Loss : 6.840872
Loss : 6.405506
Loss : 6.786872
Loss : 7.158293
Loss : 6.888205
Loss : 6.855082
Loss : 7.333443
Loss : 7.058772
Loss : 6.852931
Loss : 6.810419
Loss : 7.078951
Loss : 6.958652
Loss : 6.722845
Loss : 6.727906
Loss : 7.346568
Loss : 6.274298
Loss : 6.346284
Loss : 6.900160
Loss : 6.871330
Loss : 6.970652
Loss : 6.997385
Loss : 6.962552
Loss : 6.608354
Loss : 7.243035
Loss : 7.048245
Loss : 6.772029
Loss : 6.951327
Loss : 6.943966
Loss : 7.084032
Loss : 6.961041
Loss : 6.672978
Loss : 6.692537
Loss : 7.119481
Loss : 7.272362
Loss : 6.784563
Loss : 7.131667
Loss : 6.985403
Loss : 6.843064
Loss : 7.049124
Loss : 6.279004
Loss : 6.647708
Loss : 6.975233
Loss : 6.856098
Loss : 7.123541
Loss : 7.030450
Loss : 6.886555
Loss : 7.198727
Loss : 6.986101
Loss : 7.285195
Loss : 6.966328
Loss : 6.952008
Loss : 7.050777
Loss : 7.324646
Loss : 6.866501
Loss : 6.980844
Loss : 6.970395
Loss : 6.239385
Loss : 6.789217
Loss : 6.965571
Loss : 7.035486
Loss : 7.106960
Loss : 6.674999
Loss : 7.167625
Loss : 7.188942
Loss : 6.506643
Loss : 6.832634
Loss : 6.908264
Loss : 6.532818
Loss : 6.842270
Loss : 6.949016
Loss : 7.076271
Loss : 6.936310
Loss : 7.169557
Loss : 6.708633
Loss : 6.781288
Loss : 6.643805
Loss : 6.900990
Loss : 6.837186
Loss : 7.196164
Loss : 7.010301
Loss : 6.823617
Loss : 7.022672
Loss : 7.184979
Loss : 7.057150
Loss : 6.878093
Loss : 7.235362
Loss : 6.778038
Loss : 7.102932
Loss : 6.665299
Loss : 6.878073
Loss : 6.910729
Loss : 6.972844
Loss : 6.932927
Loss : 7.047517
Loss : 6.797071
Loss : 6.974952
Loss : 6.783693
Loss : 6.937700
Loss : 6.898624
Loss : 7.028310
Loss : 7.195789
Loss : 7.054379
Loss : 6.933976
Loss : 6.941284
Loss : 6.592487
Loss : 5.922663
Loss : 7.136167
Loss : 7.324046
Loss : 6.872673
Loss : 7.180700
Loss : 7.018526
Loss : 6.860394
Loss : 6.659752
Loss : 6.464047
Loss : 6.567063
Loss : 6.479854
Loss : 7.086979
Loss : 6.924115
Loss : 7.245185
Loss : 6.766370
Loss : 6.607281
Loss : 6.918273
Loss : 6.662120
Loss : 6.879651
Loss : 6.638786
Loss : 6.634950
Loss : 6.630280
Loss : 6.519154
Loss : 6.987736
Loss : 6.644587
Loss : 6.515814
Loss : 6.800016
Loss : 6.939188
Loss : 7.171860
Loss : 6.838886
Loss : 6.745459
Loss : 6.453305
Loss : 6.580870
Loss : 6.800594
Loss : 6.542055
Loss : 6.198211
Loss : 6.679702
Loss : 6.354472
Loss : 6.556554
Loss : 6.634881
Loss : 6.446706
Loss : 7.074863
Loss : 7.082323
Loss : 6.802260
Loss : 6.983211
Loss : 6.570244
Loss : 6.783406
Loss : 6.827406
Loss : 6.961163
Loss : 7.230995
Loss : 7.238268
Loss : 7.056142
Loss : 6.828941
Loss : 6.882437
Loss : 6.697989
Loss : 6.307542
Loss : 6.864617
Loss : 6.771428
Loss : 6.885157
Loss : 7.279623
Loss : 7.136479
Loss : 6.804841
Loss : 7.095052
Loss : 6.746991
Loss : 6.900010
Loss : 6.705081
Loss : 6.684448
Loss : 6.943619
Loss : 7.129163
Loss : 7.058528
Loss : 6.818099
Loss : 6.848277
Loss : 7.009712
Loss : 7.280307
Loss : 6.312577
Loss : 6.740402
Loss : 7.157755
Loss : 6.731832
Loss : 6.820661
Loss : 7.075919
Loss : 7.105575
Loss : 6.662264
Loss : 6.830974
Loss : 7.129447
Loss : 6.926824
Loss : 6.861262
Loss : 6.936407
Loss : 6.493868
Loss : 6.565360
Loss : 6.669617
Loss : 7.056638
Loss : 7.121102
Loss : 7.081386
Loss : 6.673751
Loss : 6.755226
Loss : 6.135378
Loss : 6.608215
Loss : 6.800933
Loss : 7.146371
Loss : 5.487120
Loss : 6.589039
Loss : 6.924498
Loss : 6.930164
Loss : 6.385671
Loss : 6.922223
Loss : 7.131381
Loss : 6.953855
Loss : 6.872134
Loss : 6.765777
Loss : 7.220911
Loss : 6.818085
Loss : 7.095879
Loss : 6.802405
Loss : 6.522118
Loss : 6.592566
Loss : 6.825977
Loss : 6.728434
Loss : 6.472539
Loss : 7.061863
Loss : 6.670404
Loss : 6.952995
Loss : 6.674772
Loss : 6.757058
Loss : 6.689119
Loss : 6.460156
Loss : 6.864606
Loss : 6.825348
Loss : 6.673309
Loss : 6.561538
Loss : 6.810961
Loss : 5.668711
Loss : 6.401287
Loss : 6.434442
Loss : 6.817305
Loss : 6.750161
Loss : 7.034497
Loss : 6.966383
Loss : 7.092210
Loss : 6.893628
Loss : 7.079627
Loss : 6.823097
Loss : 7.030840
Loss : 7.183226
Loss : 6.801768
Loss : 5.766056
Loss : 6.717217
Loss : 6.660942
Loss : 6.547941
Loss : 6.995667
Loss : 6.565060
Loss : 6.654155
Loss : 7.085299
Loss : 6.745978
Loss : 7.095777
Loss : 6.916673
Loss : 6.873858
Loss : 6.646017
Loss : 7.268235
Loss : 7.070507
Loss : 6.682200
Loss : 6.671029
Loss : 6.882110
Loss : 6.954623
Loss : 6.740530
Loss : 6.196787
Loss : 6.496777
Loss : 6.979400
Loss : 7.093194
Loss : 7.058642
Loss : 7.140855
Loss : 6.961204
Loss : 7.265926
Loss : 7.238836
Loss : 7.006056
Loss : 6.687085
Loss : 6.451406
Loss : 6.445116
Loss : 7.195623
Loss : 7.042078
Loss : 7.194533
Loss : 6.673130
Loss : 6.919210
Loss : 6.781693
Loss : 6.620153
Loss : 7.083113
Loss : 6.862557
Loss : 7.170017
Loss : 6.850834
Loss : 6.746535
Loss : 6.599575
Loss : 6.727849
Loss : 6.978436
Loss : 6.730791
Loss : 6.731168
Loss : 6.598395
Loss : 6.744763
Loss : 6.907469
Loss : 6.914712
Loss : 7.228490
Loss : 6.878518
Loss : 6.882512
Loss : 6.715758
Loss : 6.535536
Loss : 6.740954
Loss : 6.813156
Loss : 6.627005
Loss : 6.747831
Loss : 6.793881
Loss : 6.903503
Loss : 7.095644
Loss : 6.691815
Loss : 6.851721
Loss : 7.100008
Loss : 6.993402
Loss : 6.866537
Loss : 7.008098
Loss : 7.175550
Loss : 7.116701
Loss : 6.610212
Loss : 7.170928
Loss : 6.646421
Loss : 7.019880
Loss : 6.848596
Loss : 7.122582
Loss : 6.997438
Loss : 7.119745
Loss : 6.317702
Loss : 7.041861
Loss : 6.902927
Loss : 6.819751
Loss : 7.025260
Loss : 6.960774
Loss : 6.386431
Loss : 6.276897
Loss : 7.242259
Loss : 7.179523
Loss : 6.987155
Loss : 7.152672
Loss : 6.859835
Loss : 6.478366
Loss : 6.402560
Loss : 6.919628
Loss : 6.782808
Loss : 6.846128
Loss : 6.904371
Loss : 6.757773
Loss : 7.161400
Loss : 7.134334
Loss : 6.990653
Loss : 7.054172
Loss : 6.976885
Loss : 6.936352
Loss : 6.937869
Loss : 6.964491
Loss : 6.756640
Loss : 6.726426
Loss : 7.010830
Loss : 6.652257
Loss : 6.958515
Loss : 6.942471
Loss : 6.557091
Loss : 6.797525
Loss : 6.787794
Loss : 6.610046
Loss : 6.910889
Loss : 7.174292
Loss : 6.691723
Loss : 7.243496
Loss : 6.956628
Loss : 6.255132
Loss : 6.872102
Loss : 6.555045
Loss : 6.749383
Loss : 7.131363
Loss : 7.070446
Loss : 6.825819
Loss : 6.546025
Loss : 6.762429
Loss : 6.767165
Loss : 6.621794
Loss : 6.494346
Loss : 6.545700
Loss : 6.627882
Loss : 6.307179
Loss : 6.165118
Loss : 6.369746
Loss : 6.404163
Loss : 6.470107
Loss : 5.963576
Loss : 6.333042
Loss : 6.847593
Loss : 7.143054
Loss : 7.129846
Loss : 6.718440
Loss : 6.949723
Loss : 6.754031
Loss : 6.770821
Loss : 6.803320
Loss : 6.679601
Loss : 6.249734
Loss : 6.558733
Loss : 7.050129
Loss : 6.987426
Loss : 6.775804
Loss : 6.160912
Loss : 6.592161
Loss : 6.680046
Loss : 7.015085
Loss : 6.885763
Loss : 6.770859
Loss : 7.014290
Loss : 6.930422
Loss : 6.740039
Loss : 6.938129
Loss : 6.845543
Loss : 6.511561
Loss : 6.827330
Loss : 7.137880
Loss : 6.728727
Loss : 6.718159
Loss : 6.763706
Loss : 6.912776
Loss : 6.719802
Loss : 6.710717
Loss : 6.777582
Loss : 6.937131
Loss : 6.886643
Loss : 7.046784
Loss : 6.955270
Loss : 6.760424
Loss : 7.063373
Loss : 6.958630
Loss : 6.625210
Loss : 6.442054
Loss : 7.338888
Loss : 6.951057
Loss : 7.225093
Loss : 7.180667
Loss : 6.865977
Loss : 7.192265
Loss : 6.855773
Loss : 6.990424
Loss : 6.814649
Loss : 7.012862
Loss : 7.049296
Loss : 6.257903
Loss : 6.244035
Loss : 6.872059
Loss : 6.455646
Loss : 7.003696
Loss : 6.938865
Loss : 6.649716
Loss : 6.265929
Loss : 6.688294
Loss : 4.369492
Loss : 4.403394
Loss : 6.654519
Loss : 6.846764
Loss : 6.422750
Loss : 6.838257
Loss : 6.956096
Loss : 6.935275
Loss : 6.872894
Loss : 6.767193
Loss : 6.667444
Loss : 6.698255
Loss : 6.931315
Loss : 6.784212
Loss : 6.917474
Loss : 6.856809
Loss : 7.521840
Loss : 6.912006
Loss : 6.978344
Loss : 7.148211
Loss : 6.625148
Loss : 6.967463
Loss : 6.614611
Loss : 6.693879
Loss : 6.790463
Loss : 6.869660
Loss : 6.205761
Loss : 6.874127
Loss : 6.738116
Loss : 6.664380
Loss : 7.183729
Loss : 6.964985
Loss : 6.698568
Loss : 7.169190
Loss : 6.967575
Loss : 6.928881
Loss : 6.645881
Loss : 6.590178
Loss : 6.280815
Loss : 7.147126
Loss : 7.072266
Loss : 6.555636
Loss : 6.873809
Loss : 6.768499
Loss : 6.537782
Loss : 7.160105
Loss : 7.091067
Loss : 6.907776
Loss : 6.989781
Loss : 7.030945
Loss : 6.923484
Loss : 6.910627
Loss : 6.907818
Loss : 6.814934
Loss : 6.525158
Loss : 6.184921
Loss : 7.098143
Loss : 6.487295
Loss : 7.134786
Loss : 6.840014
Loss : 6.467706
Loss : 6.019233
Loss : 6.721120
Loss : 7.180018
Loss : 6.925096
Loss : 6.941886
Loss : 6.894856
Loss : 7.255425
Loss : 6.790577
Loss : 6.488323
Loss : 6.286446
Loss : 6.293542
Loss : 6.715266
Loss : 6.885811
Loss : 6.785095
Loss : 7.118108
Loss : 7.008271
Loss : 6.738669
Loss : 7.056005
Loss : 6.957080
Loss : 6.832208
Loss : 7.131298
Loss : 6.890233
Loss : 6.775525
Loss : 6.996329
Loss : 6.869554
Loss : 6.791038
Loss : 6.821081
Loss : 6.994862
Loss : 6.475999
Loss : 6.713009
Loss : 6.847880
Loss : 6.521033
Loss : 6.396347
Loss : 6.868738
Loss : 6.553747
Loss : 6.335998
Loss : 6.497528
Loss : 6.412716
Loss : 6.400699
Loss : 6.413286
Loss : 6.965583
Loss : 6.940845
Loss : 6.690590
Loss : 6.750939
Loss : 7.153873
Loss : 7.168242
Loss : 6.130824
Loss : 5.892804
Loss : 5.579231
Loss : 5.729972
Loss : 5.968228
Loss : 5.458838
Loss : 6.102832
Loss : 5.985042
Loss : 5.940943
Loss : 5.977593
Loss : 5.627587
Loss : 5.545027
Loss : 5.797216
Loss : 5.983094
Loss : 6.540842
Loss : 6.441581
Loss : 6.581792
Loss : 5.515334
Loss : 5.741203
Loss : 5.468200
Loss : 7.049468
Loss : 5.793804
Loss : 5.989055
Loss : 6.107281
Loss : 5.646955
Loss : 6.035909
Loss : 6.426760
Loss : 5.651120
Loss : 7.044601
Loss : 6.512354
Loss : 6.506608
Loss : 6.414530
Loss : 6.712408
Loss : 6.807205
Loss : 4.980780
Loss : 5.050111
Loss : 6.531964
Loss : 6.520792
Loss : 6.845518
Loss : 6.157458
Loss : 6.546132
Loss : 7.010629
Loss : 6.891822
Loss : 6.787262
Loss : 6.953345
Loss : 6.523328
Loss : 6.260667
Loss : 6.302007
Loss : 6.824107
Loss : 7.139547
Loss : 6.639992
Loss : 6.097806
Loss : 6.067943
Loss : 6.497984
Loss : 6.724894
Loss : 6.826090
Loss : 5.792665
Loss : 6.475317
Loss : 7.026659
Loss : 6.626527
Loss : 6.138544
Loss : 5.561885
Loss : 5.549224
Loss : 6.840942
Loss : 6.285535
Loss : 6.623162
Loss : 6.977819
Loss : 5.978578
Loss : 7.034937
Loss : 6.384554
Loss : 5.791381
Loss : 6.792967
Loss : 6.813976
Loss : 6.886022
Loss : 6.257118
Loss : 6.883647
Loss : 6.584161
Loss : 6.734811
Loss : 5.430319
Loss : 6.759694
Loss : 6.835556
Loss : 5.951977
Loss : 6.723531
Loss : 6.998719
Loss : 6.951112
Loss : 6.812142
Loss : 6.544498
Loss : 6.723164
Loss : 6.639081
Loss : 6.496805
Loss : 6.714193
Loss : 6.869220
Loss : 6.848721
Loss : 6.938899
Loss : 6.840380
Loss : 6.788993
Loss : 6.660216
Loss : 6.571159
Loss : 6.018671
Loss : 6.901748
Loss : 5.899312
Loss : 6.815865
Loss : 6.439796
Loss : 6.781005
Loss : 6.878180
Loss : 7.031288
Loss : 6.725828
Loss : 6.851940
Loss : 6.821928
Loss : 6.926941
Loss : 6.939479
Loss : 6.849011
Loss : 7.085855
Loss : 6.714240
Loss : 6.904115
Loss : 6.774747
Loss : 6.907082
Loss : 6.754205
Loss : 6.600880
Loss : 6.786849
Loss : 6.841230
Loss : 6.853719
Loss : 6.804649
Loss : 6.855983
Loss : 6.819446
Loss : 6.649366
Loss : 6.985125
Loss : 6.728080
Loss : 6.662127
Loss : 6.582923
Loss : 6.995838
Loss : 6.901620
Loss : 6.906638
Loss : 7.027073
Loss : 6.731645
Loss : 6.557762
Loss : 6.825442
Loss : 6.867946
Loss : 6.815629
Loss : 6.435717
Loss : 6.808703
Loss : 6.634582
Loss : 6.833476
Loss : 6.801425
Loss : 6.485750
Loss : 7.146938
Loss : 6.423822
Loss : 6.952026
Loss : 7.152833
Loss : 6.644562
Loss : 6.642444
Loss : 6.932023
Loss : 6.820345
Loss : 6.654594
Loss : 6.616683
Loss : 6.695461
Loss : 6.872320
Loss : 6.787298
Loss : 7.099162
Loss : 6.829336
Loss : 7.065979
Loss : 6.837567
Loss : 7.037990
Loss : 6.937951
Loss : 6.713235
Loss : 6.907044
Loss : 6.994463
Loss : 6.798828
Loss : 6.577792
Loss : 6.515532
Loss : 6.204333
Loss : 6.242820
Loss : 6.315600
Loss : 6.333040
Loss : 6.277249
Loss : 6.464139
Loss : 6.952591
Loss : 7.020155
Loss : 6.780217
Loss : 6.074661
Loss : 6.986936
Loss : 6.581229
Loss : 6.779183
Loss : 6.954515
Loss : 6.847178
Loss : 6.836532
Loss : 6.921590
Loss : 6.815921
Loss : 6.819835
Loss : 6.892755
Loss : 6.746929
Loss : 6.836248
Loss : 6.577197
Loss : 6.623559
Loss : 6.792665
Loss : 6.968165
Loss : 6.840374
Loss : 6.861670
Loss : 7.264638
Loss : 6.931938
Loss : 6.950800
Loss : 7.018401
Loss : 6.771194
Loss : 6.930753
Loss : 6.786719
Loss : 6.699545
Loss : 6.956353
Loss : 6.888924
Loss : 6.629454
Loss : 7.025376
Loss : 6.900593
Loss : 7.030355
Loss : 7.258417
Loss : 6.883805
Loss : 6.737592
Loss : 6.948959
Loss : 6.893807
Loss : 6.603186
Loss : 7.235955
Loss : 6.865595
Loss : 6.904849
Loss : 6.599530
Loss : 6.805495
Loss : 6.887685
Loss : 6.915130
Loss : 6.689856
Loss : 7.054592
Loss : 7.307397
Loss : 6.860307
Loss : 6.955138
Loss : 7.087378
Loss : 7.065516
Loss : 7.170024
Loss : 6.838378
Loss : 7.172821
Loss : 7.151487
Loss : 6.690181
Loss : 6.894136
Loss : 7.002468
Loss : 6.747192
Loss : 6.919474
Loss : 7.009724
Loss : 7.209966
Loss : 6.898941
Loss : 6.856182
Loss : 7.009865
Loss : 7.289035
Loss : 6.920218
Loss : 7.078276
Loss : 6.881355
Loss : 7.198388
Loss : 7.071385
Loss : 6.853659
Loss : 7.120851
Loss : 6.282497
Loss : 6.728228
Loss : 6.770693
Loss : 6.703300
Loss : 7.098486
Loss : 6.721975
Loss : 6.666637
Loss : 6.983383
Loss : 6.929362
Loss : 7.097139
Loss : 6.936458
Loss : 6.656262
Loss : 6.923692
Loss : 7.039257
Loss : 6.751357
Loss : 6.865715
Loss : 6.927207
Loss : 6.940788
Loss : 6.942043
Loss : 6.964390
Loss : 6.799265
Loss : 6.706762
Loss : 6.988786
Loss : 6.653414
Loss : 6.881951
Loss : 7.164636
Loss : 7.002066
Loss : 6.840256
Loss : 6.985562
Loss : 7.041560
Loss : 6.684041
Loss : 7.077662
Loss : 7.010878
Loss : 6.785957
Loss : 6.787200
Loss : 6.995230
Loss : 6.684599
Loss : 6.838878
Loss : 6.508944
Loss : 6.934820
Loss : 7.100466
Loss : 6.710944
Loss : 7.000710
Loss : 6.779284
Loss : 6.614781
Loss : 6.901443
Loss : 6.870312
Loss : 7.142993
Loss : 6.755574
Loss : 6.855024
Loss : 6.763988
Loss : 7.075550
Loss : 6.758364
Loss : 6.854509
Loss : 6.831785
Loss : 6.243493
Loss : 6.566821
Loss : 5.938553
Loss : 6.749566
Loss : 6.715864
Loss : 6.555757
Loss : 6.529541
Loss : 6.297071
Loss : 6.287017
Loss : 6.353937
Loss : 6.353756
Loss : 5.993886
Loss : 6.212521
Loss : 6.488730
Loss : 6.285963
Loss : 6.380520
Loss : 5.732157
Loss : 6.263754
Loss : 6.591030
Loss : 6.847406
Loss : 7.159599
Loss : 6.665751
Loss : 7.117981
Loss : 6.789571
Loss : 6.338754
Loss : 6.917438
Loss : 7.170761
Loss : 6.663930
Loss : 6.829847
Loss : 6.533082
Loss : 6.560902
Loss : 6.848591
Loss : 6.788502
Loss : 6.934572
Loss : 6.418458
Loss : 7.045990
Loss : 6.750645
Loss : 6.975231
Loss : 6.511615
Loss : 6.809952
Loss : 7.054959
Loss : 6.602367
Loss : 6.553155
Loss : 6.533220
Loss : 6.822346
Loss : 6.567547
Loss : 6.782884
Loss : 7.102340
Loss : 6.583483
Loss : 7.117368
Loss : 6.894633
Loss : 6.604448
Loss : 7.044795
Loss : 6.819091
Loss : 6.926439
Loss : 6.625931
Loss : 7.032439
Loss : 6.306114
Loss : 6.728080
Loss : 7.089351
Loss : 7.036388
Loss : 6.925229
Loss : 7.168776
Loss : 7.170937
Loss : 6.704609
Loss : 6.604535
Loss : 6.910444
Loss : 6.633184
Loss : 6.655740
Loss : 6.472695
Loss : 6.437999
Loss : 6.647310
Loss : 7.076093
Loss : 6.754241
Loss : 7.203431
Loss : 6.610130
Loss : 6.799115
Loss : 6.815939
Loss : 6.838424
Loss : 6.467041
Loss : 6.404492
Loss : 7.138275
Loss : 6.779198
Loss : 7.354819
Loss : 6.949407
Loss : 6.107901
Loss : 6.865582
Loss : 6.925787
Loss : 6.798708
Loss : 7.246947
Loss : 7.023392
Loss : 4.679559
Loss : 4.723656
Loss : 6.054563
Loss : 8.279229
Loss : 7.239395
Loss : 6.698322
Loss : 7.024773
Loss : 7.054561
Loss : 6.621711
Loss : 7.174429
Loss : 7.031824
Loss : 6.906789
Loss : 6.735408
Loss : 6.809515
Loss : 6.835448
Loss : 6.854755
Loss : 6.987300
Loss : 6.705174
Loss : 7.155610
Loss : 6.751128
Loss : 6.820885
Loss : 7.028873
Loss : 6.682637
Loss : 6.797614
Loss : 6.894512
Loss : 6.948258
Loss : 6.858955
Loss : 6.981728
Loss : 6.803404
Loss : 5.158036
Loss : 6.550246
Loss : 7.033417
Loss : 6.836511
Loss : 6.868848
Loss : 6.791530
Loss : 6.370338
Loss : 6.946200
Loss : 6.768461
Loss : 6.805132
Loss : 6.684864
Loss : 7.419646
Loss : 7.001024
Loss : 6.668116
Loss : 7.118021
Loss : 6.988514
Loss : 7.346345
Loss : 7.119192
Loss : 6.893460
Loss : 7.092892
Loss : 6.905997
Loss : 7.001868
Loss : 6.849310
Loss : 6.565269
Loss : 6.960557
Loss : 7.146556
Loss : 7.151690
Loss : 6.635350
Loss : 6.944147
Loss : 7.094142
Loss : 6.941474
Loss : 6.984890
Loss : 6.862315
Loss : 7.098948
Loss : 6.778119
Loss : 7.181556
Loss : 7.043349
Loss : 7.218362
Loss : 7.003373
Loss : 7.071609
Loss : 6.973759
Loss : 6.963372
Loss : 6.961107
Loss : 6.079245
Loss : 6.800450
Loss : 6.861193
Loss : 6.911189
Loss : 6.842096
Loss : 6.999062
Loss : 7.081387
Loss : 7.101144
Loss : 6.861822
Loss : 6.530927
Loss : 6.982603
Loss : 6.920867
Loss : 7.049061
Loss : 6.308729
Loss : 3.998735
Loss : 5.910567
Loss : 6.945698
Loss : 7.106745
Loss : 6.844248
Loss : 6.996666
Loss : 7.174662
Loss : 6.892510
Loss : 7.031842
Loss : 7.048248
Loss : 7.106096
Loss : 7.118796
Loss : 6.907176
Loss : 6.844390
Loss : 6.899078
Loss : 6.928469
Loss : 6.866924
Loss : 6.734488
Loss : 6.986103
Loss : 7.212386
Loss : 7.015068
Loss : 7.155697
Loss : 6.875375
Loss : 6.640599
Loss : 6.968983
Loss : 6.939529
Loss : 7.005730
Loss : 6.979593
Loss : 6.746726
Loss : 7.069948
Loss : 6.683328
Loss : 6.767835
Loss : 6.641257
Loss : 6.688466
Loss : 6.964740
Loss : 6.826764
Loss : 6.677406
Loss : 6.117856
Loss : 6.528051
Loss : 6.479350
Loss : 6.104794
Loss : 5.998344
Loss : 6.305752
Loss : 6.174240
Loss : 6.536990
Loss : 6.555945
Loss : 6.312024
Loss : 6.088935
Loss : 6.261269
Loss : 5.992218
Loss : 6.975641
Loss : 6.768291
Loss : 6.597257
Loss : 6.393111
Loss : 6.591401
Loss : 6.148186
Loss : 6.897425
Loss : 6.039482
Loss : 6.517138
Loss : 6.605109
Loss : 6.236689
Loss : 6.614350
Loss : 5.970790
Loss : 6.059820
Loss : 6.447946
Loss : 6.407357
Loss : 6.196886
Loss : 6.154186
Loss : 6.095928
Loss : 5.986428
Loss : 6.409104
Loss : 5.950770
Loss : 7.009370
Loss : 7.124232
Loss : 7.223349
Loss : 7.116825
Loss : 6.801018
Loss : 6.529114
Loss : 6.975082
Loss : 6.668266
Loss : 6.070832
Loss : 5.840353
Loss : 5.883396
Loss : 5.681772
Loss : 6.704628
Loss : 6.884915
Loss : 7.057679
Loss : 6.767305
Loss : 7.134824
Loss : 6.944318
Loss : 6.923130
Loss : 6.790486
Loss : 6.604732
Loss : 7.003322
Loss : 6.888044
Loss : 7.013498
Loss : 6.721383
Loss : 6.969573
Loss : 6.314719
Loss : 6.672375
Loss : 6.749407
Loss : 6.570402
Loss : 6.482467
Loss : 6.510325
Loss : 6.699645
Loss : 6.975256
Loss : 6.884392
Loss : 6.168349
Loss : 6.757635
Loss : 6.632539
Loss : 6.862770
Loss : 6.791604
Loss : 7.109557
Loss : 7.232814
Loss : 7.062550
Loss : 6.862232
Loss : 6.453376
Loss : 6.867129
Loss : 6.872751
Loss : 6.954597
Loss : 6.649308
Loss : 6.855419
Loss : 6.635679
Loss : 6.682911
Loss : 7.190868
Loss : 6.665761
Loss : 6.715736
Loss : 6.926702
Loss : 6.640763
Loss : 6.997298
Loss : 6.870018
Loss : 6.898330
Loss : 6.463002
Loss : 6.381595
Loss : 6.150952
Loss : 5.654847
Loss : 6.624217
Loss : 7.066746
Loss : 7.010432
Loss : 6.815653
Loss : 6.520075
Loss : 5.631992
Loss : 5.636988
Loss : 7.104026
Loss : 6.324007
Loss : 6.302277
Loss : 6.352125
Loss : 5.896503
Loss : 6.537645
Loss : 6.610356
Loss : 7.075438
Loss : 6.914765
Loss : 6.768258
Loss : 7.089625
Loss : 7.056808
Loss : 7.214553
Loss : 6.997599
Loss : 6.754357
Loss : 6.926071
Loss : 6.773422
Loss : 7.065628
Loss : 6.535457
Loss : 6.997567
Loss : 6.825729
Loss : 6.308223
Loss : 6.710549
Loss : 6.604734
Loss : 6.533154
Loss : 6.674698
Loss : 6.453759
Loss : 6.785084
Loss : 6.627965
Loss : 6.745078
Loss : 6.741729
Loss : 6.833708
Loss : 7.023931
Loss : 6.222959
Loss : 7.000802
Loss : 7.044303
Loss : 7.028274
Loss : 6.390061
Loss : 6.918587
Loss : 7.205411
Loss : 7.086408
Loss : 7.023356
Loss : 7.051203
Loss : 6.814060
Loss : 6.572740
Loss : 6.662127
Loss : 7.155873
Loss : 7.046737
Loss : 7.215186
Loss : 7.145366
Loss : 6.949479
Loss : 6.962670
Loss : 6.626663
Loss : 7.277324
Loss : 6.973339
Loss : 6.731157
Loss : 6.694072
Loss : 6.905214
Loss : 6.838740
Loss : 7.044683
Loss : 6.922445
Loss : 7.006748
Loss : 6.871929
Loss : 6.298894
Loss : 6.391686
Loss : 6.688763
Loss : 6.370207
Loss : 7.027327
Loss : 6.935899
Loss : 7.010242
Loss : 6.791161
Loss : 7.109053
Loss : 7.186973
Loss : 6.907834
Loss : 6.982321
Loss : 7.294921
Loss : 6.633821
Loss : 6.303598
Loss : 6.623228
Loss : 6.783555
Loss : 6.504941
Loss : 6.879580
Loss : 7.246617
Loss : 6.453906
Loss : 6.907806
Loss : 7.000756
Loss : 7.048017
Loss : 6.062362
Loss : 6.005251
Loss : 6.987120
Loss : 7.093448
Loss : 6.736651
Loss : 6.509122
Loss : 5.964103
Loss : 6.969717
Loss : 6.535265
Loss : 6.374423
Loss : 7.112723
Loss : 6.970708
Loss : 6.561023
Loss : 6.606891
Loss : 6.727000
Loss : 7.158494
Loss : 7.223000
Loss : 6.620060
Loss : 6.481476
Loss : 6.119616
Loss : 7.029533
Loss : 6.262576
Loss : 7.008164
Loss : 6.004419
Loss : 6.056340
Loss : 6.306704
Loss : 5.838236
Loss : 7.109547
Loss : 6.858097
Loss : 6.723438
Loss : 6.721786
Loss : 6.842667
Loss : 7.267508
Loss : 7.140375
Loss : 6.939842
Loss : 6.626553
Loss : 7.061147
Loss : 6.851959
Loss : 6.823176
Loss : 7.242354
Loss : 7.106168
Loss : 4.546083
Loss : 3.974802
Loss : 6.857728
Loss : 6.570731
Loss : 7.232856
Loss : 6.514613
Loss : 6.801842
Loss : 6.932932
Loss : 6.876874
Loss : 6.685269
Loss : 6.649987
Loss : 6.608399
Loss : 6.828021
Loss : 7.086957
Loss : 7.002203
Loss : 7.081323
Loss : 6.985227
Loss : 6.641880
Loss : 7.028569
Loss : 6.911329
Loss : 7.408534
Loss : 6.820134
Loss : 6.887227
Loss : 7.409002
Loss : 6.153194
Loss : 7.052238
Loss : 5.756044
Loss : 6.348871
Loss : 6.762955
Loss : 6.807900
Loss : 7.080034
Loss : 7.105860
Loss : 6.981599
Loss : 6.957165
Loss : 6.971399
Loss : 6.667081
Loss : 6.958042
Loss : 6.775937
Loss : 6.933715
Loss : 6.986420
Loss : 6.835717
Loss : 6.668533
Loss : 6.896416
Loss : 6.677133
Loss : 6.734086
Loss : 6.665647
Loss : 7.221834
Loss : 6.903982
Loss : 6.914306
Loss : 6.907246
Loss : 7.054594
Loss : 6.919809
Loss : 7.249068
Loss : 6.936482
Loss : 7.111854
Loss : 6.794535
Loss : 6.827328
Loss : 6.980174
Loss : 7.255598
Loss : 6.956245
Loss : 6.965298
Loss : 7.064621
Loss : 7.076126
Loss : 7.071280
Loss : 6.992048
Loss : 7.019527
Loss : 6.845522
Loss : 6.794965
Loss : 7.253513
Loss : 7.345111
Loss : 7.147074
Loss : 7.116542
Loss : 7.310122
Loss : 7.059552
Loss : 7.181029
Loss : 6.816030
Loss : 7.200291
Loss : 6.790654
Loss : 6.783696
Loss : 6.785374
Loss : 6.708036
Loss : 6.658594
Loss : 6.997789
Loss : 7.006966
Time Elapsed for Training 08:54:59
word2vec.py:18: UserWarning: To copy construct from a tensor, it is recommended to use sourceTensor.clone().detach() or sourceTensor.clone().detach().requires_grad_(True), rather than torch.tensor(sourceTensor).
  embedding = torch.tensor(embedding)
word2vec.py:45: UserWarning: To copy construct from a tensor, it is recommended to use sourceTensor.clone().detach() or sourceTensor.clone().detach().requires_grad_(True), rather than torch.tensor(sourceTensor).
  x_vector = torch.tensor(x_vector)
Questions = 17827, Correct Questions = 2203, Hitting Rate = 12.3577
Time Elapsed for Validaiton 02:58:36
