loading...
preprocessing...
Gram Size before hashing :  376060
Gram Size after hashing :  344293
build training set...
Vocabulary size
71291

# of training samples
167188440

Time Elapsed for Subsampling 00:01:02

Training Set before Subsampling : 167188440
Number of discard : 40776220
Training Set after Subsampling : 126412220
Loss : 12.501758
Loss : 7.846511
Loss : 6.225733
Loss : 5.072010
Loss : 4.356437
Loss : 3.992775
Loss : 3.631709
Loss : 3.657970
Loss : 3.488540
Loss : 3.102684
Loss : 3.241828
Loss : 3.102921
Loss : 3.176188
Loss : 3.177848
Loss : 3.148008
Loss : 3.085911
Loss : 3.003416
Loss : 2.848896
Loss : 2.991939
Loss : 2.946687
Loss : 3.007514
Loss : 2.939872
Loss : 2.965422
Loss : 2.660893
Loss : 2.885924
Loss : 2.922647
Loss : 2.823646
Loss : 2.800086
Loss : 2.949675
Loss : 2.524492
Loss : 2.904422
Loss : 2.835444
Loss : 2.759803
Loss : 2.768426
Loss : 2.751962
Loss : 2.920399
Loss : 2.970878
Loss : 2.898002
Loss : 2.820483
Loss : 2.834000
Loss : 2.825068
Loss : 2.715613
Loss : 2.754001
Loss : 2.662684
Loss : 2.600394
Loss : 2.597315
Loss : 2.397793
Loss : 2.759309
Loss : 2.831505
Loss : 2.770779
Loss : 2.767464
Loss : 2.852356
Loss : 2.847310
Loss : 2.679131
Loss : 2.823410
Loss : 2.888094
Loss : 2.672984
Loss : 2.923436
Loss : 2.803745
Loss : 2.826886
Loss : 2.715783
Loss : 2.688382
Loss : 2.842888
Loss : 2.755614
Loss : 2.775012
Loss : 2.666699
Loss : 2.777438
Loss : 2.785844
Loss : 2.616483
Loss : 2.611913
Loss : 2.651735
Loss : 2.532872
Loss : 2.728608
Loss : 2.821583
Loss : 2.642137
Loss : 2.846255
Loss : 2.819975
Loss : 2.665936
Loss : 2.739771
Loss : 2.684763
Loss : 2.782442
Loss : 2.608385
Loss : 2.742388
Loss : 2.700552
Loss : 2.590669
Loss : 2.645643
Loss : 2.754445
Loss : 2.842574
Loss : 2.872580
Loss : 2.753116
Loss : 2.769893
Loss : 2.646093
Loss : 2.779731
Loss : 2.707899
Loss : 2.753402
Loss : 2.748998
Loss : 2.729586
Loss : 2.709930
Loss : 2.681165
Loss : 2.798710
Loss : 2.761024
Loss : 2.680933
Loss : 2.741856
Loss : 2.790978
Loss : 2.626763
Loss : 2.705481
Loss : 2.759885
Loss : 2.783847
Loss : 2.716069
Loss : 2.707909
Loss : 2.645126
Loss : 2.742174
Loss : 2.714975
Loss : 2.523039
Loss : 2.777848
Loss : 2.643635
Loss : 2.655963
Loss : 2.618937
Loss : 2.746059
Loss : 2.604049
Loss : 2.868126
Loss : 2.591310
Loss : 2.863198
Loss : 2.749737
Loss : 2.802100
Loss : 2.767624
Loss : 2.721092
Loss : 2.739311
Loss : 2.721213
Loss : 2.607335
Loss : 2.707271
Loss : 2.723895
Loss : 2.764645
Loss : 2.814587
Loss : 2.670339
Loss : 2.583075
Loss : 2.691192
Loss : 2.706062
Loss : 2.608364
Loss : 2.538423
Loss : 2.694702
Loss : 2.913125
Loss : 2.700329
Loss : 2.707823
Loss : 2.771662
Loss : 2.824854
Loss : 2.801843
Loss : 2.759562
Loss : 2.684787
Loss : 2.605180
Loss : 2.682600
Loss : 2.777343
Loss : 2.547222
Loss : 2.683217
Loss : 2.763484
Loss : 2.757061
Loss : 2.625785
Loss : 2.593454
Loss : 2.725212
Loss : 2.734825
Loss : 2.670411
Loss : 2.742203
Loss : 2.789872
Loss : 2.787444
Loss : 2.761574
Loss : 2.703059
Loss : 2.615761
Loss : 2.672747
Loss : 2.766243
Loss : 2.679094
Loss : 2.789498
Loss : 2.790542
Loss : 2.788141
Loss : 2.715377
Loss : 2.743510
Loss : 2.599732
Loss : 2.681112
Loss : 2.788479
Loss : 2.808238
Loss : 2.778802
Loss : 2.731572
Loss : 2.755139
Loss : 2.750623
Loss : 2.819910
Loss : 2.742598
Loss : 2.724987
Loss : 2.741982
Loss : 2.776661
Loss : 2.722098
Loss : 2.654379
Loss : 2.504777
Loss : 2.573151
Loss : 2.692399
Loss : 2.786382
Loss : 2.699620
Loss : 2.732066
Loss : 2.728886
Loss : 2.577062
Loss : 2.554743
Loss : 2.801259
Loss : 2.745025
Loss : 2.801987
Loss : 2.617785
Loss : 2.407004
Loss : 2.711972
Loss : 2.741732
Loss : 2.878801
Loss : 2.727414
Loss : 2.744364
Loss : 2.634325
Loss : 2.529770
Loss : 2.575927
Loss : 2.653785
Loss : 2.799790
Loss : 2.651582
Loss : 2.686620
Loss : 2.739841
Loss : 2.795350
Loss : 2.689237
Loss : 2.719360
Loss : 2.765053
Loss : 2.808453
Loss : 2.765384
Loss : 2.686655
Loss : 2.772433
Loss : 2.650014
Loss : 2.757114
Loss : 2.716499
Loss : 2.695457
Loss : 2.802038
Loss : 2.796674
Loss : 2.816759
Loss : 2.657372
Loss : 2.770296
Loss : 2.660990
Loss : 2.723950
Loss : 2.540420
Loss : 2.827788
Loss : 2.653669
Loss : 2.780358
Loss : 2.782755
Loss : 2.550078
Loss : 2.671318
Loss : 2.787344
Loss : 2.674986
Loss : 2.769972
Loss : 2.679583
Loss : 2.741487
Loss : 2.708404
Loss : 2.654229
Loss : 2.704998
Loss : 2.654223
Loss : 2.741971
Loss : 2.851128
Loss : 2.844665
Loss : 2.638613
Loss : 2.923671
Loss : 2.729875
Loss : 2.794391
Loss : 2.810106
Loss : 2.832887
Loss : 2.795830
Loss : 2.654349
Loss : 2.879771
Loss : 2.672123
Loss : 2.786170
Loss : 2.802110
Loss : 2.724904
Loss : 2.715743
Loss : 2.675946
Loss : 2.467647
Loss : 2.765410
Loss : 2.774521
Loss : 2.727452
Loss : 2.704334
Loss : 2.806987
Loss : 2.666183
Loss : 2.771020
Loss : 2.653370
Loss : 2.721125
Loss : 2.604365
Loss : 2.828483
Loss : 2.765335
Loss : 2.581371
Loss : 2.643705
Loss : 2.844564
Loss : 2.766802
Loss : 2.887677
Loss : 2.762846
Loss : 2.740692
Loss : 2.813319
Loss : 2.787088
Loss : 2.736520
Loss : 2.930241
Loss : 2.779007
Loss : 2.586182
Loss : 2.699151
Loss : 2.769957
Loss : 2.761859
Loss : 2.663159
Loss : 2.795149
Loss : 2.772504
Loss : 2.884155
Loss : 2.930549
Loss : 2.789685
Loss : 2.769368
Loss : 2.882884
Loss : 2.826526
Loss : 2.644187
Loss : 2.882051
Loss : 2.799434
Loss : 2.722956
Loss : 2.735707
Loss : 2.715524
Loss : 2.813952
Loss : 2.796172
Loss : 2.591653
Loss : 2.536584
Loss : 2.692214
Loss : 2.798488
Loss : 2.832145
Loss : 2.773412
Loss : 2.890541
Loss : 2.778006
Loss : 2.829092
Loss : 2.844962
Loss : 2.883875
Loss : 2.676768
Loss : 2.820648
Loss : 2.800181
Loss : 2.801629
Loss : 2.787484
Loss : 2.922517
Loss : 2.834688
Loss : 2.699344
Loss : 2.709668
Loss : 2.854679
Loss : 2.800755
Loss : 2.700526
Loss : 2.657530
Loss : 2.864410
Loss : 2.709492
Loss : 2.681358
Loss : 2.739906
Loss : 2.782613
Loss : 2.677538
Loss : 2.794145
Loss : 2.780514
Loss : 2.800394
Loss : 2.784272
Loss : 2.705566
Loss : 2.583939
Loss : 2.873949
Loss : 2.770973
Loss : 2.731801
Loss : 2.814667
Loss : 2.728381
Loss : 2.653015
Loss : 2.675116
Loss : 2.605494
Loss : 2.467334
Loss : 2.590200
Loss : 2.571300
Loss : 2.430987
Loss : 2.555460
Loss : 2.406800
Loss : 2.823702
Loss : 2.825475
Loss : 2.812126
Loss : 2.789693
Loss : 2.811991
Loss : 2.862190
Loss : 2.816185
Loss : 2.661370
Loss : 2.848233
Loss : 2.788380
Loss : 2.811439
Loss : 2.784290
Loss : 2.762913
Loss : 2.659336
Loss : 2.940409
Loss : 2.731685
Loss : 2.531761
Loss : 2.879462
Loss : 2.901497
Loss : 2.825824
Loss : 2.551432
Loss : 2.627429
Loss : 2.528297
Loss : 2.855762
Loss : 2.778113
Loss : 2.186798
Loss : 2.646402
Loss : 2.670829
Loss : 2.648738
Loss : 2.580243
Loss : 2.775520
Loss : 2.805297
Loss : 2.719629
Loss : 2.748555
Loss : 2.864300
Loss : 2.754974
Loss : 2.730578
Loss : 2.722791
Loss : 2.631566
Loss : 2.685744
Loss : 2.636922
Loss : 2.723304
Loss : 2.795237
Loss : 2.654053
Loss : 2.862359
Loss : 2.803091
Loss : 2.794470
Loss : 2.785174
Loss : 2.376074
Loss : 2.545804
Loss : 2.916025
Loss : 2.887413
Loss : 2.727175
Loss : 2.632453
Loss : 2.858816
Loss : 2.920609
Loss : 2.825410
Loss : 2.759905
Loss : 2.755486
Loss : 2.761544
Loss : 2.743089
Loss : 2.696215
Loss : 2.857628
Loss : 2.773401
Loss : 2.560223
Loss : 2.893374
Loss : 2.830802
Loss : 2.780771
Loss : 2.724738
Loss : 2.590089
Loss : 2.805794
Loss : 2.908105
Loss : 2.770016
Loss : 2.744438
Loss : 2.890572
Loss : 2.812615
Loss : 2.669367
Loss : 2.856289
Loss : 2.815038
Loss : 2.739423
Loss : 2.871772
Loss : 2.659494
Loss : 2.824202
Loss : 2.835240
Loss : 2.848726
Loss : 2.818426
Loss : 2.828831
Loss : 2.815111
Loss : 2.718808
Loss : 2.653822
Loss : 2.841726
Loss : 2.901534
Loss : 2.465748
Loss : 2.646519
Loss : 2.769160
Loss : 2.631537
Loss : 2.767820
Loss : 2.810678
Loss : 2.733746
Loss : 2.595712
Loss : 2.844987
Loss : 2.791841
Loss : 2.832861
Loss : 2.902499
Loss : 2.649536
Loss : 2.761023
Loss : 2.584483
Loss : 2.547427
Loss : 2.586745
Loss : 2.456680
Loss : 2.697491
Loss : 2.685399
Loss : 2.757995
Loss : 2.885116
Loss : 2.709656
Loss : 2.834083
Loss : 2.760102
Loss : 2.800476
Loss : 2.762319
Loss : 2.889755
Loss : 2.657325
Loss : 2.638114
Loss : 2.938248
Loss : 2.865125
Loss : 2.633452
Loss : 2.663870
Loss : 2.587662
Loss : 2.878344
Loss : 2.831802
Loss : 2.865272
Loss : 2.897282
Loss : 2.926980
Loss : 2.727753
Loss : 2.670883
Loss : 2.669616
Loss : 2.713684
Loss : 2.844045
Loss : 2.961978
Loss : 2.873076
Loss : 2.802614
Loss : 2.925881
Loss : 2.920594
Loss : 2.698919
Loss : 2.802555
Loss : 2.801314
Loss : 2.710610
Loss : 2.891168
Loss : 2.940524
Loss : 2.663690
Loss : 2.787554
Loss : 2.785268
Loss : 2.853696
Loss : 2.652415
Loss : 2.703643
Loss : 2.820937
Loss : 2.786421
Loss : 2.617693
Loss : 2.768505
Loss : 2.909488
Loss : 2.818183
Loss : 2.772315
Loss : 2.899402
Loss : 2.840044
Loss : 2.901160
Loss : 2.919802
Loss : 2.826338
Loss : 2.862171
Loss : 2.936203
Loss : 2.943642
Loss : 2.786837
Loss : 2.926343
Loss : 2.823630
Loss : 2.836118
Loss : 2.735705
Loss : 2.877690
Loss : 2.701140
Loss : 2.821824
Loss : 2.885167
Loss : 2.993381
Loss : 2.815939
Loss : 2.867917
Loss : 2.911245
Loss : 2.996699
Loss : 2.752150
Loss : 2.888726
Loss : 2.819714
Loss : 2.602163
Loss : 2.925366
Loss : 2.954378
Loss : 2.912606
Loss : 2.677750
Loss : 2.825526
Loss : 2.830108
Loss : 2.836651
Loss : 2.739193
Loss : 2.898147
Loss : 2.853490
Loss : 2.858006
Loss : 2.807178
Loss : 2.803472
Loss : 2.622219
Loss : 2.683413
Loss : 2.840695
Loss : 2.898886
Loss : 2.674688
Loss : 2.894774
Loss : 2.817730
Loss : 2.830339
Loss : 2.929337
Loss : 2.803947
Loss : 2.770828
Loss : 2.844305
Loss : 2.789022
Loss : 2.764712
Loss : 2.809451
Loss : 2.858153
Loss : 2.680203
Loss : 2.670290
Loss : 2.860226
Loss : 2.895649
Loss : 2.834217
Loss : 2.670459
Loss : 2.820059
Loss : 2.846821
Loss : 2.844454
Loss : 2.547412
Loss : 2.532311
Loss : 2.847901
Loss : 2.835364
Loss : 2.790223
Loss : 2.810559
Loss : 2.578406
Loss : 2.963025
Loss : 2.826123
Loss : 2.887442
Loss : 2.614204
Loss : 2.629962
Loss : 2.772219
Loss : 2.865492
Loss : 2.667695
Loss : 2.799489
Loss : 2.731454
Loss : 2.544494
Loss : 2.677252
Loss : 2.514147
Loss : 2.807510
Loss : 2.771993
Loss : 2.563106
Loss : 2.850054
Loss : 2.802286
Loss : 2.628087
Loss : 2.615949
Loss : 2.672945
Loss : 2.650503
Loss : 2.572684
Loss : 2.935458
Loss : 2.773466
Loss : 2.758995
Loss : 2.803461
Loss : 2.456840
Loss : 2.826768
Loss : 2.925889
Loss : 2.861104
Loss : 2.873508
Loss : 2.793579
Loss : 2.970248
Loss : 2.920425
Loss : 3.017018
Loss : 3.071816
Loss : 2.764122
Loss : 2.798665
Loss : 2.666380
Loss : 2.748583
Loss : 2.676449
Loss : 2.755258
Loss : 2.742922
Loss : 2.828302
Loss : 2.913758
Loss : 2.999300
Loss : 2.948079
Loss : 2.912587
Loss : 2.858886
Loss : 2.864004
Loss : 2.780233
Loss : 2.852262
Loss : 2.747629
Loss : 2.739320
Loss : 2.801394
Loss : 2.815732
Loss : 2.883312
Loss : 2.786056
Loss : 2.792813
Loss : 2.911099
Loss : 2.802991
Loss : 2.814321
Loss : 2.747775
Loss : 2.852797
Loss : 2.695731
Loss : 2.922254
Loss : 2.744216
Loss : 2.823548
Loss : 2.843532
Loss : 2.662330
Loss : 2.905037
Loss : 2.961613
Loss : 2.877315
Loss : 2.917971
Loss : 2.927067
Loss : 2.809806
Loss : 2.779182
Loss : 2.869150
Loss : 2.855953
Loss : 2.765807
Loss : 2.804929
Loss : 2.752974
Loss : 2.894652
Loss : 2.781838
Loss : 2.870934
Loss : 2.747785
Loss : 2.899242
Loss : 2.788949
Loss : 2.887313
Loss : 2.909667
Loss : 2.857552
Loss : 2.815966
Loss : 2.788615
Loss : 2.785097
Loss : 2.801940
Loss : 2.698605
Loss : 2.875175
Loss : 2.593913
Loss : 2.585110
Loss : 2.678662
Loss : 2.836205
Loss : 2.770358
Loss : 2.913195
Loss : 2.780084
Loss : 2.759505
Loss : 2.771225
Loss : 2.965688
Loss : 2.912741
Loss : 2.891627
Loss : 2.757918
Loss : 2.814847
Loss : 2.528462
Loss : 2.945881
Loss : 2.958541
Loss : 2.626407
Loss : 2.701341
Loss : 2.909196
Loss : 2.916824
Loss : 2.796209
Loss : 2.721595
Loss : 3.007189
Loss : 2.904891
Loss : 2.914355
Loss : 2.848965
Loss : 2.877027
Loss : 2.983983
Loss : 2.962331
Loss : 2.879622
Loss : 2.869279
Loss : 2.772065
Loss : 2.928433
Loss : 2.914887
Loss : 2.967494
Loss : 2.940929
Loss : 2.933247
Loss : 2.975973
Loss : 2.656176
Loss : 2.226292
Loss : 2.810776
Loss : 2.760109
Loss : 2.734877
Loss : 3.000738
Loss : 2.978012
Loss : 2.906757
Loss : 2.876073
Loss : 2.923990
Loss : 2.250145
Loss : 1.782283
Loss : 1.757242
Loss : 2.939921
Loss : 2.825007
Loss : 2.875893
Loss : 3.011145
Loss : 2.898989
Loss : 2.912714
Loss : 2.823902
Loss : 2.871587
Loss : 2.616823
Loss : 2.916845
Loss : 2.901054
Loss : 2.862890
Loss : 2.787451
Loss : 2.576279
Loss : 2.431803
Loss : 2.947346
Loss : 2.779885
Loss : 2.871453
Loss : 2.791248
Loss : 2.860469
Loss : 2.639245
Loss : 2.690618
Loss : 2.856258
Loss : 2.949377
Loss : 2.873293
Loss : 2.885338
Loss : 2.845237
Loss : 2.907330
Loss : 2.894683
Loss : 2.961815
Loss : 2.762051
Loss : 2.607768
Loss : 2.846705
Loss : 2.715492
Loss : 2.898557
Loss : 2.821182
Loss : 2.935991
Loss : 2.886080
Loss : 2.914735
Loss : 2.818085
Loss : 2.867928
Loss : 2.845876
Loss : 2.826804
Loss : 2.947777
Loss : 2.851399
Loss : 2.980546
Loss : 2.785963
Loss : 3.037891
Loss : 3.026618
Loss : 2.966698
Loss : 2.903017
Loss : 2.857570
Loss : 2.910823
Loss : 3.025174
Loss : 2.980399
Loss : 2.911325
Loss : 2.852224
Loss : 2.956854
Loss : 3.043572
Loss : 2.989588
Loss : 2.873735
Loss : 2.982738
Loss : 2.667085
Loss : 2.655693
Loss : 2.997635
Loss : 3.038652
Loss : 2.918634
Loss : 3.026821
Loss : 2.895417
Loss : 2.893171
Loss : 2.769760
Loss : 2.962202
Loss : 2.860244
Loss : 2.789958
Loss : 2.825690
Loss : 2.944456
Loss : 3.059114
Loss : 2.886720
Loss : 2.769472
Loss : 2.911786
Loss : 2.887933
Loss : 2.864685
Loss : 2.814734
Loss : 2.953326
Loss : 2.888670
Loss : 2.978283
Loss : 2.953731
Loss : 2.857800
Loss : 2.955738
Loss : 2.952518
Loss : 2.955692
Loss : 2.950503
Loss : 2.983735
Loss : 2.915784
Loss : 2.893117
Loss : 2.990303
Loss : 3.018127
Loss : 2.955246
Loss : 2.927940
Loss : 2.894088
Loss : 2.820616
Loss : 2.881288
Loss : 2.892043
Loss : 2.631092
Loss : 2.973394
Loss : 2.945266
Loss : 2.947190
Loss : 2.856430
Loss : 2.905820
Loss : 2.983366
Loss : 2.812309
Loss : 2.800521
Loss : 2.934650
Loss : 2.892193
Loss : 2.891895
Loss : 2.773453
Loss : 2.725283
Loss : 2.790797
Loss : 2.920736
Loss : 2.913382
Loss : 2.627371
Loss : 2.958535
Loss : 2.868657
Loss : 2.944527
Loss : 2.886528
Loss : 2.829425
Loss : 2.932558
Loss : 2.733432
Loss : 2.916917
Loss : 2.836399
Loss : 2.941424
Loss : 2.849771
Loss : 2.958634
Loss : 2.906377
Loss : 2.840298
Loss : 3.032600
Loss : 2.848033
Loss : 2.895139
Loss : 2.948250
Loss : 2.930729
Loss : 2.446141
Loss : 2.926139
Loss : 2.776669
Loss : 2.906868
Loss : 2.902475
Loss : 2.949347
Loss : 3.025734
Loss : 2.956878
Loss : 2.903342
Loss : 3.006786
Loss : 2.984835
Loss : 2.890125
Loss : 2.873870
Loss : 2.868463
Loss : 2.821822
Loss : 2.902646
Loss : 2.852401
Loss : 2.806976
Loss : 2.896637
Loss : 2.871797
Loss : 2.895827
Loss : 2.964760
Loss : 2.936345
Loss : 2.930841
Loss : 3.044242
Loss : 2.844795
Loss : 2.853387
Loss : 2.815119
Loss : 3.004730
Loss : 2.817613
Loss : 2.655043
Loss : 2.881741
Loss : 2.949178
Loss : 2.942700
Loss : 2.745642
Loss : 2.744214
Loss : 2.826042
Loss : 2.617334
Loss : 2.713180
Loss : 2.879253
Loss : 2.739534
Loss : 3.014315
Loss : 2.888076
Loss : 2.842282
Loss : 2.931599
Loss : 2.909454
Loss : 2.621369
Loss : 3.032519
Loss : 2.978616
Loss : 2.921723
Loss : 2.724058
Loss : 3.070899
Loss : 2.940128
Loss : 3.029437
Loss : 2.898016
Loss : 2.927904
Loss : 2.939816
Loss : 2.991082
Loss : 2.818591
Loss : 2.943469
Loss : 2.865887
Loss : 2.897680
Loss : 2.877340
Loss : 3.052188
Loss : 2.915490
Loss : 2.858622
Loss : 2.771667
Loss : 2.732467
Loss : 2.850196
Loss : 2.890517
Loss : 3.002453
Loss : 2.408773
Loss : 2.968563
Loss : 2.927021
Loss : 2.821482
Loss : 2.872684
Loss : 2.785013
Loss : 2.853692
Loss : 2.832458
Loss : 2.666281
Loss : 2.577904
Loss : 2.858098
Loss : 2.808414
Loss : 2.891312
Loss : 2.840092
Loss : 2.905013
Loss : 2.758180
Loss : 2.892079
Loss : 2.893501
Loss : 2.604103
Loss : 3.032864
Loss : 2.962332
Loss : 2.783799
Loss : 2.859792
Loss : 2.855535
Loss : 2.928830
Loss : 2.905538
Loss : 3.016655
Loss : 2.916479
Loss : 2.924857
Loss : 2.898077
Loss : 2.968817
Loss : 3.000777
Loss : 2.793472
Loss : 2.960902
Loss : 2.922243
Loss : 2.869836
Loss : 2.914038
Loss : 2.879615
Loss : 2.857632
Loss : 2.966835
Loss : 2.897954
Loss : 2.863386
Loss : 2.720136
Loss : 2.993040
Loss : 2.958866
Loss : 3.026206
Loss : 2.752518
Loss : 2.807332
Loss : 2.533350
Loss : 2.998573
Loss : 2.957504
Loss : 2.858747
Loss : 2.934687
Loss : 2.919564
Loss : 2.853528
Loss : 2.978153
Loss : 2.971358
Loss : 3.044510
Loss : 3.103277
Loss : 2.981877
Loss : 2.715908
Loss : 2.867412
Loss : 2.931637
Loss : 2.921394
Loss : 2.901986
Loss : 2.996617
Loss : 2.955604
Loss : 2.998412
Loss : 2.951291
Loss : 2.798335
Loss : 3.016810
Loss : 2.641405
Loss : 2.858369
Loss : 2.967224
Loss : 2.950250
Loss : 2.974646
Loss : 2.945625
Loss : 2.977866
Loss : 2.640780
Loss : 2.890530
Loss : 2.938748
Loss : 2.920286
Loss : 2.787275
Loss : 2.905005
Loss : 2.954073
Loss : 2.920049
Loss : 2.862039
Loss : 2.946361
Loss : 2.951097
Loss : 3.062549
Loss : 2.843660
Loss : 3.020825
Loss : 3.019056
Loss : 2.861282
Loss : 2.819588
Loss : 3.001223
Loss : 3.048107
Loss : 2.977075
Loss : 2.996599
Loss : 3.090257
Loss : 2.950481
Loss : 2.712186
Loss : 2.887450
Loss : 3.077469
Loss : 2.966241
Loss : 2.997686
Loss : 2.973856
Loss : 2.967833
Loss : 2.882574
Loss : 2.900587
Loss : 2.899923
Loss : 2.942394
Loss : 2.983867
Loss : 2.805145
Loss : 2.854055
Loss : 2.760694
Loss : 2.910390
Loss : 2.851961
Loss : 2.931159
Loss : 2.769950
Loss : 2.691024
Loss : 2.756749
Loss : 2.858026
Loss : 2.923408
Loss : 3.009809
Loss : 2.926929
Loss : 2.918496
Loss : 2.940645
Loss : 2.941699
Loss : 2.882145
Loss : 2.953722
Loss : 3.035635
Loss : 2.800169
Loss : 2.826255
Loss : 2.706753
Loss : 2.658900
Loss : 2.815339
Loss : 2.707057
Loss : 2.744649
Loss : 2.756657
Loss : 2.669029
Loss : 2.682907
Loss : 2.899143
Loss : 2.809007
Loss : 2.941930
Loss : 3.050676
Loss : 3.035352
Loss : 2.998776
Loss : 2.991515
Loss : 2.813549
Loss : 2.872562
Loss : 3.016554
Loss : 2.782760
Loss : 2.986522
Loss : 2.989083
Loss : 2.916237
Loss : 2.963673
Loss : 2.891629
Loss : 3.079370
Loss : 2.970311
Loss : 2.795779
Loss : 3.049032
Loss : 2.835184
Loss : 2.593520
Loss : 2.996026
Loss : 2.920221
Loss : 2.589039
Loss : 2.905171
Loss : 2.761439
Loss : 2.831415
Loss : 2.929156
Loss : 2.975991
Loss : 2.706827
Loss : 2.850385
Loss : 2.839995
Loss : 2.988052
Loss : 2.947767
Loss : 2.870559
Loss : 3.001780
Loss : 2.791118
Loss : 2.957396
Loss : 2.479023
Loss : 3.039257
Loss : 2.844461
Loss : 2.721449
Loss : 3.043630
Loss : 2.911744
Loss : 3.048171
Loss : 2.890361
Loss : 2.798737
Loss : 2.746871
Loss : 3.014891
Loss : 3.013103
Loss : 2.995837
Loss : 2.984685
Loss : 3.003298
Loss : 2.947879
Loss : 2.975495
Loss : 2.894060
Loss : 2.856095
Loss : 2.746559
Loss : 2.954649
Loss : 2.977040
Loss : 2.874859
Loss : 3.072485
Loss : 2.962889
Loss : 2.792984
Loss : 3.068352
Loss : 2.905890
Loss : 2.981989
Loss : 2.862919
Loss : 2.834287
Loss : 3.057628
Loss : 2.867609
Loss : 2.978523
Loss : 2.975613
Loss : 3.061743
Loss : 3.032320
Loss : 2.967729
Loss : 2.697231
Loss : 3.027129
Loss : 2.972970
Loss : 3.016486
Loss : 2.931055
Loss : 2.894343
Loss : 2.907956
Loss : 2.988889
Loss : 2.844496
Loss : 2.893206
Loss : 2.886656
Loss : 2.974916
Loss : 2.823735
Loss : 2.900670
Loss : 3.030416
Loss : 2.931671
Loss : 2.892086
Loss : 3.001580
Loss : 2.875109
Loss : 2.779127
Loss : 2.688494
Loss : 3.016254
Loss : 2.752010
Loss : 3.008236
Loss : 3.063262
Loss : 2.983440
Loss : 2.828024
Loss : 3.013080
Loss : 2.862470
Loss : 2.821789
Loss : 3.017240
Loss : 2.801159
Loss : 3.065376
Loss : 2.907844
Loss : 2.986571
Loss : 2.975253
Loss : 2.870149
Loss : 2.939306
Loss : 2.884906
Loss : 2.864905
Loss : 2.917637
Loss : 2.957294
Loss : 2.840552
Loss : 2.908043
Loss : 2.563597
Loss : 2.355247
Loss : 3.008731
Loss : 2.823252
Loss : 3.043037
Loss : 2.951145
Loss : 3.006179
Loss : 2.864291
Loss : 2.823143
Loss : 2.980217
Loss : 2.997555
Loss : 2.953388
Loss : 2.892677
Loss : 2.675765
Loss : 2.572678
Loss : 3.015916
Loss : 2.919734
Loss : 2.859345
Loss : 3.045740
Loss : 2.873773
Loss : 2.913352
Loss : 3.027059
Loss : 2.816018
Loss : 2.830299
Loss : 2.816773
Loss : 2.966500
Loss : 2.746182
Loss : 2.818779
Loss : 2.732953
Loss : 2.898752
Loss : 2.563963
Loss : 2.816815
Loss : 3.018935
Loss : 3.077257
Loss : 2.870554
Loss : 2.956483
Loss : 2.901357
Loss : 2.797346
Loss : 2.922001
Loss : 2.848874
Loss : 2.859743
Loss : 3.013363
Loss : 2.891330
Loss : 2.946916
Loss : 2.830202
Loss : 2.962702
Loss : 2.915779
Loss : 2.998594
Loss : 2.946926
Loss : 2.984193
Loss : 2.825759
Loss : 2.961527
Loss : 2.783026
Loss : 2.831194
Loss : 2.820770
Loss : 2.855067
Loss : 2.910520
Loss : 2.716925
Loss : 2.944159
Loss : 2.810337
Loss : 2.962248
Loss : 2.959695
Loss : 2.858183
Loss : 2.852445
Loss : 3.052291
Loss : 2.738016
Loss : 2.763862
Loss : 2.841346
Loss : 2.956232
Loss : 2.811670
Loss : 2.548903
Loss : 2.783491
Loss : 2.780918
Loss : 3.021196
Loss : 3.017763
Loss : 2.875699
Loss : 3.031490
Loss : 3.053772
Loss : 2.947619
Loss : 2.867242
Loss : 2.960998
Loss : 3.053627
Loss : 2.926760
Loss : 2.936678
Loss : 2.920339
Loss : 2.911008
Loss : 2.623036
Loss : 3.017534
Loss : 2.726916
Loss : 2.874249
Loss : 2.809837
Loss : 3.032420
Loss : 2.962686
Loss : 2.779576
Loss : 2.882610
Loss : 2.946593
Loss : 2.866586
Loss : 2.889477
Loss : 2.791286
Loss : 3.028217
Loss : 2.993884
Loss : 2.836740
Loss : 3.068947
Loss : 2.843760
Loss : 2.865425
Loss : 2.950945
Loss : 3.002759
Loss : 2.943667
Loss : 2.894981
Loss : 3.019622
Loss : 3.011333
Loss : 2.987293
Loss : 2.610561
Loss : 2.986387
Loss : 2.849049
Loss : 2.699036
Loss : 2.760861
Loss : 2.281642
Loss : 1.881553
Loss : 2.452550
Loss : 3.015926
Loss : 2.733692
Loss : 2.621668
Loss : 2.866332
Loss : 2.674066
Loss : 3.012111
Loss : 3.027125
Loss : 2.910305
Loss : 2.994412
Loss : 2.980036
Loss : 2.827657
Loss : 2.822631
Loss : 2.933695
Loss : 2.922605
Loss : 2.957333
Loss : 3.052315
Loss : 2.999117
Loss : 2.894522
Loss : 2.977658
Loss : 3.157802
Loss : 3.052986
Loss : 2.984883
Loss : 2.852592
Loss : 3.035151
Loss : 2.976582
Loss : 3.034966
Loss : 2.703597
Loss : 2.855826
Loss : 3.040119
Loss : 2.910489
Loss : 3.093726
Loss : 2.861033
Loss : 3.060619
Loss : 2.946213
Loss : 2.988916
Loss : 3.046745
Loss : 3.025445
Loss : 3.028158
Loss : 2.852645
Loss : 3.008575
Loss : 2.929517
Loss : 2.738427
Loss : 2.951036
Loss : 3.036380
Loss : 2.688637
Loss : 2.816625
Loss : 3.069502
Loss : 2.943809
Loss : 2.904458
Loss : 2.995769
Loss : 3.027382
Loss : 2.955564
Loss : 2.933549
Loss : 2.962786
Loss : 2.908161
Loss : 2.921767
Loss : 3.002885
Loss : 2.994517
Loss : 3.003916
Loss : 2.963403
Loss : 2.804029
Loss : 2.800701
Loss : 2.732466
Loss : 3.057595
Loss : 2.905553
Loss : 2.815283
Loss : 2.808398
Loss : 3.017050
Loss : 3.007368
Loss : 2.964128
Loss : 3.010628
Loss : 2.943879
Loss : 3.023257
Loss : 2.962818
Loss : 2.933936
Loss : 3.022624
Loss : 2.907787
Loss : 3.088177
Loss : 2.981009
Loss : 2.937636
Loss : 2.812999
Loss : 2.880665
Loss : 2.889038
Loss : 2.780684
Loss : 2.735319
Loss : 2.710397
Loss : 2.909068
Loss : 2.715478
Loss : 2.949739
Loss : 3.011355
Loss : 2.925909
Loss : 2.768244
Loss : 2.786850
Loss : 2.732820
Loss : 2.767000
Loss : 2.728762
Loss : 2.569556
Loss : 2.658803
Loss : 3.071612
Loss : 3.025029
Loss : 3.039672
Loss : 3.024115
Loss : 2.981931
Loss : 3.080178
Loss : 2.984652
Loss : 2.966462
Loss : 3.111653
Loss : 2.995258
Loss : 3.007900
Loss : 3.129282
Loss : 2.981210
Loss : 3.011277
Loss : 2.722027
Loss : 2.904844
Loss : 2.808062
Loss : 3.020156
Loss : 3.007260
Loss : 2.819198
Loss : 3.030005
Loss : 3.040414
Loss : 2.992282
Loss : 2.696807
Loss : 2.916828
Loss : 2.743476
Loss : 2.823770
Loss : 3.014230
Loss : 2.764321
Loss : 2.888089
Loss : 2.999845
Loss : 3.042842
Loss : 3.032022
Loss : 2.947601
Loss : 2.944475
Loss : 3.002362
Loss : 2.958718
Loss : 2.931932
Loss : 2.982535
Loss : 2.798224
Loss : 3.042753
Loss : 3.013465
Loss : 3.070272
Loss : 3.066062
Loss : 2.877529
Loss : 3.087067
Loss : 2.930044
Loss : 2.933597
Loss : 3.040681
Loss : 2.996818
Loss : 2.947271
Loss : 2.863413
Loss : 2.967292
Loss : 2.993158
Loss : 2.944897
Loss : 2.919521
Loss : 2.884782
Loss : 2.809297
Loss : 2.891246
Loss : 3.076288
Loss : 3.061805
Loss : 2.879098
Loss : 3.087193
Loss : 3.071525
Loss : 3.077559
Loss : 2.846177
Loss : 3.079589
Loss : 3.120681
Loss : 3.043415
Loss : 2.947413
Loss : 2.730435
Loss : 3.043031
Loss : 3.053344
Loss : 3.068477
Loss : 2.991393
Loss : 2.981609
Loss : 2.951338
Loss : 2.968197
Loss : 2.979505
Loss : 3.010492
Loss : 3.004405
Loss : 2.937089
Loss : 3.012928
Loss : 2.837074
Loss : 2.628114
Loss : 2.906688
Loss : 2.985364
Loss : 3.066810
Loss : 3.062033
Loss : 2.981792
Loss : 3.112728
Loss : 2.962140
Loss : 3.078653
Loss : 2.945468
Loss : 2.847578
Loss : 2.949670
Loss : 2.907184
Loss : 2.986930
Loss : 3.057752
Loss : 2.837581
Loss : 3.014591
Loss : 2.937970
Loss : 3.079775
Loss : 3.033261
Loss : 3.044223
Loss : 2.925890
Loss : 3.050303
Loss : 2.690658
Loss : 3.021057
Loss : 3.081278
Loss : 3.078566
Loss : 3.023503
Loss : 3.022853
Loss : 2.943351
Loss : 2.876483
Loss : 3.017110
Loss : 3.015645
Loss : 3.037399
Loss : 2.848023
Loss : 2.987814
Loss : 2.952337
Loss : 3.028544
Loss : 2.892388
Loss : 2.896938
Loss : 3.042198
Loss : 2.987886
Loss : 2.941263
Loss : 2.999920
Loss : 2.916810
Loss : 2.934336
Loss : 2.944017
Loss : 2.847980
Loss : 2.951390
Loss : 2.717836
Loss : 2.899876
Loss : 2.659020
Loss : 2.736126
Loss : 2.838909
Loss : 3.048212
Loss : 2.994731
Loss : 3.013314
Loss : 2.918717
Loss : 3.115903
Loss : 3.014193
Loss : 3.108983
Loss : 3.044919
Loss : 3.020768
Loss : 3.021781
Loss : 2.860854
Loss : 2.884281
Loss : 2.910572
Loss : 2.991980
Loss : 3.132826
Loss : 3.017206
Loss : 3.058824
Loss : 2.889840
Loss : 2.991669
Loss : 2.923393
Loss : 2.931096
Loss : 3.030202
Loss : 3.017962
Loss : 3.012797
Loss : 3.071948
Loss : 2.800820
Loss : 2.976644
Loss : 2.940289
Loss : 2.867154
Loss : 3.012145
Loss : 3.043485
Loss : 3.024129
Loss : 2.987553
Loss : 2.992401
Loss : 2.992862
Loss : 2.828571
Loss : 2.957563
Loss : 2.965089
Loss : 2.860260
Loss : 2.793511
Loss : 2.933618
Loss : 2.700404
Loss : 2.785081
Loss : 3.099493
Loss : 2.755425
Loss : 3.048138
Loss : 3.048487
Loss : 2.873071
Loss : 3.095665
Loss : 3.065605
Loss : 2.987777
Loss : 2.975911
Loss : 3.090257
Loss : 3.117554
Loss : 3.020698
Loss : 2.946660
Loss : 2.963300
Loss : 2.838174
Loss : 3.044407
Loss : 2.948200
Loss : 2.991092
Loss : 2.892167
Loss : 2.897959
Loss : 2.947251
Loss : 2.967612
Loss : 2.950920
Loss : 2.924349
Loss : 2.614827
Loss : 2.811849
Loss : 2.899535
Loss : 2.656481
Loss : 2.931605
Loss : 3.026178
Loss : 3.017775
Loss : 2.828856
Loss : 3.014796
Loss : 2.962028
Loss : 2.929972
Loss : 2.656014
Loss : 2.934549
Loss : 2.915591
Loss : 2.951295
Loss : 2.775131
Loss : 3.007402
Loss : 2.950128
Loss : 3.040240
Loss : 2.918789
Loss : 2.952859
Loss : 3.131871
Loss : 3.008751
Loss : 3.020426
Loss : 2.982949
Loss : 2.905208
Loss : 2.742949
Loss : 3.025186
Loss : 3.069230
Loss : 3.055232
Loss : 3.006732
Loss : 3.070089
Loss : 3.113577
Loss : 2.970494
Loss : 3.001014
Loss : 3.055315
Loss : 3.081197
Loss : 2.978614
Loss : 2.896744
Loss : 3.025962
Loss : 3.060682
Loss : 2.957466
Loss : 2.797748
Loss : 2.929814
Loss : 2.977550
Loss : 2.998056
Loss : 2.969934
Loss : 2.972286
Loss : 2.957702
Loss : 3.011729
Loss : 3.004934
Loss : 3.059231
Loss : 3.051939
Loss : 2.974733
Loss : 2.872837
Loss : 2.920884
Loss : 2.916036
Loss : 2.692016
Loss : 3.028877
Loss : 2.963589
Loss : 3.026194
Loss : 2.958055
Loss : 3.002424
Loss : 2.964745
Loss : 3.047610
Loss : 3.109028
Loss : 3.078118
Loss : 2.889839
Loss : 2.960650
Loss : 2.975169
Loss : 3.038718
Loss : 3.017279
Loss : 3.072496
Loss : 2.920121
Loss : 3.049802
Loss : 2.944185
Loss : 2.921418
Loss : 2.840504
Loss : 2.607970
Loss : 2.977934
Loss : 3.060663
Loss : 3.001768
Loss : 2.917010
Loss : 2.879055
Loss : 2.998646
Loss : 2.968939
Loss : 3.073729
Loss : 2.893672
Loss : 3.013707
Loss : 2.921764
Loss : 3.036431
Loss : 2.963608
Loss : 2.855862
Loss : 3.101161
Loss : 3.055916
Loss : 3.030265
Loss : 2.934665
Loss : 3.013352
Loss : 3.012707
Loss : 3.032117
Loss : 2.937578
Loss : 3.012100
Loss : 3.009913
Loss : 2.980053
Loss : 3.035489
Loss : 2.750906
Loss : 2.889871
Loss : 2.916718
Loss : 3.021313
Loss : 3.064909
Loss : 3.043765
Loss : 2.908729
Loss : 2.953006
Loss : 2.826322
Loss : 2.831210
Loss : 2.907564
Loss : 2.740397
Loss : 2.663371
Loss : 2.833362
Loss : 2.701698
Loss : 2.697861
Loss : 2.860343
Loss : 3.010103
Loss : 2.874671
Loss : 2.951452
Loss : 3.007431
Loss : 2.857189
Loss : 2.913302
Loss : 2.875803
Loss : 2.795406
Loss : 2.936870
Loss : 3.009278
Loss : 2.667889
Loss : 2.951189
Loss : 2.929364
Loss : 2.914571
Loss : 2.946433
Loss : 3.035360
Loss : 2.893242
Loss : 3.004130
Loss : 2.836974
Loss : 2.891056
Loss : 2.991235
Loss : 2.939819
Loss : 2.921610
Loss : 2.871502
Loss : 2.954920
Loss : 2.980980
Loss : 2.889054
Loss : 2.934018
Loss : 2.840266
Loss : 2.856796
Loss : 3.025929
Loss : 2.954030
Loss : 2.759393
Loss : 2.931235
Loss : 3.107372
Loss : 2.948511
Loss : 2.974211
Loss : 2.998043
Loss : 3.058567
Loss : 3.011989
Loss : 2.927122
Loss : 2.856609
Loss : 2.828774
Loss : 2.824741
Loss : 2.955561
Loss : 2.904504
Loss : 2.839900
Loss : 2.801232
Loss : 2.063889
Loss : 2.931717
Loss : 2.903009
Loss : 2.911585
Loss : 3.115643
Loss : 2.971605
Loss : 2.970880
Loss : 2.874521
Loss : 2.893535
Loss : 2.946561
Loss : 2.859615
Loss : 2.891299
Loss : 3.173108
Loss : 2.891560
Loss : 3.066989
Loss : 2.950275
Loss : 2.961015
Loss : 2.834017
Loss : 2.931541
Loss : 2.869005
Loss : 2.940233
Loss : 2.876539
Loss : 2.944610
Loss : 2.955216
Loss : 2.686849
Loss : 3.067834
Loss : 3.025931
Loss : 2.771518
Loss : 2.781246
Loss : 2.880796
Loss : 3.022047
Loss : 2.708222
Loss : 3.002960
Loss : 2.876524
Loss : 3.021316
Loss : 2.955976
Loss : 2.849144
Loss : 3.043612
Loss : 2.997609
Loss : 2.923431
Loss : 3.036630
Loss : 2.925567
Loss : 2.799656
Loss : 2.886468
Loss : 2.942211
Loss : 2.862541
Loss : 2.664981
Loss : 2.906437
Loss : 3.138596
Loss : 3.035839
Loss : 2.889770
Loss : 3.077583
Loss : 2.922182
Loss : 2.816394
Loss : 2.829490
Loss : 3.136000
Loss : 3.052153
Loss : 3.005269
Loss : 2.942995
Loss : 2.944270
Loss : 3.079727
Loss : 3.054184
Loss : 3.013002
Loss : 2.944869
Loss : 3.022512
Loss : 2.968022
Loss : 2.960482
Loss : 3.039723
Loss : 3.004354
Loss : 3.066196
Loss : 2.879407
Loss : 3.040858
Loss : 2.918572
Loss : 2.918890
Loss : 2.778614
Loss : 2.658174
Loss : 3.115673
Loss : 3.097519
Loss : 2.859914
Loss : 3.102196
Loss : 3.039596
Loss : 2.809904
Loss : 2.534372
Loss : 2.546880
Loss : 2.522896
Loss : 2.801007
Loss : 2.520317
Loss : 2.733602
Loss : 2.431251
Loss : 2.518030
Loss : 2.823715
Loss : 2.910625
Loss : 2.817003
Loss : 2.478988
Loss : 2.537646
Loss : 2.885375
Loss : 2.583343
Loss : 2.653451
Loss : 2.564140
Loss : 2.913879
Loss : 2.792141
Loss : 2.851326
Loss : 2.896719
Loss : 2.918636
Loss : 2.966106
Loss : 1.644484
Loss : 2.547942
Loss : 2.917928
Loss : 3.020808
Loss : 2.725507
Loss : 2.977020
Loss : 2.938551
Loss : 3.039364
Loss : 2.877257
Loss : 2.881700
Loss : 2.975595
Loss : 3.006118
Loss : 2.733949
Loss : 2.803884
Loss : 2.829766
Loss : 3.067551
Loss : 2.723090
Loss : 2.903387
Loss : 2.887012
Loss : 2.746989
Loss : 2.515794
Loss : 2.862598
Loss : 2.837094
Loss : 3.088803
Loss : 2.888578
Loss : 2.885730
Loss : 2.814160
Loss : 2.890766
Loss : 2.986901
Loss : 2.878067
Loss : 3.050129
Loss : 2.996363
Loss : 2.615113
Loss : 3.105320
Loss : 2.758102
Loss : 2.925653
Loss : 3.041451
Loss : 2.998324
Loss : 2.928611
Loss : 2.902350
Loss : 2.907878
Loss : 2.993153
Loss : 3.010637
Loss : 2.924859
Loss : 2.990995
Loss : 2.991349
Loss : 2.935781
Loss : 2.650465
Loss : 2.924069
Loss : 2.868241
Loss : 2.835559
Loss : 3.049539
Loss : 3.093889
Loss : 3.024123
Loss : 2.979208
Loss : 2.987928
Loss : 3.048805
Loss : 3.036780
Loss : 2.889306
Loss : 3.000458
Loss : 3.103301
Loss : 3.007310
Loss : 2.955756
Loss : 2.986807
Loss : 2.942027
Loss : 3.061472
Loss : 3.021730
Loss : 2.961651
Loss : 3.062216
Loss : 2.876488
Loss : 2.865421
Loss : 2.912681
Loss : 3.065919
Loss : 2.988021
Loss : 3.048981
Loss : 2.995532
Loss : 2.965450
Loss : 2.926142
Loss : 2.872114
Loss : 3.033017
Loss : 3.025511
Loss : 3.006755
Loss : 3.040669
Loss : 2.920127
Loss : 3.071482
Loss : 2.956856
Loss : 2.934922
Loss : 3.103592
Loss : 2.981343
Loss : 2.940752
Loss : 2.793794
Loss : 2.994211
Loss : 3.054052
Loss : 3.003017
Loss : 3.057113
Loss : 2.989360
Loss : 3.017291
Loss : 2.865465
Loss : 3.055296
Loss : 3.019135
Loss : 2.912896
Loss : 2.768576
Loss : 2.707262
Loss : 2.834956
Loss : 2.727499
Loss : 2.821688
Loss : 3.042685
Loss : 2.929039
Loss : 2.911575
Loss : 3.044572
Loss : 2.960382
Loss : 3.006548
Loss : 2.947054
Loss : 3.016896
Loss : 2.919210
Loss : 3.015932
Loss : 3.007032
Loss : 3.028097
Loss : 2.955763
Loss : 2.907845
Loss : 3.047280
Loss : 2.970042
Loss : 3.096720
Loss : 2.974350
Loss : 3.018275
Loss : 3.047377
Loss : 3.074773
Loss : 2.955417
Loss : 3.002811
Loss : 3.045854
Loss : 2.982248
Loss : 3.000249
Loss : 3.033254
Loss : 2.968291
Loss : 3.021412
Loss : 2.941498
Loss : 2.981719
Loss : 3.008138
Loss : 2.993816
Loss : 2.958384
Loss : 3.015636
Loss : 3.006806
Loss : 3.045832
Loss : 3.045226
Loss : 3.147122
Loss : 3.050455
Loss : 3.045237
Loss : 3.065668
Loss : 3.050076
Loss : 3.047828
Loss : 3.092077
Loss : 2.991902
Loss : 3.100019
Loss : 2.955846
Loss : 3.068660
Loss : 3.121893
Loss : 3.079756
Loss : 3.024145
Loss : 3.136524
Loss : 2.928427
Loss : 3.100626
Loss : 3.014327
Loss : 3.177868
Loss : 3.145535
Loss : 2.889013
Loss : 3.042883
Loss : 3.063334
Loss : 3.040733
Loss : 2.966537
Loss : 3.035951
Loss : 3.072092
Loss : 3.025028
Loss : 2.987427
Loss : 2.958203
Loss : 3.105796
Loss : 3.032879
Loss : 3.052196
Loss : 3.042900
Loss : 3.037525
Loss : 2.979633
Loss : 2.831082
Loss : 2.931593
Loss : 2.978025
Loss : 3.033462
Loss : 3.012604
Loss : 2.899117
Loss : 3.007072
Loss : 2.867221
Loss : 2.950620
Loss : 2.961213
Loss : 3.045617
Loss : 3.009201
Loss : 2.878589
Loss : 2.858290
Loss : 2.995306
Loss : 3.004522
Loss : 2.998073
Loss : 2.948808
Loss : 2.853085
Loss : 3.032885
Loss : 3.040167
Loss : 2.956290
Loss : 2.971918
Loss : 2.976296
Loss : 2.995256
Loss : 2.975862
Loss : 2.820901
Loss : 2.878022
Loss : 2.810804
Loss : 2.932179
Loss : 2.785019
Loss : 2.776719
Loss : 2.715946
Loss : 2.689476
Loss : 2.695425
Loss : 2.633819
Loss : 2.780085
Loss : 2.818133
Loss : 2.594822
Loss : 2.711733
Loss : 3.047683
Loss : 3.124448
Loss : 3.037751
Loss : 3.041980
Loss : 2.951493
Loss : 2.993013
Loss : 3.067224
Loss : 3.079460
Loss : 2.851335
Loss : 2.917117
Loss : 3.039810
Loss : 2.913443
Loss : 2.947809
Loss : 3.008555
Loss : 3.092344
Loss : 2.943576
Loss : 3.017435
Loss : 2.957466
Loss : 2.689351
Loss : 2.999586
Loss : 2.906422
Loss : 2.882743
Loss : 2.838065
Loss : 2.993524
Loss : 2.750691
Loss : 2.443780
Loss : 3.039819
Loss : 2.921386
Loss : 2.964229
Loss : 2.834965
Loss : 3.091819
Loss : 2.976111
Loss : 3.093659
Loss : 3.080480
Loss : 3.096477
Loss : 3.032470
Loss : 3.080664
Loss : 2.842152
Loss : 2.916111
Loss : 2.852013
Loss : 2.909577
Loss : 2.927128
Loss : 2.939261
Loss : 2.980966
Loss : 2.750202
Loss : 2.966170
Loss : 2.596396
Loss : 2.847888
Loss : 2.917138
Loss : 3.018976
Loss : 2.858224
Loss : 2.654221
Loss : 2.995617
Loss : 2.914512
Loss : 3.190661
Loss : 2.456285
Loss : 2.585008
Loss : 3.005145
Loss : 3.069814
Loss : 2.896759
Loss : 2.911735
Loss : 2.938838
Loss : 3.012397
Loss : 3.002642
Loss : 2.931716
Loss : 2.910176
Loss : 3.058596
Loss : 3.003222
Loss : 3.042749
Loss : 3.047712
Loss : 3.085796
Loss : 2.994330
Loss : 2.959947
Loss : 2.923116
Loss : 3.077707
Loss : 3.113232
Loss : 2.728293
Loss : 2.222140
Loss : 3.092841
Loss : 2.976722
Loss : 2.990081
Loss : 2.971312
Loss : 2.931543
Loss : 2.901922
Loss : 2.824831
Loss : 2.963318
Loss : 3.042804
Loss : 3.046376
Loss : 3.017524
Loss : 2.954635
Loss : 3.101784
Loss : 3.032271
Loss : 2.947282
Loss : 3.122327
Loss : 2.684889
Loss : 3.070320
Loss : 3.081577
Loss : 3.050676
Loss : 2.955106
Loss : 3.046937
Loss : 3.077146
Loss : 3.072232
Loss : 3.011088
Loss : 3.102525
Loss : 3.045678
Loss : 2.983369
Loss : 3.129910
Loss : 2.874239
Loss : 2.893035
Loss : 3.003839
Loss : 2.812967
Loss : 2.913412
Loss : 2.985367
Loss : 2.973521
Loss : 2.983957
Loss : 3.051707
Loss : 2.951618
Loss : 2.981396
Loss : 2.944375
Loss : 3.048399
Loss : 2.261956
Loss : 2.498693
Loss : 2.992128
Loss : 2.943815
Loss : 2.947431
Loss : 2.972303
Loss : 3.093661
Loss : 3.013855
Loss : 2.998187
Loss : 3.020154
Loss : 2.992873
Loss : 2.854828
Loss : 3.035824
Loss : 2.936844
Loss : 2.870471
Loss : 3.136658
Loss : 3.089187
Loss : 3.006003
Loss : 2.926144
Loss : 3.042555
Loss : 3.066799
Loss : 3.044825
Loss : 3.072369
Loss : 2.988361
Loss : 2.838386
Loss : 2.822911
Loss : 3.004852
Loss : 3.036749
Loss : 2.868200
Loss : 2.817077
Loss : 2.844814
Loss : 2.619240
Loss : 2.831198
Loss : 2.656091
Loss : 2.895924
Loss : 2.761198
Loss : 2.709487
Loss : 2.641428
Loss : 2.919983
Loss : 2.907428
Loss : 2.740755
Loss : 2.949492
Loss : 2.826392
Loss : 2.823347
Loss : 2.792373
Loss : 2.837434
Loss : 2.903612
Loss : 2.654944
Loss : 2.725320
Loss : 2.852856
Loss : 2.641789
Loss : 2.655724
Loss : 2.506811
Loss : 2.799260
Loss : 2.718971
Loss : 2.998169
Loss : 3.048516
Loss : 3.058601
Loss : 2.958918
Loss : 2.993463
Loss : 2.890123
Loss : 2.706446
Loss : 2.606213
Loss : 2.763094
Loss : 3.053101
Loss : 3.091859
Loss : 3.020525
Loss : 3.082362
Loss : 2.993821
Loss : 2.929013
Loss : 3.053471
Loss : 2.923478
Loss : 2.921440
Loss : 3.055448
Loss : 2.926894
Loss : 2.975557
Loss : 2.928295
Loss : 2.622867
Loss : 2.942689
Loss : 2.929188
Loss : 2.934836
Loss : 2.763187
Loss : 2.897372
Loss : 3.068643
Loss : 2.991876
Loss : 3.079063
Loss : 3.085403
Loss : 3.023270
Loss : 2.915328
Loss : 2.950783
Loss : 2.901773
Loss : 3.052879
Loss : 3.004610
Loss : 3.012099
Loss : 3.010150
Loss : 2.993889
Loss : 2.936834
Loss : 3.036886
Loss : 2.964233
Loss : 3.034702
Loss : 2.924478
Loss : 2.713814
Loss : 2.523965
Loss : 3.085827
Loss : 3.109950
Loss : 2.959566
Loss : 2.602682
Loss : 2.714494
Loss : 2.883256
Loss : 2.805915
Loss : 2.744071
Loss : 2.679438
Loss : 2.863396
Loss : 2.929001
Loss : 2.975571
Loss : 3.011869
Loss : 2.953958
Loss : 3.046015
Loss : 2.849187
Loss : 3.047418
Loss : 2.996684
Loss : 2.879640
Loss : 3.053750
Loss : 3.013927
Loss : 2.955998
Loss : 2.841008
Loss : 2.893730
Loss : 2.931197
Loss : 2.985812
Loss : 3.060509
Loss : 2.957003
Loss : 2.987052
Loss : 3.068253
Loss : 3.014660
Loss : 3.032942
Loss : 2.952298
Loss : 2.888103
Loss : 3.048329
Loss : 2.979819
Loss : 2.954239
Loss : 3.064548
Loss : 2.874544
Loss : 3.094769
Loss : 3.064851
Loss : 3.147448
Loss : 3.012372
Loss : 3.029058
Loss : 2.983904
Loss : 3.042980
Loss : 2.953468
Loss : 2.934093
Loss : 2.859224
Loss : 2.921229
Loss : 2.982002
Loss : 3.065451
Loss : 2.735090
Loss : 2.950048
Loss : 2.824514
Loss : 2.883539
Loss : 2.929524
Loss : 3.122369
Loss : 3.051422
Loss : 3.104108
Loss : 3.059874
Loss : 3.118006
Loss : 3.043514
Loss : 2.811931
Loss : 2.994367
Loss : 2.932961
Loss : 3.050815
Loss : 2.988574
Loss : 2.984114
Loss : 3.097564
Loss : 3.020945
Loss : 2.704571
Loss : 3.062634
Loss : 3.071637
Loss : 2.836205
Loss : 2.760510
Loss : 3.030977
Loss : 2.908771
Loss : 3.062802
Loss : 2.988231
Loss : 2.939831
Loss : 2.959231
Loss : 3.134762
Loss : 2.931419
Loss : 2.891684
Loss : 2.826103
Loss : 2.895993
Loss : 2.954364
Loss : 2.690385
Loss : 2.857125
Loss : 2.919781
Loss : 3.099361
Loss : 3.066557
Loss : 2.995841
Loss : 3.040440
Loss : 3.189205
Loss : 2.913279
Loss : 3.033004
Loss : 3.072228
Loss : 2.970548
Loss : 3.109839
Loss : 1.997921
Loss : 2.777284
Loss : 3.011075
Loss : 3.094893
Loss : 2.909835
Loss : 3.065952
Loss : 3.034526
Loss : 2.918858
Loss : 2.979987
Loss : 2.949043
Loss : 3.026846
Loss : 3.066660
Loss : 3.123841
Loss : 2.997864
Loss : 3.036078
Loss : 3.056855
Loss : 3.082977
Loss : 3.100635
Loss : 2.860222
Loss : 2.724585
Loss : 2.846042
Loss : 2.989667
Loss : 3.115980
Loss : 3.067891
Loss : 2.991026
Loss : 3.054297
Loss : 2.832017
Loss : 3.084309
Loss : 3.010411
Loss : 3.078868
Loss : 3.079637
Loss : 3.016218
Loss : 2.922729
Loss : 2.946482
Loss : 2.974376
Loss : 3.030447
Loss : 3.052217
Loss : 3.079124
Loss : 3.065569
Loss : 3.087180
Loss : 3.098483
Loss : 3.012155
Loss : 2.984090
Loss : 3.111637
Loss : 3.148699
Loss : 3.091930
Loss : 3.050893
Loss : 3.090002
Loss : 2.978734
Loss : 2.957825
Loss : 2.865797
Loss : 3.079607
Loss : 3.168766
Loss : 3.074385
Loss : 3.092658
Loss : 2.888541
Loss : 3.110850
Loss : 3.024244
Loss : 3.030888
Loss : 3.064932
Loss : 2.925316
Loss : 2.927341
Loss : 3.080607
Loss : 3.108861
Time Elapsed for Training 05:58:46
Input Words: ['narrow-mindedness', 'department', 'campfires', 'knowing', 'urbanize', 'imperfection', 'principality', 'abnormal', 'secondary', 'ungraceful']

Top 5 words similar to word:  narrow-mindedness
1st : narrowness                with similarity : 0.9901
2nd : smoothness                with similarity : 0.9816
3rd : freshness                 with similarity : 0.9803
4th : roundaboutness            with similarity : 0.9801
5th : spontaneity               with similarity : 0.9799

Top 5 words similar to word:  department
1st : department                with similarity : 1.0000
2nd : departmental              with similarity : 0.9788
3rd : departments               with similarity : 0.9652
4th : apartment                 with similarity : 0.9531
5th : assortment                with similarity : 0.9350

Top 5 words similar to word:  campfires
1st : bushfires                 with similarity : 0.9800
2nd : wildfires                 with similarity : 0.9716
3rd : stormtroopers             with similarity : 0.9697
4th : bonfires                  with similarity : 0.9695
5th : barricades                with similarity : 0.9691

Top 5 words similar to word:  knowing
1st : knowing                   with similarity : 1.0000
2nd : remembering               with similarity : 0.9754
3rd : forgive                   with similarity : 0.9670
4th : betraying                 with similarity : 0.9660
5th : wondering                 with similarity : 0.9659

Top 5 words similar to word:  urbanize
1st : civilize                  with similarity : 0.9609
2nd : assurbanipal              with similarity : 0.9591
3rd : desegregate               with similarity : 0.9587
4th : ameliorate                with similarity : 0.9569
5th : aggravate                 with similarity : 0.9551

Top 5 words similar to word:  imperfection
1st : imperfection              with similarity : 1.0000
2nd : perfection                with similarity : 0.9841
3rd : imperfections             with similarity : 0.9774
4th : imperfect                 with similarity : 0.9761
5th : imperfective              with similarity : 0.9734

Top 5 words similar to word:  principality
1st : principality              with similarity : 1.0000
2nd : principalities            with similarity : 0.9730
3rd : principalis               with similarity : 0.9719
4th : principal                 with similarity : 0.9709
5th : principals                with similarity : 0.9635

Top 5 words similar to word:  abnormal
1st : abnormal                  with similarity : 1.0000
2nd : normal                    with similarity : 0.9768
3rd : abnormality               with similarity : 0.9749
4th : paranormal                with similarity : 0.9726
5th : asymptotic                with similarity : 0.9703

Top 5 words similar to word:  secondary
1st : secondary                 with similarity : 1.0000
2nd : tertiary                  with similarity : 0.9633
3rd : secondarily               with similarity : 0.9572
4th : seconda                   with similarity : 0.9544
5th : catenary                  with similarity : 0.9505

Top 5 words similar to word:  ungraceful
1st : disgraceful               with similarity : 0.9887
2nd : idolatrous                with similarity : 0.9882
3rd : unscrupulous              with similarity : 0.9850
4th : ungrateful                with similarity : 0.9843
5th : graceful                  with similarity : 0.9838

Time Elapsed for Validaiton 00:00:28
