loading...
preprocessing...
build training set...
Vocabulary size
71291

# of training samples
167188440

Time Elapsed for SubSampling 00:01:02

Training Set before Subsampling : 167188440
Number of discard : 50167924
Training Set after Subsampling : 117020516
Loss : 13.816734
Loss : 11.514884
Loss : 10.425360
Loss : 9.010559
Loss : 8.112947
Loss : 7.538021
Loss : 7.053753
Loss : 7.031289
Loss : 6.022617
Loss : 5.990273
Loss : 5.848597
Loss : 5.771506
Loss : 5.846588
Loss : 5.530156
Loss : 5.410670
Loss : 5.411056
Loss : 4.917753
Loss : 5.158650
Loss : 4.961436
Loss : 4.944686
Loss : 5.014307
Loss : 4.752668
Loss : 4.829558
Loss : 4.562273
Loss : 4.567358
Loss : 4.392420
Loss : 4.603159
Loss : 4.262490
Loss : 4.544371
Loss : 4.506262
Loss : 4.222511
Loss : 4.288079
Loss : 4.731318
Loss : 4.401568
Loss : 4.348916
Loss : 4.152606
Loss : 4.217485
Loss : 4.110907
Loss : 4.114226
Loss : 4.214562
Loss : 3.987339
Loss : 3.973533
Loss : 3.538317
Loss : 3.890656
Loss : 4.149474
Loss : 4.076529
Loss : 4.064941
Loss : 4.180907
Loss : 4.210060
Loss : 3.999501
Loss : 4.162371
Loss : 4.192655
Loss : 3.928397
Loss : 4.096904
Loss : 3.978622
Loss : 3.915838
Loss : 3.676586
Loss : 4.016773
Loss : 3.936722
Loss : 3.981686
Loss : 3.821274
Loss : 3.837069
Loss : 3.843902
Loss : 3.694348
Loss : 3.574537
Loss : 3.871719
Loss : 3.780867
Loss : 3.895510
Loss : 3.909677
Loss : 3.852227
Loss : 3.995608
Loss : 3.822599
Loss : 3.667495
Loss : 3.746300
Loss : 4.021715
Loss : 3.719618
Loss : 3.835778
Loss : 3.702127
Loss : 3.632756
Loss : 3.646681
Loss : 3.782722
Loss : 3.940710
Loss : 3.853611
Loss : 3.684756
Loss : 3.549529
Loss : 3.738956
Loss : 3.629800
Loss : 3.841238
Loss : 3.643319
Loss : 3.760241
Loss : 3.751097
Loss : 3.661857
Loss : 3.769652
Loss : 3.808834
Loss : 3.645406
Loss : 3.669334
Loss : 3.626330
Loss : 3.607053
Loss : 3.618088
Loss : 3.695513
Loss : 3.668175
Loss : 3.608923
Loss : 3.684892
Loss : 3.600795
Loss : 3.599981
Loss : 3.368243
Loss : 3.813030
Loss : 3.488501
Loss : 3.643641
Loss : 3.587652
Loss : 3.550585
Loss : 3.778339
Loss : 3.492930
Loss : 3.767443
Loss : 3.698055
Loss : 3.648561
Loss : 3.606069
Loss : 3.745705
Loss : 3.542316
Loss : 3.517101
Loss : 3.560934
Loss : 3.538129
Loss : 3.633587
Loss : 3.655001
Loss : 3.418894
Loss : 3.351286
Loss : 3.672914
Loss : 3.409824
Loss : 3.351658
Loss : 3.379155
Loss : 3.744010
Loss : 3.654097
Loss : 3.495432
Loss : 3.676997
Loss : 3.572575
Loss : 3.619534
Loss : 3.488406
Loss : 3.343208
Loss : 3.426137
Loss : 3.411184
Loss : 3.325442
Loss : 3.409159
Loss : 3.478790
Loss : 3.646027
Loss : 3.334512
Loss : 3.299658
Loss : 3.500159
Loss : 3.403896
Loss : 3.460575
Loss : 3.492544
Loss : 3.496260
Loss : 3.510726
Loss : 3.490035
Loss : 3.273780
Loss : 3.380370
Loss : 3.546104
Loss : 3.438456
Loss : 3.548766
Loss : 3.555794
Loss : 3.389363
Loss : 3.686662
Loss : 3.426139
Loss : 3.348973
Loss : 3.578413
Loss : 3.568158
Loss : 3.491275
Loss : 3.472104
Loss : 3.654557
Loss : 3.462138
Loss : 3.575183
Loss : 3.490972
Loss : 3.447039
Loss : 3.631053
Loss : 3.512962
Loss : 3.423171
Loss : 3.208072
Loss : 3.136208
Loss : 3.436284
Loss : 3.499815
Loss : 3.467199
Loss : 3.409012
Loss : 3.462891
Loss : 3.309120
Loss : 3.323288
Loss : 3.532272
Loss : 3.460136
Loss : 3.405313
Loss : 3.322004
Loss : 3.227477
Loss : 3.387647
Loss : 3.576149
Loss : 3.417194
Loss : 3.507687
Loss : 3.341151
Loss : 3.265604
Loss : 3.224367
Loss : 3.493081
Loss : 3.465529
Loss : 3.383604
Loss : 3.349499
Loss : 3.618075
Loss : 3.387177
Loss : 3.405584
Loss : 3.462380
Loss : 3.484846
Loss : 3.382812
Loss : 3.355622
Loss : 3.442791
Loss : 3.350402
Loss : 3.489067
Loss : 3.478167
Loss : 3.439153
Loss : 3.487918
Loss : 3.621643
Loss : 3.346495
Loss : 3.489003
Loss : 3.342619
Loss : 3.509622
Loss : 3.231014
Loss : 3.438487
Loss : 3.477152
Loss : 3.462401
Loss : 3.401190
Loss : 3.349448
Loss : 3.470378
Loss : 3.337871
Loss : 3.511772
Loss : 3.435087
Loss : 3.456923
Loss : 3.346335
Loss : 3.350204
Loss : 3.385032
Loss : 3.226688
Loss : 3.510695
Loss : 3.554251
Loss : 3.441838
Loss : 3.500020
Loss : 3.403899
Loss : 3.482477
Loss : 3.573510
Loss : 3.491204
Loss : 3.465736
Loss : 3.304589
Loss : 3.501169
Loss : 3.324584
Loss : 3.554865
Loss : 3.386582
Loss : 3.337706
Loss : 3.397713
Loss : 2.977398
Loss : 3.381720
Loss : 3.378219
Loss : 3.392358
Loss : 3.376563
Loss : 3.478825
Loss : 3.252373
Loss : 3.445228
Loss : 3.410868
Loss : 3.323980
Loss : 3.380942
Loss : 3.441045
Loss : 3.332849
Loss : 3.315630
Loss : 3.469781
Loss : 3.443590
Loss : 3.551598
Loss : 3.432850
Loss : 3.380176
Loss : 3.565522
Loss : 3.359443
Loss : 3.549587
Loss : 3.537760
Loss : 3.223038
Loss : 3.270739
Loss : 3.492276
Loss : 3.377976
Loss : 3.260936
Loss : 3.431980
Loss : 3.413224
Loss : 3.503399
Loss : 3.593961
Loss : 3.390344
Loss : 3.474249
Loss : 3.521648
Loss : 3.323513
Loss : 3.371323
Loss : 3.376823
Loss : 3.248355
Loss : 3.390272
Loss : 3.321601
Loss : 3.401717
Loss : 3.398876
Loss : 3.121342
Loss : 3.173459
Loss : 3.410136
Loss : 3.489766
Loss : 3.321856
Loss : 3.558607
Loss : 3.357322
Loss : 3.512516
Loss : 3.505614
Loss : 3.474434
Loss : 3.310226
Loss : 3.464693
Loss : 3.523196
Loss : 3.398079
Loss : 3.385179
Loss : 3.557873
Loss : 3.379864
Loss : 3.244443
Loss : 3.435494
Loss : 3.335610
Loss : 3.424822
Loss : 3.273517
Loss : 3.507986
Loss : 3.297702
Loss : 3.316392
Loss : 3.396173
Loss : 3.382382
Loss : 3.357967
Loss : 3.363275
Loss : 3.421401
Loss : 3.376007
Loss : 3.440068
Loss : 3.137951
Loss : 3.417202
Loss : 3.329412
Loss : 3.239948
Loss : 3.378486
Loss : 3.242150
Loss : 3.151394
Loss : 3.187677
Loss : 3.079186
Loss : 3.123285
Loss : 3.090814
Loss : 2.940508
Loss : 3.036703
Loss : 2.871555
Loss : 3.316887
Loss : 3.384058
Loss : 3.429217
Loss : 3.264849
Loss : 3.382150
Loss : 3.458531
Loss : 3.463079
Loss : 3.254802
Loss : 3.416292
Loss : 3.411359
Loss : 3.413134
Loss : 3.334241
Loss : 3.180755
Loss : 3.485395
Loss : 3.352868
Loss : 3.099754
Loss : 3.513955
Loss : 3.506938
Loss : 3.401120
Loss : 2.964805
Loss : 3.071930
Loss : 3.346044
Loss : 3.378207
Loss : 2.929842
Loss : 3.131823
Loss : 3.263143
Loss : 3.211566
Loss : 3.186295
Loss : 3.309083
Loss : 3.443630
Loss : 3.359845
Loss : 3.268541
Loss : 3.366809
Loss : 3.316187
Loss : 3.235652
Loss : 3.285982
Loss : 3.204078
Loss : 3.194542
Loss : 3.204648
Loss : 3.258818
Loss : 3.260663
Loss : 3.459685
Loss : 3.413763
Loss : 3.377327
Loss : 3.203942
Loss : 2.819877
Loss : 3.446382
Loss : 3.437982
Loss : 3.311037
Loss : 3.153633
Loss : 3.467453
Loss : 3.432530
Loss : 3.399087
Loss : 3.269571
Loss : 3.340555
Loss : 3.385283
Loss : 3.278219
Loss : 3.401439
Loss : 3.304050
Loss : 3.284343
Loss : 3.312112
Loss : 3.368680
Loss : 3.315317
Loss : 3.226490
Loss : 3.070251
Loss : 3.344633
Loss : 3.365152
Loss : 3.346074
Loss : 3.359222
Loss : 3.420195
Loss : 3.309773
Loss : 3.346401
Loss : 3.330571
Loss : 3.290795
Loss : 3.413271
Loss : 3.220809
Loss : 3.319100
Loss : 3.357764
Loss : 3.427199
Loss : 3.373928
Loss : 3.420690
Loss : 3.280068
Loss : 3.164505
Loss : 3.280612
Loss : 3.331385
Loss : 3.192152
Loss : 3.091511
Loss : 3.273092
Loss : 3.149803
Loss : 3.258110
Loss : 3.349875
Loss : 3.108389
Loss : 3.219611
Loss : 3.345969
Loss : 3.305288
Loss : 3.486934
Loss : 3.234976
Loss : 3.294532
Loss : 3.060918
Loss : 3.076366
Loss : 3.121537
Loss : 2.985177
Loss : 3.224820
Loss : 3.222785
Loss : 3.360281
Loss : 3.296904
Loss : 3.421696
Loss : 3.307176
Loss : 3.353504
Loss : 3.316390
Loss : 3.395385
Loss : 3.145923
Loss : 3.057355
Loss : 3.458014
Loss : 3.382157
Loss : 3.103926
Loss : 3.130594
Loss : 3.158028
Loss : 3.484787
Loss : 3.351007
Loss : 3.395890
Loss : 3.437916
Loss : 3.341888
Loss : 3.188857
Loss : 3.212895
Loss : 3.246612
Loss : 3.371254
Loss : 3.468152
Loss : 3.332419
Loss : 3.379697
Loss : 3.437229
Loss : 3.319291
Loss : 3.328225
Loss : 3.195456
Loss : 3.220972
Loss : 3.432278
Loss : 3.437209
Loss : 3.203000
Loss : 3.325879
Loss : 3.283785
Loss : 3.287648
Loss : 3.177710
Loss : 3.158486
Loss : 3.383360
Loss : 3.117192
Loss : 3.264089
Loss : 3.395107
Loss : 3.297142
Loss : 3.271679
Loss : 3.389641
Loss : 3.363816
Loss : 3.359822
Loss : 3.420200
Loss : 3.348956
Loss : 3.381876
Loss : 3.444440
Loss : 3.314212
Loss : 3.414251
Loss : 3.285839
Loss : 3.365003
Loss : 3.239397
Loss : 3.349688
Loss : 3.177672
Loss : 3.366857
Loss : 3.386409
Loss : 3.397480
Loss : 3.329928
Loss : 3.359622
Loss : 3.367728
Loss : 3.496661
Loss : 3.230706
Loss : 3.338352
Loss : 3.186194
Loss : 3.373320
Loss : 3.368972
Loss : 3.358543
Loss : 3.179763
Loss : 3.376832
Loss : 3.330043
Loss : 3.324357
Loss : 3.245321
Loss : 3.337249
Loss : 3.302509
Loss : 3.238270
Loss : 3.282603
Loss : 3.132376
Loss : 3.104274
Loss : 3.234760
Loss : 3.399585
Loss : 3.225927
Loss : 3.315365
Loss : 3.399451
Loss : 3.345607
Loss : 3.398983
Loss : 3.107235
Loss : 3.350559
Loss : 3.195378
Loss : 3.231383
Loss : 3.212035
Loss : 3.430113
Loss : 3.133122
Loss : 3.164278
Loss : 3.340679
Loss : 3.316149
Loss : 3.275965
Loss : 3.168986
Loss : 3.359361
Loss : 3.183109
Loss : 3.373045
Loss : 2.621372
Loss : 3.257593
Loss : 3.326818
Loss : 3.312910
Loss : 3.239301
Loss : 3.076524
Loss : 3.371927
Loss : 3.271490
Loss : 3.235960
Loss : 3.096284
Loss : 3.158076
Loss : 3.233094
Loss : 3.218580
Loss : 3.268691
Loss : 3.216986
Loss : 2.982672
Loss : 3.023018
Loss : 2.947296
Loss : 3.168016
Loss : 3.191182
Loss : 3.010464
Loss : 3.322794
Loss : 3.153748
Loss : 2.983624
Loss : 2.972661
Loss : 3.122992
Loss : 2.990421
Loss : 3.293723
Loss : 3.180394
Loss : 3.142449
Loss : 3.187825
Loss : 2.808232
Loss : 3.289329
Loss : 3.365237
Loss : 3.354862
Loss : 3.344818
Loss : 3.296259
Loss : 3.352972
Loss : 3.365593
Loss : 3.499997
Loss : 3.325634
Loss : 3.228410
Loss : 3.240575
Loss : 3.270558
Loss : 3.149656
Loss : 3.222076
Loss : 3.167637
Loss : 3.246515
Loss : 3.402868
Loss : 3.417907
Loss : 3.375499
Loss : 3.327559
Loss : 3.314186
Loss : 3.156996
Loss : 3.289483
Loss : 3.221461
Loss : 3.180292
Loss : 3.226519
Loss : 3.234168
Loss : 3.339274
Loss : 3.260451
Loss : 3.215315
Loss : 3.333709
Loss : 3.181475
Loss : 3.283199
Loss : 3.264702
Loss : 3.097404
Loss : 3.402121
Loss : 3.207196
Loss : 3.121017
Loss : 3.232639
Loss : 3.152187
Loss : 3.335060
Loss : 3.362261
Loss : 3.317940
Loss : 3.323007
Loss : 3.358646
Loss : 3.117242
Loss : 3.370800
Loss : 3.316927
Loss : 3.163685
Loss : 3.144865
Loss : 3.166267
Loss : 3.324096
Loss : 3.214166
Loss : 3.188374
Loss : 3.139104
Loss : 3.263520
Loss : 3.289322
Loss : 3.375471
Loss : 3.269736
Loss : 3.257071
Loss : 3.163991
Loss : 3.263939
Loss : 3.261203
Loss : 3.215491
Loss : 3.269791
Loss : 3.050222
Loss : 2.974423
Loss : 3.302167
Loss : 3.147271
Loss : 3.350139
Loss : 3.280247
Loss : 3.150205
Loss : 3.129136
Loss : 3.350479
Loss : 3.274481
Loss : 3.353895
Loss : 3.103670
Loss : 3.200200
Loss : 3.013017
Loss : 3.299887
Loss : 3.311762
Loss : 2.892775
Loss : 3.353152
Loss : 3.331540
Loss : 3.282051
Loss : 3.055888
Loss : 3.346562
Loss : 3.282635
Loss : 3.290973
Loss : 3.256366
Loss : 3.259332
Loss : 3.383657
Loss : 3.401028
Loss : 3.208491
Loss : 3.254896
Loss : 3.287755
Loss : 3.285636
Loss : 3.382417
Loss : 3.361479
Loss : 3.302970
Loss : 3.383236
Loss : 3.116174
Loss : 2.556409
Loss : 3.222601
Loss : 3.194849
Loss : 3.269298
Loss : 3.435127
Loss : 3.358643
Loss : 3.278145
Loss : 3.237726
Loss : 3.021816
Loss : 2.262172
Loss : 2.036151
Loss : 3.073670
Loss : 3.215167
Loss : 3.292198
Loss : 3.385694
Loss : 3.265960
Loss : 3.305368
Loss : 3.241182
Loss : 3.262602
Loss : 3.154982
Loss : 3.369453
Loss : 3.239539
Loss : 3.277136
Loss : 3.080293
Loss : 2.850616
Loss : 3.260534
Loss : 3.231653
Loss : 3.400735
Loss : 3.236713
Loss : 3.279814
Loss : 2.981379
Loss : 3.153056
Loss : 3.198634
Loss : 3.302387
Loss : 3.312565
Loss : 3.220192
Loss : 3.302026
Loss : 3.258146
Loss : 3.429842
Loss : 3.290080
Loss : 3.072346
Loss : 3.233716
Loss : 3.155803
Loss : 3.180287
Loss : 3.315555
Loss : 3.331736
Loss : 3.288333
Loss : 3.194717
Loss : 3.251140
Loss : 3.210392
Loss : 3.292945
Loss : 3.313392
Loss : 3.279547
Loss : 3.349718
Loss : 3.145199
Loss : 3.490956
Loss : 3.401626
Loss : 3.271386
Loss : 3.344528
Loss : 3.209399
Loss : 3.445035
Loss : 3.372481
Loss : 3.182249
Loss : 3.237358
Loss : 3.383796
Loss : 3.398494
Loss : 3.398710
Loss : 3.262145
Loss : 3.361562
Loss : 3.023258
Loss : 3.197703
Loss : 3.374665
Loss : 3.406247
Loss : 3.412686
Loss : 3.315325
Loss : 3.235712
Loss : 3.190182
Loss : 3.330351
Loss : 3.249269
Loss : 3.217160
Loss : 3.191620
Loss : 3.335558
Loss : 3.371973
Loss : 3.329905
Loss : 3.210519
Loss : 3.315144
Loss : 3.235606
Loss : 3.201925
Loss : 3.326043
Loss : 3.268368
Loss : 3.319831
Loss : 3.307261
Loss : 3.241960
Loss : 3.381184
Loss : 3.308274
Loss : 3.345233
Loss : 3.279353
Loss : 3.326484
Loss : 3.237284
Loss : 3.354452
Loss : 3.409906
Loss : 3.322219
Loss : 3.267571
Loss : 3.266967
Loss : 3.208612
Loss : 3.248115
Loss : 3.249886
Loss : 3.031970
Loss : 3.398512
Loss : 3.300685
Loss : 3.247842
Loss : 3.295271
Loss : 3.333837
Loss : 3.188175
Loss : 3.244956
Loss : 3.290496
Loss : 3.234146
Loss : 3.277451
Loss : 3.166525
Loss : 3.107561
Loss : 3.175679
Loss : 3.238018
Loss : 3.137488
Loss : 3.239825
Loss : 3.276049
Loss : 3.176388
Loss : 3.271538
Loss : 3.206045
Loss : 3.359556
Loss : 3.096128
Loss : 3.251577
Loss : 3.217062
Loss : 3.233134
Loss : 3.294019
Loss : 3.359111
Loss : 3.250333
Loss : 3.353031
Loss : 3.291588
Loss : 3.204894
Loss : 3.316569
Loss : 3.265982
Loss : 2.959267
Loss : 3.259076
Loss : 3.147684
Loss : 3.292872
Loss : 3.288013
Loss : 3.307145
Loss : 3.400315
Loss : 3.243373
Loss : 3.347287
Loss : 3.347541
Loss : 3.344494
Loss : 3.183225
Loss : 3.322345
Loss : 3.217356
Loss : 3.291481
Loss : 3.243233
Loss : 3.270354
Loss : 3.172307
Loss : 3.327099
Loss : 3.256979
Loss : 3.274590
Loss : 3.294307
Loss : 3.346483
Loss : 3.307067
Loss : 3.176876
Loss : 3.143970
Loss : 3.374563
Loss : 3.232684
Loss : 3.059901
Loss : 3.155231
Loss : 3.343145
Loss : 3.246844
Loss : 3.075117
Loss : 3.085085
Loss : 3.053529
Loss : 3.168344
Loss : 3.006708
Loss : 3.111488
Loss : 3.364177
Loss : 3.257032
Loss : 3.203567
Loss : 3.276972
Loss : 3.261724
Loss : 3.071915
Loss : 3.336802
Loss : 3.327378
Loss : 3.072343
Loss : 3.425953
Loss : 3.269978
Loss : 3.344422
Loss : 3.372254
Loss : 3.245510
Loss : 3.248719
Loss : 3.289576
Loss : 3.209865
Loss : 3.255379
Loss : 3.241033
Loss : 3.330884
Loss : 3.311159
Loss : 3.288779
Loss : 3.256855
Loss : 3.218147
Loss : 2.976663
Loss : 3.230663
Loss : 3.240982
Loss : 3.344859
Loss : 2.782467
Loss : 3.340114
Loss : 3.264916
Loss : 3.202979
Loss : 3.170304
Loss : 3.158988
Loss : 3.282164
Loss : 2.905048
Loss : 2.878371
Loss : 3.123966
Loss : 3.177790
Loss : 3.195203
Loss : 3.213036
Loss : 3.183239
Loss : 3.264898
Loss : 3.128091
Loss : 3.372700
Loss : 3.029869
Loss : 3.348874
Loss : 3.210435
Loss : 3.203125
Loss : 3.256932
Loss : 3.237094
Loss : 3.251996
Loss : 3.328819
Loss : 3.207495
Loss : 3.275342
Loss : 3.219495
Loss : 3.363462
Loss : 3.241635
Loss : 3.191706
Loss : 3.278789
Loss : 3.250840
Loss : 3.190115
Loss : 3.226472
Loss : 3.262995
Loss : 3.297664
Loss : 3.217414
Loss : 3.071196
Loss : 3.283603
Loss : 3.267075
Loss : 3.382207
Loss : 3.189500
Loss : 3.147144
Loss : 3.011500
Loss : 3.281730
Loss : 3.253696
Loss : 3.198844
Loss : 3.280002
Loss : 3.310695
Loss : 3.174279
Loss : 3.278362
Loss : 3.275702
Loss : 3.446241
Loss : 3.393206
Loss : 3.238158
Loss : 3.034817
Loss : 3.240671
Loss : 3.269097
Loss : 3.278938
Loss : 3.322050
Loss : 3.311187
Loss : 3.307132
Loss : 3.231282
Loss : 3.247975
Loss : 3.212715
Loss : 3.044873
Loss : 3.309819
Loss : 3.345839
Loss : 3.279774
Loss : 3.290697
Loss : 3.327014
Loss : 2.857395
Loss : 3.266865
Loss : 3.284144
Loss : 3.250035
Loss : 3.100143
Loss : 3.268081
Loss : 3.303527
Loss : 3.167293
Loss : 3.329008
Loss : 3.207090
Loss : 3.404849
Loss : 3.277427
Loss : 3.333209
Loss : 3.329207
Loss : 3.211321
Loss : 3.164657
Loss : 3.385045
Loss : 3.382650
Loss : 3.324116
Loss : 3.307849
Loss : 3.369250
Loss : 3.219910
Loss : 3.156866
Loss : 3.380273
Loss : 3.306398
Loss : 3.317435
Loss : 3.295660
Loss : 3.262294
Loss : 3.157257
Loss : 3.188616
Loss : 3.275507
Loss : 3.222748
Loss : 3.279094
Loss : 3.080931
Loss : 3.164525
Loss : 3.232323
Loss : 3.092430
Loss : 3.275466
Loss : 3.110311
Loss : 3.005329
Loss : 3.139916
Loss : 3.182303
Loss : 3.255128
Loss : 3.286811
Loss : 3.256127
Loss : 3.241722
Loss : 3.217299
Loss : 3.148627
Loss : 3.302079
Loss : 3.352157
Loss : 3.170687
Loss : 3.090862
Loss : 3.000812
Loss : 2.992377
Loss : 2.987920
Loss : 3.021635
Loss : 2.991105
Loss : 3.013539
Loss : 2.955749
Loss : 3.215402
Loss : 3.014335
Loss : 3.317309
Loss : 3.308526
Loss : 3.363903
Loss : 3.279730
Loss : 3.299799
Loss : 3.055430
Loss : 3.323039
Loss : 3.318880
Loss : 3.178088
Loss : 3.297275
Loss : 3.296780
Loss : 3.286658
Loss : 3.169222
Loss : 3.418124
Loss : 3.259268
Loss : 3.081084
Loss : 3.348590
Loss : 3.118953
Loss : 2.979612
Loss : 3.270472
Loss : 3.322934
Loss : 2.889625
Loss : 3.026122
Loss : 3.230717
Loss : 3.279570
Loss : 3.249766
Loss : 3.034604
Loss : 3.149863
Loss : 3.125235
Loss : 3.304692
Loss : 3.236968
Loss : 3.233851
Loss : 3.178070
Loss : 3.216241
Loss : 3.000215
Loss : 3.066996
Loss : 3.186803
Loss : 3.223864
Loss : 3.269533
Loss : 3.239348
Loss : 3.322116
Loss : 3.219840
Loss : 3.128459
Loss : 3.143846
Loss : 3.352690
Loss : 3.283571
Loss : 3.376590
Loss : 3.284724
Loss : 3.269048
Loss : 3.303882
Loss : 3.292606
Loss : 3.143771
Loss : 3.008791
Loss : 3.260202
Loss : 3.248568
Loss : 3.190540
Loss : 3.353361
Loss : 3.200220
Loss : 3.225433
Loss : 3.254877
Loss : 3.298034
Loss : 3.185959
Loss : 3.121123
Loss : 3.372302
Loss : 3.178040
Loss : 3.310321
Loss : 3.284692
Loss : 3.340871
Loss : 3.300302
Loss : 3.220331
Loss : 3.153873
Loss : 3.280906
Loss : 3.323156
Loss : 3.274821
Loss : 3.252007
Loss : 3.176629
Loss : 3.304016
Loss : 3.193234
Loss : 3.194699
Loss : 3.170815
Loss : 3.268967
Loss : 3.091122
Loss : 3.295064
Loss : 3.172101
Loss : 3.322405
Loss : 3.186606
Loss : 3.217078
Loss : 3.112700
Loss : 2.959936
Loss : 3.397259
Loss : 3.098964
Loss : 3.308802
Loss : 3.375252
Loss : 3.239866
Loss : 3.243054
Loss : 3.305585
Loss : 3.052256
Loss : 3.217407
Loss : 3.344073
Loss : 3.193013
Loss : 3.257543
Loss : 3.302059
Loss : 3.295001
Loss : 3.191231
Loss : 3.255586
Loss : 3.235730
Loss : 3.198680
Loss : 3.213516
Loss : 3.303290
Loss : 3.169720
Loss : 3.173758
Loss : 2.645029
Loss : 3.211888
Loss : 3.168629
Loss : 3.373732
Loss : 3.236054
Loss : 3.297181
Loss : 3.183691
Loss : 3.204203
Loss : 3.284444
Loss : 3.221067
Loss : 3.254021
Loss : 2.999874
Loss : 2.798614
Loss : 3.268456
Loss : 3.244978
Loss : 3.122235
Loss : 3.294608
Loss : 3.205194
Loss : 3.213678
Loss : 3.310980
Loss : 3.192012
Loss : 2.992045
Loss : 3.303620
Loss : 3.097657
Loss : 2.967641
Loss : 3.142936
Loss : 3.094671
Loss : 2.885479
Loss : 3.081809
Loss : 3.269301
Loss : 3.353503
Loss : 3.193108
Loss : 3.254082
Loss : 3.140160
Loss : 3.123988
Loss : 3.220489
Loss : 3.157378
Loss : 3.243078
Loss : 3.230576
Loss : 3.229861
Loss : 3.146606
Loss : 3.277158
Loss : 3.208872
Loss : 3.302016
Loss : 3.266337
Loss : 3.230280
Loss : 3.126560
Loss : 3.275900
Loss : 3.008040
Loss : 3.175923
Loss : 3.195852
Loss : 3.202445
Loss : 3.023511
Loss : 3.296223
Loss : 3.110850
Loss : 3.267263
Loss : 3.264630
Loss : 3.134589
Loss : 3.202208
Loss : 3.258476
Loss : 2.914541
Loss : 3.157728
Loss : 3.183076
Loss : 3.220772
Loss : 2.812307
Loss : 3.042759
Loss : 2.853015
Loss : 3.362735
Loss : 3.337041
Loss : 3.189555
Loss : 3.265043
Loss : 3.294144
Loss : 3.284668
Loss : 3.113566
Loss : 3.246288
Loss : 3.348047
Loss : 3.177458
Loss : 3.148490
Loss : 3.301698
Loss : 2.934768
Loss : 3.224052
Loss : 2.997766
Loss : 3.147359
Loss : 3.149834
Loss : 3.321858
Loss : 3.130229
Loss : 3.112313
Loss : 3.234802
Loss : 3.171884
Loss : 3.135001
Loss : 3.101959
Loss : 3.261021
Loss : 3.331633
Loss : 3.144498
Loss : 3.372462
Loss : 3.100995
Loss : 3.284988
Loss : 3.292685
Loss : 3.278544
Loss : 3.166183
Loss : 3.290468
Loss : 3.340265
Loss : 3.253764
Loss : 3.042094
Loss : 3.227517
Loss : 3.118074
Loss : 3.033397
Loss : 3.157926
Loss : 2.506031
Loss : 2.331142
Loss : 2.787863
Loss : 3.352643
Loss : 2.809470
Loss : 2.941210
Loss : 2.987450
Loss : 3.153793
Loss : 3.361030
Loss : 3.254987
Loss : 3.190309
Loss : 3.296439
Loss : 3.119488
Loss : 3.100002
Loss : 3.273216
Loss : 3.158545
Loss : 3.315101
Loss : 3.293225
Loss : 3.151440
Loss : 3.178840
Loss : 3.447364
Loss : 3.329632
Loss : 3.228654
Loss : 3.184620
Loss : 3.254320
Loss : 3.244949
Loss : 3.312792
Loss : 3.005859
Loss : 3.168108
Loss : 3.297339
Loss : 3.215014
Loss : 3.307685
Loss : 3.174914
Loss : 3.276603
Loss : 3.245488
Loss : 3.339755
Loss : 3.332668
Loss : 3.327163
Loss : 3.123985
Loss : 3.317278
Loss : 3.218944
Loss : 3.018362
Loss : 3.250028
Loss : 3.016521
Loss : 3.173032
Loss : 3.218995
Loss : 3.318129
Loss : 3.224854
Loss : 3.212653
Loss : 3.300796
Loss : 3.223533
Loss : 3.202481
Loss : 3.226849
Loss : 3.172046
Loss : 3.265474
Loss : 3.239927
Loss : 3.259444
Loss : 3.258318
Loss : 3.052624
Loss : 3.103412
Loss : 3.041786
Loss : 3.250125
Loss : 3.217750
Loss : 3.068871
Loss : 3.092787
Loss : 3.248921
Loss : 3.287660
Loss : 3.250118
Loss : 3.207214
Loss : 3.279995
Loss : 3.219841
Loss : 3.248556
Loss : 3.226826
Loss : 3.180585
Loss : 3.339236
Loss : 3.295241
Loss : 3.239048
Loss : 3.085998
Loss : 3.167954
Loss : 3.045210
Loss : 2.980334
Loss : 3.027851
Loss : 3.046950
Loss : 3.040391
Loss : 3.071741
Loss : 3.305295
Loss : 3.237350
Loss : 2.947465
Loss : 3.009199
Loss : 2.934583
Loss : 2.995605
Loss : 3.003814
Loss : 2.633464
Loss : 3.140389
Loss : 3.386392
Loss : 3.286791
Loss : 3.286686
Loss : 3.235060
Loss : 3.355772
Loss : 3.247980
Loss : 3.225381
Loss : 3.404601
Loss : 3.272271
Loss : 3.257959
Loss : 3.395551
Loss : 3.281163
Loss : 3.180521
Loss : 2.975618
Loss : 3.204464
Loss : 3.202529
Loss : 3.322572
Loss : 3.121972
Loss : 3.222400
Loss : 3.293814
Loss : 3.247016
Loss : 3.030498
Loss : 3.061333
Loss : 3.122425
Loss : 3.120013
Loss : 3.123840
Loss : 3.177227
Loss : 3.254739
Loss : 3.278817
Loss : 3.380088
Loss : 3.246805
Loss : 3.185342
Loss : 3.324473
Loss : 3.205330
Loss : 3.247053
Loss : 3.206955
Loss : 3.094828
Loss : 3.297905
Loss : 3.281998
Loss : 3.297215
Loss : 3.194227
Loss : 3.370034
Loss : 3.192318
Loss : 3.257270
Loss : 3.283384
Loss : 3.256257
Loss : 3.155531
Loss : 3.228009
Loss : 3.310142
Loss : 3.249975
Loss : 3.195464
Loss : 3.238167
Loss : 3.073091
Loss : 3.144811
Loss : 3.292400
Loss : 3.331196
Loss : 3.120731
Loss : 3.350815
Loss : 3.329089
Loss : 3.334096
Loss : 3.168402
Loss : 3.318911
Loss : 3.313838
Loss : 3.268445
Loss : 3.137302
Loss : 3.128745
Loss : 3.252786
Loss : 3.339957
Loss : 3.238551
Loss : 3.302918
Loss : 3.198314
Loss : 3.253555
Loss : 3.217330
Loss : 3.262959
Loss : 3.283083
Loss : 3.244148
Loss : 3.170398
Loss : 3.035944
Loss : 3.038453
Loss : 3.257998
Loss : 3.338940
Loss : 3.289944
Loss : 3.274262
Loss : 3.342971
Loss : 3.234910
Loss : 3.364812
Loss : 3.235217
Loss : 3.140289
Loss : 3.227021
Loss : 3.188675
Loss : 3.300583
Loss : 3.206248
Loss : 3.173997
Loss : 3.250550
Loss : 3.349505
Loss : 3.302561
Loss : 3.271388
Loss : 3.207275
Loss : 3.119301
Loss : 3.192701
Loss : 3.338225
Loss : 3.279560
Loss : 3.338205
Loss : 3.269730
Loss : 3.165113
Loss : 3.148367
Loss : 3.219197
Loss : 3.261835
Loss : 3.282128
Loss : 3.080197
Loss : 3.270718
Loss : 3.259960
Loss : 3.187986
Loss : 3.140884
Loss : 3.158057
Loss : 3.275696
Loss : 3.173281
Loss : 3.250652
Loss : 3.240597
Loss : 3.168587
Loss : 3.150771
Loss : 3.068658
Loss : 3.188852
Loss : 2.930684
Loss : 3.022453
Loss : 2.959600
Loss : 2.975004
Loss : 3.278048
Loss : 3.311241
Loss : 3.234622
Loss : 3.187246
Loss : 3.293768
Loss : 3.271213
Loss : 3.338303
Loss : 3.300141
Loss : 3.240358
Loss : 3.261745
Loss : 3.050552
Loss : 3.187019
Loss : 3.229818
Loss : 3.339989
Loss : 3.291024
Loss : 3.320077
Loss : 3.190007
Loss : 3.209489
Loss : 3.186435
Loss : 3.212859
Loss : 3.287424
Loss : 3.245382
Loss : 3.305171
Loss : 3.267865
Loss : 3.184714
Loss : 3.203708
Loss : 3.184299
Loss : 3.222563
Loss : 3.268135
Loss : 3.261686
Loss : 3.246188
Loss : 3.306359
Loss : 3.196757
Loss : 3.165073
Loss : 3.131528
Loss : 3.273514
Loss : 3.210980
Loss : 3.066278
Loss : 3.075789
Loss : 2.993975
Loss : 3.325458
Loss : 3.050292
Loss : 3.284407
Loss : 3.278668
Loss : 3.141353
Loss : 3.335991
Loss : 3.272668
Loss : 3.216366
Loss : 3.315253
Loss : 3.368007
Loss : 3.271857
Loss : 3.199463
Loss : 3.177193
Loss : 3.121904
Loss : 3.302029
Loss : 3.231750
Loss : 3.217111
Loss : 3.197045
Loss : 3.104969
Loss : 3.216003
Loss : 3.260814
Loss : 3.153376
Loss : 2.949459
Loss : 3.029135
Loss : 3.144933
Loss : 3.001392
Loss : 3.181065
Loss : 3.275726
Loss : 3.273555
Loss : 3.139005
Loss : 3.245314
Loss : 3.296182
Loss : 3.059522
Loss : 3.069169
Loss : 3.146109
Loss : 3.232718
Loss : 3.178803
Loss : 3.172940
Loss : 3.190673
Loss : 3.310355
Loss : 3.182253
Loss : 3.211633
Loss : 3.380225
Loss : 3.258345
Loss : 3.229846
Loss : 3.191010
Loss : 3.099321
Loss : 3.128058
Loss : 3.294910
Loss : 3.327815
Loss : 3.226774
Loss : 3.328097
Loss : 3.360789
Loss : 3.245379
Loss : 3.170802
Loss : 3.321079
Loss : 3.350109
Loss : 3.219115
Loss : 3.218055
Loss : 3.302767
Loss : 3.183208
Loss : 3.128100
Loss : 3.183150
Loss : 3.222840
Loss : 3.222941
Loss : 3.214037
Loss : 3.203527
Loss : 3.172527
Loss : 3.255323
Loss : 3.255900
Loss : 3.344021
Loss : 3.246557
Loss : 3.287617
Loss : 3.122783
Loss : 3.190546
Loss : 2.927783
Loss : 3.287662
Loss : 3.203558
Loss : 3.287778
Loss : 3.163171
Loss : 3.307487
Loss : 3.226951
Loss : 3.262911
Loss : 3.397855
Loss : 3.067971
Loss : 3.358796
Loss : 3.151712
Loss : 3.289799
Loss : 3.312127
Loss : 3.325563
Loss : 3.162559
Loss : 3.282193
Loss : 3.110533
Loss : 3.255506
Loss : 2.880680
Loss : 3.106937
Loss : 3.304344
Loss : 3.278625
Loss : 3.225264
Loss : 3.132701
Loss : 3.163977
Loss : 3.229762
Loss : 3.283697
Loss : 3.174334
Loss : 3.252619
Loss : 3.199162
Loss : 3.306274
Loss : 3.266178
Loss : 3.156610
Loss : 3.319687
Loss : 3.213342
Loss : 3.226876
Loss : 3.207658
Loss : 3.185042
Loss : 3.218597
Loss : 3.164756
Loss : 3.245867
Loss : 3.264251
Loss : 3.164885
Loss : 3.300038
Loss : 2.977953
Loss : 3.182702
Loss : 3.165620
Loss : 3.314570
Loss : 3.285925
Loss : 3.145212
Loss : 3.202082
Loss : 3.089162
Loss : 3.006916
Loss : 3.149452
Loss : 2.945803
Loss : 2.892649
Loss : 3.030415
Loss : 2.851501
Loss : 3.004701
Loss : 3.234556
Loss : 3.189901
Loss : 3.108591
Loss : 3.279458
Loss : 3.084033
Loss : 3.147322
Loss : 3.142989
Loss : 3.100795
Loss : 3.197552
Loss : 3.141225
Loss : 2.999483
Loss : 3.139858
Loss : 3.265823
Loss : 3.204493
Loss : 3.237146
Loss : 3.177521
Loss : 3.261666
Loss : 3.083307
Loss : 3.128588
Loss : 3.221332
Loss : 3.114206
Loss : 3.186358
Loss : 3.032573
Loss : 3.232336
Loss : 3.240405
Loss : 3.195062
Loss : 3.052184
Loss : 3.175886
Loss : 3.193459
Loss : 3.236387
Loss : 3.062099
Loss : 3.210028
Loss : 3.346177
Loss : 3.215458
Loss : 3.199255
Loss : 3.289399
Loss : 3.237475
Loss : 3.248977
Loss : 3.191341
Loss : 3.034562
Loss : 3.082676
Loss : 3.115987
Loss : 3.230705
Loss : 3.121941
Loss : 3.097323
Loss : 2.399068
Loss : 3.214312
Loss : 3.098263
Loss : 3.268261
Loss : 3.268902
Loss : 3.266707
Loss : 3.093825
Loss : 3.169689
Loss : 3.182123
Loss : 3.109180
Loss : 3.198206
Loss : 3.385385
Loss : 3.176981
Loss : 3.281290
Loss : 3.224227
Loss : 3.112520
Loss : 3.163522
Loss : 3.171726
Loss : 3.114268
Loss : 3.179955
Loss : 3.103558
Loss : 3.241717
Loss : 3.042406
Loss : 3.244713
Loss : 3.288679
Loss : 3.004878
Loss : 2.997737
Loss : 3.209114
Loss : 3.293995
Loss : 2.984803
Loss : 3.203290
Loss : 3.154041
Loss : 3.308563
Loss : 3.172700
Loss : 3.231463
Loss : 3.219182
Loss : 3.151705
Loss : 3.258334
Loss : 3.121950
Loss : 3.040814
Loss : 3.017963
Loss : 3.183577
Loss : 3.113671
Loss : 2.922640
Loss : 3.301650
Loss : 3.263284
Loss : 3.224943
Loss : 3.282132
Loss : 3.143896
Loss : 3.032582
Loss : 3.059754
Loss : 3.323671
Loss : 3.254116
Loss : 3.267697
Loss : 3.176955
Loss : 3.266685
Loss : 3.299700
Loss : 3.290036
Loss : 3.237719
Loss : 3.236943
Loss : 3.194479
Loss : 3.176907
Loss : 3.271165
Loss : 3.222031
Loss : 3.217546
Loss : 3.159687
Loss : 3.251144
Loss : 2.994731
Loss : 3.028626
Loss : 2.973220
Loss : 3.114217
Loss : 3.324831
Loss : 3.123812
Loss : 3.338873
Loss : 3.255531
Loss : 2.918261
Loss : 2.738856
Loss : 2.755175
Loss : 2.607926
Loss : 2.913141
Loss : 2.895788
Loss : 2.610566
Loss : 2.662455
Loss : 2.970465
Loss : 3.145442
Loss : 2.904874
Loss : 2.635318
Loss : 2.909450
Loss : 2.829456
Loss : 2.896502
Loss : 2.691437
Loss : 3.061234
Loss : 2.863975
Loss : 3.139811
Loss : 3.078716
Loss : 3.109967
Loss : 3.044466
Loss : 1.973869
Loss : 3.065207
Loss : 3.156360
Loss : 2.941385
Loss : 3.238966
Loss : 3.169507
Loss : 3.209646
Loss : 3.197109
Loss : 3.008577
Loss : 3.164529
Loss : 3.230293
Loss : 2.920329
Loss : 3.046849
Loss : 3.148446
Loss : 3.176631
Loss : 2.897230
Loss : 3.169166
Loss : 3.022499
Loss : 2.575855
Loss : 3.041095
Loss : 3.023792
Loss : 3.304798
Loss : 3.103051
Loss : 3.088832
Loss : 2.880815
Loss : 3.179091
Loss : 3.252819
Loss : 3.089215
Loss : 3.241795
Loss : 2.876136
Loss : 3.234257
Loss : 2.919924
Loss : 3.170833
Loss : 3.289616
Loss : 3.217070
Loss : 3.080127
Loss : 3.170994
Loss : 3.131544
Loss : 3.215162
Loss : 3.183283
Loss : 3.269850
Loss : 3.187429
Loss : 3.167382
Loss : 2.868997
Loss : 3.088136
Loss : 3.010556
Loss : 3.146964
Loss : 3.276831
Loss : 3.253254
Loss : 3.264812
Loss : 3.172348
Loss : 3.273533
Loss : 3.216099
Loss : 3.156477
Loss : 3.220049
Loss : 3.289788
Loss : 3.257711
Loss : 3.187068
Loss : 3.198906
Loss : 3.184882
Loss : 3.255721
Loss : 3.214014
Loss : 3.230341
Loss : 3.094290
Loss : 3.086847
Loss : 3.203608
Loss : 3.264224
Loss : 3.221997
Loss : 3.239173
Loss : 3.225109
Loss : 3.174339
Loss : 3.199046
Loss : 3.164523
Loss : 3.179299
Loss : 3.251332
Loss : 3.206360
Loss : 3.182532
Loss : 3.280632
Loss : 3.172149
Loss : 3.178801
Loss : 3.298285
Loss : 3.197218
Loss : 3.112198
Loss : 3.056499
Loss : 3.317386
Loss : 3.203076
Loss : 3.316372
Loss : 3.236659
Loss : 3.278332
Loss : 3.119545
Loss : 3.294809
Loss : 3.225093
Loss : 3.093188
Loss : 2.874080
Loss : 3.032472
Loss : 2.961253
Loss : 2.940338
Loss : 3.212952
Loss : 3.271340
Loss : 3.002615
Loss : 3.242533
Loss : 3.190710
Loss : 3.278819
Loss : 3.138219
Loss : 3.241220
Loss : 3.119847
Loss : 3.236959
Loss : 3.260585
Loss : 3.136018
Loss : 3.181828
Loss : 3.230732
Loss : 3.163404
Loss : 3.362439
Loss : 3.258916
Loss : 3.233019
Loss : 3.261506
Loss : 3.268315
Loss : 3.228454
Loss : 3.267820
Loss : 3.163736
Loss : 3.234182
Loss : 3.272716
Loss : 3.295121
Loss : 3.201575
Loss : 3.228412
Loss : 3.183619
Loss : 3.247412
Loss : 3.203702
Loss : 3.211034
Loss : 3.225581
Loss : 3.263648
Loss : 3.277012
Loss : 3.319272
Loss : 3.318689
Loss : 3.216527
Loss : 3.368826
Loss : 3.296385
Loss : 3.247639
Loss : 3.312120
Loss : 3.218795
Loss : 3.310285
Loss : 3.212269
Loss : 3.256148
Loss : 3.340078
Loss : 3.297495
Loss : 3.259455
Loss : 3.298603
Loss : 3.222436
Loss : 3.290608
Loss : 3.339455
Loss : 3.345638
Loss : 3.205584
Loss : 3.230087
Loss : 3.288945
Loss : 3.247734
Loss : 3.185685
Loss : 3.270144
Loss : 3.315155
Loss : 3.250902
Loss : 3.152024
Loss : 3.250037
Loss : 3.263947
Loss : 3.276206
Loss : 3.266546
Loss : 3.237832
Loss : 3.215429
Loss : 3.058794
Loss : 3.202069
Loss : 3.126472
Loss : 3.313150
Loss : 3.205368
Loss : 3.195623
Loss : 3.157892
Loss : 3.143560
Loss : 3.244021
Loss : 3.233230
Loss : 3.197009
Loss : 3.122274
Loss : 3.082852
Loss : 3.263827
Loss : 3.209267
Loss : 3.237625
Loss : 3.124078
Loss : 3.182205
Loss : 3.226002
Loss : 3.194486
Loss : 3.170417
Loss : 3.111405
Loss : 3.274043
Loss : 3.181974
Loss : 3.007924
Loss : 3.072685
Loss : 3.008775
Loss : 3.092213
Loss : 2.985474
Loss : 2.914532
Loss : 3.006099
Loss : 2.866601
Loss : 2.779042
Loss : 2.879144
Loss : 2.977223
Loss : 2.808521
Loss : 2.862475
Loss : 3.277486
Loss : 3.318721
Loss : 3.247156
Loss : 3.259221
Loss : 3.091603
Loss : 3.258918
Loss : 3.304022
Loss : 3.140368
Loss : 3.057990
Loss : 3.261615
Loss : 3.217913
Loss : 3.127044
Loss : 3.222394
Loss : 3.298364
Loss : 3.187589
Loss : 3.181037
Loss : 3.093181
Loss : 2.953544
Loss : 3.191943
Loss : 3.143196
Loss : 3.206750
Loss : 3.055961
Loss : 3.131437
Loss : 2.763899
Loss : 3.254973
Loss : 3.157583
Loss : 3.176123
Loss : 3.089870
Loss : 3.315661
Loss : 3.199490
Loss : 3.316925
Loss : 3.352314
Loss : 3.212930
Loss : 3.301332
Loss : 3.057542
Loss : 3.167583
Loss : 3.072387
Loss : 3.176547
Loss : 3.147402
Loss : 3.157408
Loss : 3.152709
Loss : 3.074182
Loss : 3.120632
Loss : 2.856157
Loss : 3.131982
Loss : 3.247210
Loss : 3.084936
Loss : 2.866047
Loss : 3.215920
Loss : 3.206063
Loss : 3.386370
Loss : 2.571553
Loss : 3.012767
Loss : 3.325034
Loss : 3.159670
Loss : 3.129600
Loss : 3.130913
Loss : 3.279060
Loss : 3.208112
Loss : 3.148017
Loss : 3.190382
Loss : 3.264839
Loss : 3.226465
Loss : 3.283831
Loss : 3.300039
Loss : 3.280206
Loss : 3.124236
Loss : 3.104588
Loss : 3.338727
Loss : 3.287558
Loss : 3.235063
Loss : 2.165478
Loss : 3.225378
Loss : 3.259955
Loss : 3.190758
Loss : 3.147753
Loss : 3.193106
Loss : 3.105675
Loss : 3.041062
Loss : 3.258912
Loss : 3.180618
Loss : 3.276837
Loss : 3.182398
Loss : 3.294853
Loss : 3.261989
Loss : 3.198728
Loss : 3.270342
Loss : 2.961362
Loss : 3.247218
Loss : 3.320071
Loss : 3.168963
Loss : 3.293458
Loss : 3.261960
Loss : 3.285292
Loss : 3.279891
Loss : 3.235368
Loss : 3.344575
Loss : 3.207622
Loss : 3.357809
Loss : 3.152264
Loss : 3.105031
Loss : 3.229993
Loss : 3.046564
Loss : 3.133548
Loss : 3.176516
Loss : 3.198506
Loss : 3.270476
Loss : 3.225187
Loss : 3.050051
Loss : 3.253040
Loss : 3.208208
Loss : 2.708685
Loss : 2.562975
Loss : 3.217723
Loss : 3.163875
Loss : 3.177910
Loss : 3.212671
Loss : 3.245378
Loss : 3.231230
Loss : 3.288714
Loss : 3.188416
Loss : 3.092797
Loss : 3.197017
Loss : 3.201224
Loss : 3.180450
Loss : 3.313935
Loss : 3.271338
Loss : 3.214764
Loss : 3.126043
Loss : 3.225328
Loss : 3.260172
Loss : 3.222742
Loss : 3.306987
Loss : 3.120790
Loss : 3.069018
Loss : 3.140562
Loss : 3.239629
Loss : 3.115345
Loss : 2.950362
Loss : 3.060777
Loss : 2.767335
Loss : 2.988894
Loss : 2.892126
Loss : 3.108189
Loss : 2.901342
Loss : 2.863690
Loss : 2.810519
Loss : 3.258117
Loss : 2.892939
Loss : 3.143853
Loss : 3.025164
Loss : 3.063855
Loss : 2.942365
Loss : 2.955871
Loss : 3.143894
Loss : 2.813387
Loss : 2.920815
Loss : 2.919616
Loss : 2.807812
Loss : 2.812746
Loss : 2.813274
Loss : 2.851029
Loss : 3.268205
Loss : 3.257007
Loss : 3.226192
Loss : 3.172846
Loss : 3.197454
Loss : 3.052149
Loss : 2.791881
Loss : 2.752119
Loss : 3.142288
Loss : 3.284140
Loss : 3.278999
Loss : 3.252532
Loss : 3.196753
Loss : 3.152875
Loss : 3.296622
Loss : 3.134037
Loss : 3.159673
Loss : 3.257191
Loss : 3.081616
Loss : 3.129847
Loss : 3.019815
Loss : 3.063257
Loss : 3.140760
Loss : 3.051399
Loss : 3.060654
Loss : 3.037515
Loss : 3.250157
Loss : 3.207167
Loss : 3.300047
Loss : 3.260102
Loss : 3.199627
Loss : 3.137586
Loss : 3.207766
Loss : 3.149013
Loss : 3.258933
Loss : 3.160497
Loss : 3.220699
Loss : 3.202224
Loss : 3.118235
Loss : 3.250854
Loss : 3.217804
Loss : 3.194581
Loss : 3.054141
Loss : 2.725697
Loss : 2.971906
Loss : 3.286993
Loss : 3.177186
Loss : 2.923928
Loss : 2.733679
Loss : 3.193448
Loss : 2.974588
Loss : 2.834632
Loss : 2.974237
Loss : 3.049035
Loss : 3.223914
Loss : 3.174139
Loss : 3.223834
Loss : 3.246651
Loss : 3.105044
Loss : 3.223322
Loss : 3.177235
Loss : 3.196742
Loss : 3.146487
Loss : 3.216266
Loss : 3.114583
Loss : 2.987602
Loss : 3.202140
Loss : 3.108753
Loss : 3.140613
Loss : 3.151788
Loss : 3.204228
Loss : 3.282445
Loss : 3.172617
Loss : 3.265713
Loss : 3.131981
Loss : 3.143375
Loss : 3.280105
Loss : 3.173193
Loss : 3.185849
Loss : 3.244399
Loss : 3.132718
Loss : 3.298396
Loss : 3.331058
Loss : 3.360569
Loss : 3.238201
Loss : 3.176848
Loss : 3.242985
Loss : 3.170558
Loss : 3.140214
Loss : 3.132757
Loss : 3.108847
Loss : 3.229762
Loss : 3.230548
Loss : 3.036217
Loss : 2.988372
Loss : 3.028878
Loss : 3.183967
Loss : 3.297969
Loss : 3.230712
Loss : 3.331417
Loss : 3.253738
Loss : 3.329488
Loss : 3.225131
Loss : 3.023216
Loss : 3.206983
Loss : 3.111099
Loss : 3.336434
Loss : 3.114971
Loss : 3.264768
Loss : 3.324602
Loss : 2.753214
Loss : 3.254180
Loss : 3.285770
Loss : 3.020389
Loss : 2.987920
Loss : 3.182488
Loss : 3.134888
Loss : 3.254587
Loss : 3.119977
Loss : 3.069544
Loss : 3.375859
Loss : 3.198909
Loss : 3.098926
Loss : 2.991728
Loss : 3.097005
Loss : 3.133781
Loss : 2.901572
Loss : 2.995212
Loss : 3.184299
Loss : 3.246019
Loss : 3.260964
Loss : 3.258845
Loss : 3.298649
Loss : 3.121057
Loss : 3.272033
Loss : 3.277137
Loss : 3.201823
Loss : 3.312266
Loss : 2.292517
Loss : 3.076442
Loss : 3.224076
Loss : 3.182603
Loss : 3.230623
Loss : 3.215527
Loss : 3.234545
Loss : 3.164348
Loss : 3.157645
Loss : 3.257768
Loss : 3.267516
Loss : 3.300806
Loss : 3.217690
Loss : 3.272870
Loss : 3.263990
Loss : 3.301450
Loss : 3.161214
Loss : 3.136028
Loss : 2.818188
Loss : 3.212916
Loss : 3.244149
Loss : 3.317850
Loss : 3.178100
Loss : 3.254952
Loss : 3.063881
Loss : 3.302209
Loss : 3.188493
Loss : 3.299448
Loss : 3.225052
Loss : 3.147726
Loss : 3.171139
Loss : 3.136853
Loss : 3.280277
Loss : 3.241574
Loss : 3.236277
Loss : 3.253716
Loss : 3.279458
Loss : 3.294536
Loss : 3.208660
Loss : 3.205270
Loss : 3.377586
Loss : 3.290043
Loss : 3.323093
Loss : 3.293956
Loss : 3.170575
Loss : 3.202011
Loss : 3.115827
Loss : 3.288633
Loss : 3.394310
Loss : 3.295960
Loss : 3.154483
Loss : 3.275040
Loss : 3.246919
Loss : 3.250225
Loss : 3.187032
Loss : 3.222116
Loss : 3.179560
Loss : 3.200843
Loss : 3.272121
Time Elapsed for Training 04:35:23
word2vec.py:18: UserWarning: To copy construct from a tensor, it is recommended to use sourceTensor.clone().detach() or sourceTensor.clone().detach().requires_grad_(True), rather than torch.tensor(sourceTensor).
  embedding = torch.tensor(embedding)
word2vec.py:45: UserWarning: To copy construct from a tensor, it is recommended to use sourceTensor.clone().detach() or sourceTensor.clone().detach().requires_grad_(True), rather than torch.tensor(sourceTensor).
  x_vector = torch.tensor(x_vector)
Questions = 17827, Correct Questions = 2033, Hitting Rate = 11.4041
Time Elapsed for Validaiton 02:58:20
