loading...
preprocessing...
build training set...
Vocabulary size
71291

# of training samples
167188440

Loss : 12.903448
Loss : 9.902853
Loss : 8.195910
Loss : 7.646239
Loss : 6.947990
Loss : 6.287919
Loss : 5.873320
Loss : 5.582087
Loss : 5.580313
Loss : 5.451708
Loss : 5.409472
Loss : 4.875608
Loss : 4.388035
Loss : 4.789218
Loss : 4.679688
Loss : 4.846666
Loss : 4.512296
Loss : 4.605260
Loss : 4.585725
Loss : 4.429310
Loss : 4.302337
Loss : 4.380184
Loss : 4.389771
Loss : 3.743035
Loss : 4.322881
Loss : 4.111789
Loss : 4.032539
Loss : 4.089663
Loss : 4.265308
Loss : 4.163263
Loss : 3.839967
Loss : 4.121106
Loss : 3.877561
Loss : 3.835705
Loss : 3.894574
Loss : 3.537531
Loss : 3.857473
Loss : 4.237269
Loss : 3.494163
Loss : 3.871663
Loss : 3.661254
Loss : 4.008376
Loss : 3.487981
Loss : 3.623028
Loss : 3.629334
Loss : 3.646001
Loss : 4.354551
Loss : 3.808231
Loss : 3.772257
Loss : 3.640604
Loss : 3.601858
Loss : 3.741349
Loss : 3.590107
Loss : 3.623082
Loss : 3.606523
Loss : 3.781086
Loss : 3.427699
Loss : 3.527214
Loss : 3.463298
Loss : 3.377970
Loss : 3.032933
Loss : 3.249524
Loss : 3.777854
Loss : 3.664456
Loss : 3.620000
Loss : 3.531587
Loss : 3.647459
Loss : 3.766512
Loss : 3.739139
Loss : 3.709530
Loss : 3.471572
Loss : 3.752383
Loss : 3.711858
Loss : 3.663556
Loss : 3.415760
Loss : 3.654869
Loss : 3.641967
Loss : 3.473356
Loss : 3.532672
Loss : 3.396743
Loss : 3.246531
Loss : 3.558796
Loss : 3.738977
Loss : 3.347670
Loss : 3.694788
Loss : 3.458913
Loss : 3.416541
Loss : 3.480354
Loss : 3.520878
Loss : 3.388718
Loss : 3.243992
Loss : 3.280589
Loss : 3.312246
Loss : 3.358630
Loss : 3.538702
Loss : 3.440862
Loss : 3.667922
Loss : 3.482648
Loss : 3.519013
Loss : 3.560475
Loss : 3.676704
Loss : 3.471249
Loss : 3.159152
Loss : 3.494109
Loss : 3.282212
Loss : 3.599963
Loss : 3.367541
Loss : 3.181725
Loss : 3.375341
Loss : 3.348947
Loss : 3.293002
Loss : 3.409189
Loss : 3.313794
Loss : 3.301297
Loss : 3.483880
Loss : 3.530076
Loss : 3.565190
Loss : 3.482706
Loss : 3.447623
Loss : 3.377637
Loss : 3.280759
Loss : 3.238413
Loss : 3.393180
Loss : 3.268890
Loss : 3.485149
Loss : 3.533220
Loss : 3.273898
Loss : 3.329981
Loss : 3.495202
Loss : 3.411313
Loss : 3.485212
Loss : 3.397354
Loss : 3.451248
Loss : 3.482550
Loss : 3.389945
Loss : 3.414654
Loss : 3.402257
Loss : 3.335796
Loss : 3.262963
Loss : 3.367546
Loss : 3.332481
Loss : 3.411077
Loss : 3.328208
Loss : 3.430865
Loss : 3.238175
Loss : 3.267119
Loss : 3.364776
Loss : 3.328624
Loss : 3.355692
Loss : 3.206316
Loss : 2.960790
Loss : 3.368471
Loss : 3.533912
Loss : 3.100460
Loss : 3.558356
Loss : 3.175725
Loss : 3.459167
Loss : 3.212381
Loss : 3.208331
Loss : 3.515496
Loss : 3.342962
Loss : 3.326861
Loss : 3.426407
Loss : 3.470428
Loss : 3.470174
Loss : 3.404169
Loss : 3.378444
Loss : 3.436932
Loss : 3.504281
Loss : 3.259185
Loss : 3.228555
Loss : 3.208387
Loss : 3.368289
Loss : 3.293952
Loss : 3.315117
Loss : 3.255361
Loss : 3.301675
Loss : 3.348996
Loss : 3.191249
Loss : 3.115798
Loss : 3.226351
Loss : 3.303812
Loss : 3.136782
Loss : 3.047786
Loss : 2.996007
Loss : 3.023391
Loss : 3.161156
Loss : 3.538016
Loss : 3.446878
Loss : 3.102201
Loss : 3.394850
Loss : 3.468339
Loss : 3.323940
Loss : 3.366233
Loss : 3.345049
Loss : 3.301770
Loss : 3.179976
Loss : 3.049625
Loss : 3.153983
Loss : 3.229676
Loss : 3.176543
Loss : 3.201479
Loss : 2.904990
Loss : 3.098371
Loss : 3.133671
Loss : 3.365991
Loss : 3.374695
Loss : 3.205287
Loss : 3.042863
Loss : 3.067568
Loss : 3.142925
Loss : 3.301854
Loss : 3.232914
Loss : 3.019670
Loss : 3.329836
Loss : 3.287597
Loss : 3.319415
Loss : 3.269895
Loss : 3.283122
Loss : 3.249241
Loss : 3.163501
Loss : 3.048691
Loss : 3.201686
Loss : 3.228222
Loss : 3.313449
Loss : 2.965926
Loss : 3.435749
Loss : 3.317188
Loss : 3.399185
Loss : 3.338885
Loss : 2.973468
Loss : 3.522254
Loss : 3.278768
Loss : 3.152563
Loss : 3.048286
Loss : 3.287529
Loss : 3.297100
Loss : 3.430571
Loss : 3.305898
Loss : 3.264971
Loss : 3.359010
Loss : 3.417984
Loss : 3.346146
Loss : 3.297587
Loss : 3.319447
Loss : 3.257593
Loss : 3.385009
Loss : 3.189348
Loss : 3.419070
Loss : 3.268352
Loss : 3.382152
Loss : 3.221514
Loss : 3.155549
Loss : 2.837291
Loss : 2.784094
Loss : 3.255858
Loss : 3.129642
Loss : 3.365430
Loss : 3.334484
Loss : 3.109074
Loss : 3.249330
Loss : 3.227940
Loss : 3.252882
Loss : 3.098385
Loss : 3.110842
Loss : 3.378906
Loss : 3.302890
Loss : 3.295153
Loss : 3.333188
Loss : 3.062311
Loss : 3.183516
Loss : 2.516320
Loss : 3.193652
Loss : 3.254613
Loss : 3.331733
Loss : 3.328689
Loss : 3.214572
Loss : 3.305645
Loss : 3.444128
Loss : 2.568164
Loss : 3.197965
Loss : 3.081546
Loss : 3.101412
Loss : 3.316053
Loss : 3.282191
Loss : 3.229734
Loss : 2.865196
Loss : 3.143134
Loss : 3.281190
Loss : 3.418505
Loss : 3.231819
Loss : 3.158214
Loss : 3.223521
Loss : 3.315299
Loss : 3.201606
Loss : 3.317059
Loss : 3.268370
Loss : 3.017992
Loss : 3.115894
Loss : 3.299101
Loss : 3.103688
Loss : 3.412609
Loss : 3.302641
Loss : 3.195564
Loss : 3.469965
Loss : 3.196866
Loss : 3.269249
Loss : 3.460029
Loss : 3.310619
Loss : 3.150213
Loss : 3.362317
Loss : 3.193626
Loss : 3.001807
Loss : 3.320933
Loss : 3.083829
Loss : 3.289222
Loss : 3.128363
Loss : 3.296105
Loss : 3.193706
Loss : 3.360583
Loss : 3.187984
Loss : 3.008345
Loss : 3.198103
Loss : 3.136346
Loss : 3.346811
Loss : 3.062636
Loss : 3.370703
Loss : 3.076871
Loss : 3.341520
Loss : 3.175567
Loss : 3.201410
Loss : 3.152110
Loss : 3.210915
Loss : 3.213759
Loss : 3.065914
Loss : 3.042134
Loss : 3.285989
Loss : 3.409217
Loss : 3.428080
Loss : 3.278793
Loss : 3.191662
Loss : 3.366898
Loss : 3.178318
Loss : 3.275221
Loss : 3.400384
Loss : 3.378915
Loss : 3.241744
Loss : 3.380164
Loss : 3.219101
Loss : 2.933325
Loss : 3.412878
Loss : 3.343317
Loss : 3.181609
Loss : 3.294917
Loss : 3.372229
Loss : 3.203449
Loss : 3.203640
Loss : 3.082481
Loss : 3.243909
Loss : 2.738027
Loss : 3.027941
Loss : 3.166292
Loss : 3.286514
Loss : 3.202030
Loss : 3.140036
Loss : 3.127514
Loss : 3.287329
Loss : 3.273528
Loss : 2.832269
Loss : 3.352743
Loss : 3.202208
Loss : 3.162056
Loss : 3.285013
Loss : 2.993379
Loss : 3.282174
Loss : 3.323561
Loss : 3.310005
Loss : 3.012093
Loss : 3.197490
Loss : 3.176656
Loss : 3.317833
Loss : 3.279048
Loss : 3.365197
Loss : 3.293657
Loss : 3.284526
Loss : 3.254539
Loss : 3.371163
Loss : 3.427898
Loss : 3.078437
Loss : 3.337667
Loss : 3.462002
Loss : 3.293184
Loss : 3.128818
Loss : 2.971980
Loss : 3.164829
Loss : 3.328370
Loss : 3.333048
Loss : 3.225174
Loss : 3.088491
Loss : 3.268938
Loss : 3.228067
Loss : 3.275738
Loss : 3.358811
Loss : 3.395183
Loss : 3.350289
Loss : 3.309601
Loss : 3.338721
Loss : 3.343550
Loss : 3.333973
Loss : 3.016343
Loss : 3.169713
Loss : 3.309877
Loss : 3.322983
Loss : 3.176744
Loss : 2.935775
Loss : 3.265228
Loss : 3.181023
Loss : 3.091978
Loss : 3.224561
Loss : 3.193242
Loss : 3.238043
Loss : 2.896697
Loss : 2.952487
Loss : 3.135067
Loss : 3.222005
Loss : 3.346168
Loss : 3.273375
Loss : 3.189847
Loss : 3.399883
Loss : 3.235778
Loss : 3.267428
Loss : 3.354092
Loss : 3.365253
Loss : 3.286791
Loss : 3.344531
Loss : 3.131796
Loss : 3.268554
Loss : 3.312415
Loss : 3.378645
Loss : 3.223177
Loss : 3.260959
Loss : 3.204741
Loss : 3.422124
Loss : 3.264464
Loss : 3.216581
Loss : 3.048977
Loss : 3.228489
Loss : 3.255706
Loss : 3.102686
Loss : 3.332162
Loss : 3.213290
Loss : 3.126060
Loss : 3.414736
Loss : 3.139418
Loss : 3.214489
Loss : 3.100622
Loss : 3.152683
Loss : 3.357726
Loss : 3.240236
Loss : 3.170890
Loss : 3.306259
Loss : 3.197696
Loss : 3.248141
Loss : 3.225992
Loss : 3.384918
Loss : 3.248600
Loss : 2.853438
Loss : 3.281390
Loss : 3.278735
Loss : 3.172010
Loss : 3.069544
Loss : 3.175695
Loss : 3.199081
Loss : 3.093067
Loss : 3.027671
Loss : 3.014934
Loss : 2.995554
Loss : 2.993032
Loss : 2.825761
Loss : 2.798300
Loss : 2.971767
Loss : 2.926159
Loss : 2.891534
Loss : 2.653049
Loss : 2.888297
Loss : 2.687845
Loss : 2.778787
Loss : 3.274591
Loss : 3.134859
Loss : 3.358353
Loss : 3.277581
Loss : 3.131367
Loss : 3.143475
Loss : 3.343513
Loss : 3.317522
Loss : 3.309524
Loss : 3.196976
Loss : 3.176544
Loss : 3.274545
Loss : 3.156458
Loss : 3.311913
Loss : 3.285691
Loss : 3.097576
Loss : 3.133375
Loss : 2.916187
Loss : 3.326535
Loss : 3.272949
Loss : 3.211130
Loss : 2.805643
Loss : 3.320355
Loss : 3.392694
Loss : 3.378839
Loss : 3.266284
Loss : 3.113843
Loss : 2.819034
Loss : 2.866018
Loss : 3.021867
Loss : 3.312210
Loss : 3.173325
Loss : 3.224280
Loss : 2.326177
Loss : 2.924468
Loss : 3.086037
Loss : 3.101896
Loss : 3.164256
Loss : 3.107589
Loss : 3.036011
Loss : 3.101065
Loss : 3.349736
Loss : 3.268751
Loss : 3.247558
Loss : 3.096358
Loss : 3.252462
Loss : 3.113080
Loss : 3.188866
Loss : 3.168128
Loss : 3.163188
Loss : 2.987975
Loss : 3.030764
Loss : 3.047823
Loss : 3.035810
Loss : 2.916671
Loss : 3.240042
Loss : 3.047673
Loss : 3.075508
Loss : 3.353269
Loss : 3.346881
Loss : 3.238434
Loss : 3.185011
Loss : 3.106284
Loss : 2.972154
Loss : 2.581532
Loss : 3.104625
Loss : 3.288037
Loss : 3.325358
Loss : 3.240492
Loss : 3.131309
Loss : 2.975253
Loss : 3.334021
Loss : 3.304881
Loss : 3.295037
Loss : 3.252903
Loss : 3.100549
Loss : 3.137159
Loss : 3.264189
Loss : 3.204173
Loss : 3.212272
Loss : 3.118724
Loss : 3.199725
Loss : 3.316777
Loss : 3.188353
Loss : 3.047078
Loss : 3.198111
Loss : 3.306771
Loss : 3.197072
Loss : 3.071364
Loss : 3.253984
Loss : 3.002619
Loss : 2.915233
Loss : 3.063716
Loss : 3.282933
Loss : 3.255718
Loss : 3.139586
Loss : 3.260927
Loss : 3.193932
Loss : 3.288195
Loss : 3.232988
Loss : 3.149388
Loss : 3.224979
Loss : 3.224030
Loss : 3.144382
Loss : 3.032220
Loss : 3.372208
Loss : 3.158753
Loss : 3.026999
Loss : 3.297053
Loss : 3.159642
Loss : 3.249439
Loss : 3.328004
Loss : 3.206082
Loss : 3.213680
Loss : 3.308412
Loss : 3.125543
Loss : 3.173104
Loss : 2.955386
Loss : 3.154920
Loss : 3.157942
Loss : 3.212421
Loss : 3.058753
Loss : 2.802201
Loss : 3.014750
Loss : 3.185914
Loss : 3.068952
Loss : 3.021276
Loss : 3.110970
Loss : 3.171348
Loss : 3.174547
Loss : 2.968721
Loss : 2.931365
Loss : 3.276906
Loss : 3.139861
Loss : 3.163773
Loss : 3.251468
Loss : 3.388838
Loss : 3.077265
Loss : 3.030118
Loss : 3.143068
Loss : 2.690580
Loss : 2.961847
Loss : 2.920761
Loss : 2.932105
Loss : 2.758198
Loss : 2.899573
Loss : 3.094314
Loss : 3.034857
Loss : 3.109274
Loss : 3.322759
Loss : 3.260933
Loss : 3.107476
Loss : 3.355774
Loss : 3.037633
Loss : 3.273684
Loss : 3.257690
Loss : 3.125942
Loss : 3.277465
Loss : 3.156551
Loss : 2.961674
Loss : 2.884805
Loss : 3.300516
Loss : 3.279291
Loss : 3.295288
Loss : 2.696769
Loss : 3.181122
Loss : 2.913106
Loss : 2.710701
Loss : 3.203154
Loss : 3.282100
Loss : 3.248351
Loss : 3.197904
Loss : 3.264265
Loss : 3.329786
Loss : 3.269460
Loss : 3.151050
Loss : 3.065367
Loss : 2.709132
Loss : 3.225069
Loss : 3.229660
Loss : 3.172165
Loss : 3.319845
Loss : 3.349955
Loss : 3.236504
Loss : 3.094349
Loss : 3.350023
Loss : 3.332326
Loss : 3.333757
Loss : 2.979824
Loss : 3.239368
Loss : 2.930991
Loss : 3.164086
Loss : 3.203207
Loss : 3.148375
Loss : 3.218619
Loss : 3.394428
Loss : 3.103214
Loss : 3.158442
Loss : 3.214588
Loss : 3.163861
Loss : 3.194209
Loss : 3.079354
Loss : 3.092287
Loss : 3.035382
Loss : 3.170834
Loss : 3.195039
Loss : 2.908781
Loss : 3.212816
Loss : 3.171477
Loss : 3.268528
Loss : 3.119869
Loss : 3.246350
Loss : 3.108897
Loss : 3.246696
Loss : 3.332078
Loss : 3.208965
Loss : 3.229024
Loss : 3.328597
Loss : 3.262533
Loss : 3.218375
Loss : 3.237845
Loss : 3.287325
Loss : 3.348476
Loss : 3.087120
Loss : 3.278464
Loss : 3.301018
Loss : 3.128356
Loss : 3.252237
Loss : 3.170396
Loss : 3.098738
Loss : 3.243142
Loss : 3.164456
Loss : 2.939143
Loss : 3.253738
Loss : 3.166071
Loss : 3.360323
Loss : 3.291612
Loss : 3.176653
Loss : 3.134680
Loss : 3.308830
Loss : 3.241048
Loss : 3.389387
Loss : 3.112076
Loss : 3.172773
Loss : 3.189689
Loss : 3.197978
Loss : 3.045735
Loss : 3.217571
Loss : 3.193546
Loss : 3.275162
Loss : 3.140715
Loss : 3.344339
Loss : 2.800237
Loss : 3.284813
Loss : 3.094707
Loss : 3.246107
Loss : 3.123442
Loss : 3.169996
Loss : 3.168524
Loss : 3.238928
Loss : 3.171821
Loss : 3.174587
Loss : 3.105507
Loss : 3.133761
Loss : 3.160168
Loss : 2.777124
Loss : 2.976832
Loss : 3.034027
Loss : 3.184201
Loss : 3.310074
Loss : 3.025455
Loss : 3.328872
Loss : 3.211538
Loss : 3.261963
Loss : 3.186385
Loss : 3.342051
Loss : 3.163761
Loss : 3.050997
Loss : 3.146616
Loss : 3.234995
Loss : 3.080872
Loss : 3.170894
Loss : 3.030128
Loss : 3.195332
Loss : 3.318628
Loss : 3.040509
Loss : 2.963246
Loss : 3.107292
Loss : 3.199022
Loss : 3.279496
Loss : 3.119995
Loss : 3.264151
Loss : 2.938278
Loss : 3.106900
Loss : 3.282207
Loss : 3.005919
Loss : 3.114355
Loss : 3.289280
Loss : 2.571133
Loss : 3.159400
Loss : 3.146430
Loss : 3.238382
Loss : 3.171974
Loss : 3.119867
Loss : 3.192632
Loss : 2.852046
Loss : 3.261616
Loss : 3.087468
Loss : 3.230198
Loss : 3.172773
Loss : 2.886921
Loss : 2.981755
Loss : 3.113947
Loss : 3.031729
Loss : 3.283650
Loss : 2.906831
Loss : 3.043037
Loss : 3.210608
Loss : 2.962039
Loss : 2.844725
Loss : 2.903801
Loss : 2.913463
Loss : 2.712169
Loss : 2.988656
Loss : 3.013867
Loss : 3.053559
Loss : 2.845457
Loss : 3.001359
Loss : 3.217372
Loss : 3.011937
Loss : 2.910026
Loss : 2.920910
Loss : 2.851555
Loss : 2.952464
Loss : 2.809332
Loss : 2.808548
Loss : 3.000950
Loss : 3.205118
Loss : 3.016881
Loss : 3.082912
Loss : 2.966867
Loss : 3.076784
Loss : 2.851930
Loss : 2.693717
Loss : 3.184963
Loss : 3.272318
Loss : 3.213519
Loss : 3.217917
Loss : 3.252306
Loss : 3.124983
Loss : 3.276199
Loss : 3.239098
Loss : 3.182376
Loss : 3.403781
Loss : 3.400689
Loss : 3.226349
Loss : 3.054986
Loss : 3.122397
Loss : 3.168758
Loss : 3.214208
Loss : 2.951724
Loss : 2.994803
Loss : 3.164127
Loss : 2.944821
Loss : 3.137968
Loss : 3.216406
Loss : 3.244296
Loss : 3.373660
Loss : 3.318450
Loss : 3.239469
Loss : 3.275313
Loss : 3.197914
Loss : 3.223033
Loss : 3.026505
Loss : 3.179769
Loss : 3.178166
Loss : 3.069607
Loss : 3.058366
Loss : 3.050906
Loss : 3.145087
Loss : 3.110149
Loss : 3.175471
Loss : 3.011104
Loss : 3.253874
Loss : 3.134547
Loss : 3.151858
Loss : 3.246202
Loss : 3.020983
Loss : 3.202244
Loss : 3.006969
Loss : 3.130082
Loss : 3.159305
Loss : 2.934631
Loss : 3.303488
Loss : 3.038363
Loss : 2.866441
Loss : 3.128790
Loss : 3.038353
Loss : 3.014335
Loss : 3.132958
Loss : 3.199120
Loss : 3.305651
Loss : 3.146994
Loss : 3.273411
Loss : 3.160265
Loss : 3.329992
Loss : 3.207973
Loss : 3.023020
Loss : 3.183602
Loss : 3.278289
Loss : 3.179457
Loss : 3.031408
Loss : 3.047310
Loss : 3.042909
Loss : 3.044298
Loss : 3.131781
Loss : 3.124297
Loss : 3.062348
Loss : 3.137429
Loss : 2.993891
Loss : 2.972847
Loss : 3.239783
Loss : 2.972420
Loss : 3.234588
Loss : 3.187019
Loss : 3.282795
Loss : 3.130453
Loss : 3.215340
Loss : 3.073512
Loss : 3.138322
Loss : 3.046716
Loss : 3.154262
Loss : 3.065794
Loss : 3.159997
Loss : 3.206137
Loss : 2.917967
Loss : 2.976892
Loss : 2.703212
Loss : 3.134328
Loss : 3.187821
Loss : 2.989284
Loss : 3.254531
Loss : 3.196745
Loss : 3.136824
Loss : 2.976926
Loss : 3.071972
Loss : 3.097793
Loss : 3.171307
Loss : 3.206982
Loss : 3.280847
Loss : 3.013071
Loss : 3.104259
Loss : 3.126009
Loss : 2.932792
Loss : 2.953094
Loss : 3.185677
Loss : 3.264620
Loss : 3.087965
Loss : 2.646181
Loss : 3.224411
Loss : 3.223586
Loss : 3.196815
Loss : 3.232126
Loss : 2.973205
Loss : 2.955672
Loss : 3.265983
Loss : 3.193441
Loss : 3.171483
Loss : 3.228429
Loss : 3.121612
Loss : 3.201987
Loss : 3.111064
Loss : 3.334382
Loss : 3.214210
Loss : 3.254099
Loss : 3.115416
Loss : 3.186338
Loss : 3.028156
Loss : 3.261507
Loss : 3.211129
Loss : 3.163002
Loss : 3.296009
Loss : 3.296717
Loss : 3.202756
Loss : 3.192781
Loss : 3.361423
Loss : 3.072799
Loss : 2.007805
Loss : 3.143983
Loss : 3.003857
Loss : 3.041187
Loss : 3.081429
Loss : 3.195500
Loss : 3.370079
Loss : 3.281207
Loss : 3.233301
Loss : 3.152916
Loss : 3.200551
Loss : 3.152989
Loss : 2.918131
Loss : 2.256790
Loss : 1.979010
Loss : 2.552213
Loss : 3.189794
Loss : 3.105644
Loss : 3.226727
Loss : 3.125830
Loss : 3.264847
Loss : 3.167058
Loss : 3.181363
Loss : 3.213591
Loss : 3.074857
Loss : 3.167807
Loss : 2.675521
Loss : 3.225819
Loss : 3.200123
Loss : 3.172630
Loss : 3.215029
Loss : 3.069785
Loss : 3.024222
Loss : 2.827476
Loss : 2.623119
Loss : 2.890402
Loss : 3.234488
Loss : 3.113633
Loss : 3.316886
Loss : 3.153397
Loss : 3.196256
Loss : 3.125378
Loss : 2.959169
Loss : 2.946452
Loss : 2.880461
Loss : 3.023867
Loss : 3.269900
Loss : 3.074900
Loss : 3.212369
Loss : 3.119710
Loss : 3.179264
Loss : 3.193765
Loss : 3.225008
Loss : 3.258961
Loss : 3.297398
Loss : 3.192507
Loss : 2.881827
Loss : 3.003588
Loss : 3.116422
Loss : 2.821659
Loss : 3.212447
Loss : 3.012336
Loss : 3.243964
Loss : 3.297111
Loss : 3.169728
Loss : 3.163871
Loss : 3.013543
Loss : 3.228549
Loss : 3.180250
Loss : 3.039886
Loss : 3.252499
Loss : 2.999912
Loss : 3.256671
Loss : 3.189173
Loss : 3.152855
Loss : 3.231495
Loss : 3.063485
Loss : 3.310910
Loss : 3.269508
Loss : 3.295646
Loss : 3.230823
Loss : 3.143236
Loss : 3.225256
Loss : 3.035172
Loss : 3.271778
Loss : 3.354464
Loss : 3.241820
Loss : 3.150114
Loss : 3.091858
Loss : 3.058016
Loss : 3.243678
Loss : 3.265927
Loss : 3.331168
Loss : 3.344152
Loss : 3.107579
Loss : 3.177194
Loss : 3.330254
Loss : 2.889296
Loss : 2.956455
Loss : 3.163079
Loss : 3.265980
Loss : 3.337063
Loss : 3.295883
Loss : 3.269239
Loss : 3.218694
Loss : 3.129367
Loss : 3.159612
Loss : 3.096156
Loss : 3.157967
Loss : 3.201459
Loss : 3.177401
Loss : 3.055026
Loss : 3.181556
Loss : 3.017464
Loss : 3.300525
Loss : 3.255795
Loss : 3.224449
Loss : 3.164463
Loss : 3.095705
Loss : 3.156984
Loss : 3.217624
Loss : 3.131466
Loss : 3.109604
Loss : 3.096627
Loss : 3.239221
Loss : 3.110372
Loss : 3.151885
Loss : 3.264475
Loss : 3.191991
Loss : 3.221708
Loss : 3.179492
Loss : 3.239137
Loss : 3.308109
Loss : 3.206737
Loss : 3.205443
Loss : 3.120783
Loss : 3.219428
Loss : 3.238545
Loss : 3.114180
Loss : 3.192169
Loss : 3.281356
Loss : 3.309892
Loss : 3.282866
Loss : 3.168012
Loss : 3.154153
Loss : 3.178039
Loss : 3.114548
Loss : 3.092353
Loss : 3.086954
Loss : 3.241899
Loss : 3.012765
Loss : 2.940993
Loss : 3.325512
Loss : 3.155895
Loss : 3.209843
Loss : 3.088386
Loss : 3.181818
Loss : 3.221077
Loss : 3.221127
Loss : 3.140331
Loss : 3.143468
Loss : 2.963360
Loss : 3.193473
Loss : 3.158396
Loss : 3.179145
Loss : 3.151393
Loss : 3.004655
Loss : 3.120446
Loss : 2.943162
Loss : 2.990804
Loss : 3.138784
Loss : 3.220406
Loss : 3.177955
Loss : 2.799776
Loss : 3.300179
Loss : 3.118921
Loss : 3.012191
Loss : 3.263447
Loss : 3.099736
Loss : 3.183160
Loss : 3.161166
Loss : 3.208137
Loss : 2.988841
Loss : 3.117415
Loss : 3.105879
Loss : 3.062987
Loss : 3.123154
Loss : 3.256272
Loss : 3.179047
Loss : 3.250626
Loss : 3.154159
Loss : 3.095952
Loss : 3.275727
Loss : 3.239632
Loss : 3.107534
Loss : 3.028087
Loss : 3.232166
Loss : 3.130432
Loss : 3.178875
Loss : 2.797373
Loss : 2.855047
Loss : 3.141161
Loss : 3.088114
Loss : 3.128823
Loss : 3.154794
Loss : 3.247801
Loss : 3.235021
Loss : 3.217718
Loss : 3.282310
Loss : 3.173938
Loss : 3.145451
Loss : 3.255896
Loss : 3.278208
Loss : 3.196230
Loss : 3.205743
Loss : 3.101054
Loss : 3.224014
Loss : 3.050490
Loss : 3.187850
Loss : 3.190436
Loss : 3.125689
Loss : 2.980084
Loss : 3.238066
Loss : 3.130670
Loss : 3.142988
Loss : 3.178337
Loss : 3.136228
Loss : 3.152593
Loss : 3.190180
Loss : 3.243696
Loss : 3.254852
Loss : 3.261821
Loss : 3.102894
Loss : 3.061022
Loss : 3.069865
Loss : 3.183245
Loss : 3.229056
Loss : 3.152345
Loss : 2.767366
Loss : 3.197209
Loss : 2.999929
Loss : 3.296826
Loss : 3.270898
Loss : 2.894259
Loss : 2.870939
Loss : 2.942183
Loss : 2.932828
Loss : 3.030255
Loss : 2.666489
Loss : 3.359981
Loss : 2.441165
Loss : 2.999370
Loss : 3.038702
Loss : 3.283894
Loss : 3.207392
Loss : 3.055112
Loss : 3.074621
Loss : 3.181177
Loss : 3.132704
Loss : 3.176321
Loss : 2.620313
Loss : 3.316445
Loss : 3.236614
Loss : 3.247625
Loss : 3.087053
Loss : 2.923853
Loss : 3.349488
Loss : 3.197928
Loss : 3.167838
Loss : 3.316395
Loss : 3.217330
Loss : 3.062837
Loss : 3.161213
Loss : 3.064512
Loss : 3.211789
Loss : 3.107992
Loss : 3.071280
Loss : 2.993267
Loss : 3.014751
Loss : 3.248357
Loss : 3.169945
Loss : 3.193905
Loss : 3.257138
Loss : 3.163157
Loss : 3.208526
Loss : 3.093719
Loss : 3.173216
Loss : 2.841839
Loss : 3.017690
Loss : 3.080831
Loss : 3.038746
Loss : 3.340692
Loss : 3.178846
Loss : 2.555391
Loss : 3.259576
Loss : 3.160006
Loss : 3.153803
Loss : 3.067892
Loss : 3.160201
Loss : 2.891381
Loss : 3.029442
Loss : 3.239606
Loss : 2.903858
Loss : 2.833980
Loss : 2.647364
Loss : 2.675240
Loss : 3.051037
Loss : 3.076441
Loss : 3.090235
Loss : 3.067821
Loss : 3.089238
Loss : 3.083269
Loss : 3.079707
Loss : 3.101586
Loss : 3.118449
Loss : 3.024185
Loss : 3.250653
Loss : 2.636916
Loss : 3.262508
Loss : 3.187797
Loss : 3.131077
Loss : 3.045004
Loss : 3.124905
Loss : 3.173901
Loss : 2.998213
Loss : 3.249093
Loss : 3.118940
Loss : 3.207674
Loss : 3.193743
Loss : 3.098334
Loss : 3.168273
Loss : 3.146940
Loss : 3.082389
Loss : 3.298697
Loss : 3.232641
Loss : 3.073287
Loss : 3.088153
Loss : 3.211195
Loss : 3.113238
Loss : 3.159150
Loss : 3.053406
Loss : 3.161867
Loss : 3.077391
Loss : 3.178259
Loss : 3.214755
Loss : 3.166008
Loss : 3.058402
Loss : 3.152983
Loss : 2.785084
Loss : 3.158612
Loss : 3.254153
Loss : 3.084635
Loss : 3.285114
Loss : 3.098926
Loss : 3.066475
Loss : 3.153135
Loss : 2.606369
Loss : 3.182147
Loss : 3.151520
Loss : 3.092346
Loss : 3.042348
Loss : 3.234878
Loss : 3.091542
Loss : 3.220151
Loss : 3.090795
Loss : 3.091639
Loss : 3.150832
Loss : 3.161726
Loss : 3.286084
Loss : 3.309335
Loss : 3.298178
Loss : 3.099952
Loss : 3.093902
Loss : 2.869004
Loss : 3.038145
Loss : 3.154150
Loss : 3.228554
Loss : 3.095428
Loss : 3.151605
Loss : 3.235791
Loss : 3.202743
Loss : 3.228829
Loss : 3.161869
Loss : 3.127858
Loss : 3.003529
Loss : 3.212633
Loss : 3.208701
Loss : 2.832090
Loss : 3.088365
Loss : 3.185895
Loss : 3.247512
Loss : 3.179840
Loss : 3.186380
Loss : 3.190038
Loss : 3.176502
Loss : 3.133307
Loss : 2.671935
Loss : 3.002021
Loss : 3.133221
Loss : 3.234362
Loss : 3.176788
Loss : 3.055885
Loss : 2.989880
Loss : 3.099217
Loss : 3.148242
Loss : 3.195631
Loss : 3.038860
Loss : 3.215558
Loss : 3.161629
Loss : 3.124331
Loss : 3.327316
Loss : 3.171748
Loss : 3.199111
Loss : 3.261761
Loss : 3.130413
Loss : 3.258293
Loss : 3.130067
Loss : 3.054324
Loss : 3.178519
Loss : 3.297521
Loss : 3.307344
Loss : 3.191045
Loss : 3.267554
Loss : 3.237966
Loss : 3.334253
Loss : 3.153339
Loss : 2.993137
Loss : 3.059281
Loss : 3.182651
Loss : 3.310666
Loss : 3.224505
Loss : 3.131395
Loss : 3.267257
Loss : 3.232380
Loss : 3.182150
Loss : 3.072473
Loss : 3.028442
Loss : 3.094571
Loss : 3.112679
Loss : 3.134551
Loss : 3.116796
Loss : 3.249845
Loss : 2.994417
Loss : 2.913579
Loss : 3.104259
Loss : 3.109506
Loss : 3.063534
Loss : 3.044434
Loss : 3.186093
Loss : 3.020010
Loss : 2.991643
Loss : 2.944317
Loss : 2.972814
Loss : 2.888029
Loss : 3.134685
Loss : 3.189618
Loss : 3.208423
Loss : 3.138116
Loss : 3.110770
Loss : 3.156875
Loss : 3.151495
Loss : 3.162871
Loss : 3.056018
Loss : 3.156530
Loss : 3.149588
Loss : 3.279474
Loss : 3.125770
Loss : 2.932931
Loss : 2.980571
Loss : 2.848145
Loss : 2.907664
Loss : 2.767859
Loss : 2.997146
Loss : 2.820436
Loss : 2.934019
Loss : 2.870476
Loss : 2.857841
Loss : 2.849364
Loss : 2.884527
Loss : 2.812734
Loss : 3.173186
Loss : 2.728203
Loss : 3.206701
Loss : 3.161319
Loss : 3.253990
Loss : 3.214132
Loss : 3.289298
Loss : 3.193885
Loss : 3.150491
Loss : 3.142318
Loss : 2.910096
Loss : 3.145185
Loss : 3.214541
Loss : 3.248692
Loss : 2.939320
Loss : 3.151508
Loss : 3.259368
Loss : 3.108295
Loss : 3.201918
Loss : 3.169092
Loss : 3.031738
Loss : 3.337619
Loss : 3.214233
Loss : 3.210209
Loss : 2.958805
Loss : 3.292408
Loss : 3.018378
Loss : 3.026562
Loss : 2.625043
Loss : 3.226627
Loss : 3.125684
Loss : 3.261000
Loss : 2.731887
Loss : 3.126289
Loss : 2.854451
Loss : 3.090412
Loss : 3.228249
Loss : 3.144735
Loss : 3.105444
Loss : 3.127626
Loss : 2.895377
Loss : 3.109597
Loss : 2.882276
Loss : 3.233770
Loss : 3.228738
Loss : 3.168824
Loss : 2.988948
Loss : 3.268473
Loss : 3.080386
Loss : 3.057852
Loss : 3.129996
Loss : 2.738537
Loss : 2.538247
Loss : 3.272943
Loss : 2.998199
Loss : 3.165937
Loss : 3.021755
Loss : 3.286507
Loss : 3.083786
Loss : 3.208027
Loss : 3.260223
Loss : 3.046801
Loss : 3.031589
Loss : 2.891880
Loss : 3.104637
Loss : 3.249205
Loss : 3.274979
Loss : 3.163238
Loss : 3.310074
Loss : 3.130417
Loss : 3.258635
Loss : 3.156953
Loss : 3.193333
Loss : 3.179269
Loss : 3.089699
Loss : 3.055912
Loss : 2.789840
Loss : 3.043661
Loss : 3.211361
Loss : 3.203513
Loss : 2.951126
Loss : 3.195160
Loss : 3.279441
Loss : 3.142215
Loss : 3.063347
Loss : 3.180231
Loss : 3.172927
Loss : 3.071667
Loss : 3.246457
Loss : 3.058089
Loss : 3.072913
Loss : 3.085347
Loss : 3.319069
Loss : 3.025293
Loss : 3.222978
Loss : 3.228670
Loss : 3.203545
Loss : 3.294082
Loss : 3.194082
Loss : 3.228347
Loss : 3.131425
Loss : 2.989533
Loss : 3.122223
Loss : 3.215888
Loss : 3.097597
Loss : 3.319574
Loss : 3.211715
Loss : 3.098937
Loss : 3.097595
Loss : 3.036457
Loss : 3.154167
Loss : 3.251261
Loss : 3.030882
Loss : 2.929751
Loss : 3.202970
Loss : 3.047685
Loss : 3.203657
Loss : 3.109110
Loss : 3.001608
Loss : 3.139906
Loss : 3.156511
Loss : 3.043550
Loss : 3.189050
Loss : 3.060347
Loss : 3.249146
Loss : 3.013923
Loss : 3.040910
Loss : 2.999013
Loss : 2.815852
Loss : 3.284104
Loss : 3.039757
Loss : 3.012444
Loss : 3.162875
Loss : 3.276936
Loss : 3.272462
Loss : 3.102043
Loss : 3.061996
Loss : 3.188634
Loss : 3.195346
Loss : 2.893293
Loss : 3.074798
Loss : 3.195348
Loss : 3.151920
Loss : 2.986543
Loss : 3.275953
Loss : 3.091282
Loss : 3.189400
Loss : 3.165134
Loss : 3.231857
Loss : 3.060045
Loss : 3.217167
Loss : 2.966524
Loss : 3.234727
Loss : 3.080088
Loss : 3.093572
Loss : 3.148877
Loss : 3.264847
Loss : 3.058547
Loss : 3.166949
Loss : 2.891230
Loss : 2.499561
Loss : 2.817904
Loss : 3.175169
Loss : 3.063506
Loss : 3.155169
Loss : 3.212517
Loss : 3.157062
Loss : 3.185945
Loss : 3.178486
Loss : 3.025738
Loss : 3.093988
Loss : 3.173174
Loss : 3.188481
Loss : 3.054557
Loss : 3.172478
Loss : 3.115490
Loss : 2.789186
Loss : 2.407568
Loss : 3.030709
Loss : 3.197702
Loss : 3.123756
Loss : 3.000479
Loss : 3.191904
Loss : 3.209990
Loss : 3.031926
Loss : 3.201563
Loss : 3.018809
Loss : 3.268772
Loss : 3.151007
Loss : 3.169039
Loss : 2.669709
Loss : 3.209873
Loss : 3.141705
Loss : 2.845119
Loss : 2.859372
Loss : 2.920031
Loss : 2.955211
Loss : 2.993263
Loss : 2.780441
Loss : 2.840352
Loss : 3.058406
Loss : 3.153210
Loss : 3.240627
Loss : 3.287888
Loss : 3.002356
Loss : 3.210520
Loss : 3.099220
Loss : 2.990488
Loss : 2.974297
Loss : 3.139200
Loss : 3.165655
Loss : 3.029511
Loss : 3.057901
Loss : 3.283859
Loss : 3.097670
Loss : 3.159942
Loss : 3.103743
Loss : 3.045053
Loss : 3.182951
Loss : 3.007143
Loss : 3.143763
Loss : 3.253012
Loss : 3.139946
Loss : 3.268404
Loss : 3.082176
Loss : 2.947399
Loss : 3.163501
Loss : 3.122492
Loss : 2.870036
Loss : 3.052308
Loss : 2.985657
Loss : 3.135570
Loss : 3.082176
Loss : 3.127549
Loss : 2.768932
Loss : 3.268707
Loss : 2.972920
Loss : 3.046435
Loss : 3.175434
Loss : 3.216994
Loss : 3.111730
Loss : 3.034497
Loss : 3.081594
Loss : 3.225144
Loss : 3.036931
Loss : 2.822685
Loss : 2.936224
Loss : 3.045745
Loss : 3.117308
Loss : 3.129740
Loss : 2.898022
Loss : 2.649597
Loss : 2.597530
Loss : 2.942103
Loss : 2.898181
Loss : 3.174203
Loss : 3.187626
Loss : 3.207684
Loss : 3.057431
Loss : 3.211376
Loss : 3.173492
Loss : 3.199185
Loss : 3.095802
Loss : 3.194149
Loss : 2.937376
Loss : 3.116744
Loss : 3.284561
Loss : 3.160020
Loss : 3.011869
Loss : 3.049518
Loss : 3.070318
Loss : 3.232380
Loss : 2.919107
Loss : 2.758057
Loss : 3.242723
Loss : 2.968554
Loss : 2.949392
Loss : 2.907892
Loss : 3.194755
Loss : 3.031566
Loss : 3.149767
Loss : 3.186403
Loss : 2.790560
Loss : 3.068359
Loss : 3.139001
Loss : 3.087396
Loss : 2.978132
Loss : 3.029810
Loss : 3.093246
Loss : 2.769154
Loss : 3.196955
Loss : 3.226831
Loss : 3.116119
Loss : 2.900456
Loss : 3.325190
Loss : 2.990841
Loss : 3.052866
Loss : 3.086174
Loss : 3.219341
Loss : 3.205114
Loss : 3.206618
Loss : 3.091172
Loss : 3.127213
Loss : 3.226561
Loss : 3.201304
Loss : 3.161625
Loss : 3.253035
Loss : 2.738166
Loss : 3.031885
Loss : 2.986584
Loss : 3.218175
Loss : 2.693626
Loss : 3.127449
Loss : 2.805938
Loss : 1.934730
Loss : 2.767801
Loss : 3.070996
Loss : 3.282691
Loss : 2.629858
Loss : 2.545913
Loss : 2.918766
Loss : 3.022246
Loss : 2.632350
Loss : 3.114217
Loss : 3.276357
Loss : 3.122894
Loss : 3.145259
Loss : 3.141431
Loss : 3.231288
Loss : 3.116041
Loss : 3.019192
Loss : 3.091075
Loss : 2.944473
Loss : 3.157350
Loss : 3.083705
Loss : 3.039544
Loss : 3.281972
Loss : 3.129300
Loss : 3.179398
Loss : 2.947830
Loss : 3.162896
Loss : 3.256225
Loss : 3.349914
Loss : 3.216446
Loss : 3.075211
Loss : 3.137871
Loss : 3.068176
Loss : 3.233964
Loss : 3.164638
Loss : 3.214805
Loss : 3.198020
Loss : 2.920403
Loss : 2.978923
Loss : 3.151981
Loss : 3.237185
Loss : 3.063357
Loss : 3.300360
Loss : 3.142610
Loss : 3.031357
Loss : 3.206182
Loss : 3.142165
Loss : 3.116411
Loss : 3.275406
Loss : 3.236931
Loss : 3.284013
Loss : 3.258019
Loss : 3.045568
Loss : 3.058544
Loss : 3.247418
Loss : 3.167231
Loss : 2.801948
Loss : 2.915400
Loss : 3.175352
Loss : 3.211625
Loss : 2.504265
Loss : 3.118465
Loss : 3.005684
Loss : 3.182799
Loss : 3.180541
Loss : 3.111353
Loss : 3.041803
Loss : 3.207097
Loss : 3.112791
Loss : 3.311971
Loss : 3.043887
Loss : 3.070759
Loss : 3.123317
Loss : 3.093466
Loss : 3.106118
Loss : 3.110311
Loss : 3.131958
Loss : 3.200711
Loss : 3.182732
Loss : 3.090193
Loss : 3.164090
Loss : 3.035835
Loss : 2.955561
Loss : 2.989562
Loss : 2.950877
Loss : 3.120893
Loss : 3.172245
Loss : 3.100433
Loss : 2.989536
Loss : 2.873867
Loss : 3.101125
Loss : 3.148000
Loss : 3.138386
Loss : 3.164032
Loss : 3.140215
Loss : 3.118021
Loss : 3.095117
Loss : 3.245764
Loss : 3.109030
Loss : 3.224975
Loss : 3.086044
Loss : 3.172171
Loss : 3.192133
Loss : 3.061534
Loss : 3.306512
Loss : 3.180430
Loss : 3.108585
Loss : 3.169089
Loss : 2.903975
Loss : 3.031595
Loss : 3.118684
Loss : 2.843854
Loss : 2.828993
Loss : 2.921084
Loss : 2.684960
Loss : 3.009855
Loss : 2.974683
Loss : 2.817683
Loss : 2.937292
Loss : 3.213893
Loss : 3.163989
Loss : 3.187915
Loss : 2.857150
Loss : 2.880264
Loss : 2.866713
Loss : 2.729597
Loss : 2.923335
Loss : 2.925894
Loss : 2.851753
Loss : 2.742797
Loss : 2.544907
Loss : 3.014140
Loss : 3.256988
Loss : 3.228542
Loss : 3.191717
Loss : 3.161351
Loss : 3.206326
Loss : 3.105870
Loss : 3.247399
Loss : 3.241644
Loss : 3.141225
Loss : 3.100140
Loss : 3.201404
Loss : 3.265517
Loss : 3.193826
Loss : 3.147698
Loss : 3.205157
Loss : 3.315428
Loss : 3.117559
Loss : 3.208904
Loss : 3.040122
Loss : 2.681433
Loss : 3.152247
Loss : 3.004052
Loss : 3.097841
Loss : 3.195864
Loss : 3.280181
Loss : 2.958649
Loss : 3.156358
Loss : 3.168020
Loss : 3.176741
Loss : 3.159584
Loss : 3.105478
Loss : 2.702252
Loss : 3.037104
Loss : 2.904256
Loss : 2.970434
Loss : 3.071681
Loss : 3.166154
Loss : 2.865187
Loss : 3.006606
Loss : 3.182131
Loss : 3.219093
Loss : 3.172727
Loss : 3.245142
Loss : 3.260198
Loss : 3.028469
Loss : 3.138957
Loss : 3.226055
Loss : 3.151643
Loss : 3.018864
Loss : 3.145802
Loss : 3.227688
Loss : 2.927654
Loss : 2.932109
Loss : 3.247514
Loss : 3.184182
Loss : 3.232037
Loss : 3.213050
Loss : 3.250849
Loss : 2.974671
Loss : 3.294981
Loss : 3.200059
Loss : 3.106203
Loss : 3.179520
Loss : 3.164843
Loss : 3.182496
Loss : 3.142664
Loss : 3.065502
Loss : 3.078560
Loss : 3.097197
Loss : 3.227073
Loss : 3.112136
Loss : 3.077076
Loss : 3.198611
Loss : 3.114283
Loss : 3.102314
Loss : 2.846158
Loss : 2.978782
Loss : 3.174414
Loss : 3.173664
Loss : 3.265006
Loss : 3.138213
Loss : 3.076913
Loss : 3.266933
Loss : 3.258539
Loss : 3.243949
Loss : 3.220637
Loss : 3.067976
Loss : 3.233292
Loss : 3.313539
Loss : 3.171448
Loss : 3.176956
Loss : 3.142450
Loss : 2.828643
Loss : 3.145264
Loss : 3.160487
Loss : 3.242541
Loss : 3.271071
Loss : 3.025216
Loss : 3.230374
Loss : 3.272523
Loss : 3.033369
Loss : 3.127205
Loss : 3.186527
Loss : 3.089927
Loss : 3.143459
Loss : 3.178575
Loss : 3.185682
Loss : 3.129974
Loss : 3.233112
Loss : 3.029444
Loss : 3.020743
Loss : 2.771383
Loss : 3.125474
Loss : 3.143116
Loss : 3.284171
Loss : 3.228062
Loss : 3.177505
Loss : 3.134148
Loss : 3.303008
Loss : 3.165102
Loss : 3.186363
Loss : 3.292410
Loss : 3.060112
Loss : 3.255098
Loss : 2.968080
Loss : 3.117272
Loss : 3.130110
Loss : 3.032318
Loss : 3.210747
Loss : 3.244520
Loss : 3.114926
Loss : 3.032954
Loss : 3.159208
Loss : 3.079513
Loss : 3.216419
Loss : 3.210456
Loss : 3.277570
Loss : 3.210203
Loss : 3.090915
Loss : 3.190324
Loss : 3.023302
Loss : 2.683047
Loss : 3.221187
Loss : 3.274396
Loss : 3.190286
Loss : 3.249754
Loss : 3.247933
Loss : 3.152271
Loss : 3.122297
Loss : 3.021541
Loss : 3.034779
Loss : 2.982548
Loss : 3.216211
Loss : 3.155029
Loss : 3.218864
Loss : 3.045354
Loss : 2.978492
Loss : 3.182693
Loss : 3.044235
Loss : 3.179857
Loss : 3.060542
Loss : 3.013723
Loss : 3.051914
Loss : 3.069570
Loss : 3.230838
Loss : 3.084199
Loss : 3.008550
Loss : 3.185343
Loss : 3.155730
Loss : 3.078172
Loss : 3.075370
Loss : 3.143702
Loss : 2.898855
Loss : 3.013135
Loss : 3.131281
Loss : 2.873675
Loss : 2.799126
Loss : 3.040924
Loss : 2.791002
Loss : 2.790209
Loss : 2.950508
Loss : 2.955592
Loss : 3.208601
Loss : 3.215958
Loss : 3.100027
Loss : 3.191558
Loss : 3.040008
Loss : 3.132738
Loss : 3.252829
Loss : 3.158424
Loss : 3.272462
Loss : 3.233748
Loss : 3.150112
Loss : 3.226416
Loss : 3.156141
Loss : 3.057462
Loss : 2.877209
Loss : 3.117277
Loss : 3.047233
Loss : 3.110073
Loss : 3.277232
Loss : 3.281753
Loss : 3.149300
Loss : 3.288925
Loss : 3.051525
Loss : 3.092086
Loss : 3.091262
Loss : 2.996804
Loss : 3.157769
Loss : 3.182469
Loss : 3.202970
Loss : 3.165433
Loss : 3.157354
Loss : 3.218165
Loss : 3.247803
Loss : 2.883106
Loss : 3.128630
Loss : 3.134642
Loss : 3.089811
Loss : 3.020959
Loss : 3.181366
Loss : 3.245056
Loss : 3.073453
Loss : 3.185774
Loss : 3.181869
Loss : 3.153609
Loss : 3.200764
Loss : 3.140182
Loss : 2.956667
Loss : 3.041916
Loss : 3.013867
Loss : 3.188613
Loss : 3.109319
Loss : 3.085503
Loss : 2.934300
Loss : 3.115100
Loss : 2.752644
Loss : 2.917352
Loss : 3.133293
Loss : 3.293732
Loss : 2.562533
Loss : 3.088687
Loss : 3.237011
Loss : 3.168943
Loss : 2.905124
Loss : 3.208857
Loss : 3.274615
Loss : 3.229710
Loss : 3.145509
Loss : 3.088022
Loss : 3.237442
Loss : 3.204164
Loss : 3.311918
Loss : 3.114876
Loss : 3.096867
Loss : 3.035833
Loss : 3.074260
Loss : 3.043204
Loss : 3.024411
Loss : 3.217260
Loss : 3.015538
Loss : 3.224309
Loss : 3.053091
Loss : 3.090699
Loss : 3.049126
Loss : 2.920039
Loss : 3.177465
Loss : 3.143483
Loss : 3.085839
Loss : 2.993175
Loss : 3.132907
Loss : 2.511498
Loss : 2.929908
Loss : 2.885114
Loss : 3.149386
Loss : 2.834351
Loss : 3.024572
Loss : 3.194093
Loss : 3.255012
Loss : 3.138331
Loss : 3.047981
Loss : 3.076160
Loss : 3.197317
Loss : 3.188714
Loss : 3.035619
Loss : 2.586002
Loss : 3.056413
Loss : 3.079761
Loss : 3.017120
Loss : 3.127264
Loss : 3.098194
Loss : 2.913573
Loss : 3.196276
Loss : 3.124069
Loss : 3.187595
Loss : 3.151956
Loss : 3.083306
Loss : 2.992876
Loss : 3.324194
Loss : 3.251607
Loss : 3.113678
Loss : 3.112267
Loss : 3.177528
Loss : 3.102241
Loss : 3.058316
Loss : 2.865672
Loss : 3.021984
Loss : 3.182680
Loss : 3.224879
Loss : 3.267328
Loss : 3.185402
Loss : 3.124870
Loss : 3.266596
Loss : 3.339340
Loss : 3.180953
Loss : 3.088707
Loss : 3.072218
Loss : 3.076429
Loss : 3.288664
Loss : 3.189379
Loss : 3.201312
Loss : 3.053515
Loss : 3.183883
Loss : 3.155149
Loss : 3.101441
Loss : 3.148507
Loss : 2.996477
Loss : 3.077503
Loss : 3.165748
Loss : 3.106363
Loss : 3.097507
Loss : 3.115080
Loss : 3.123832
Loss : 3.133049
Loss : 3.059003
Loss : 3.052001
Loss : 3.169194
Loss : 3.158168
Loss : 3.196237
Loss : 3.273273
Loss : 3.122226
Loss : 3.139519
Loss : 3.136871
Loss : 2.957688
Loss : 3.057670
Loss : 3.087394
Loss : 2.908439
Loss : 3.025541
Loss : 3.103473
Loss : 3.159379
Loss : 3.215983
Loss : 3.050535
Loss : 3.114840
Loss : 3.242541
Loss : 3.098883
Loss : 3.166294
Loss : 3.226855
Loss : 3.315195
Loss : 3.244444
Loss : 2.946258
Loss : 3.306236
Loss : 3.039915
Loss : 3.156142
Loss : 3.092311
Loss : 3.317651
Loss : 3.161674
Loss : 3.272654
Loss : 2.863357
Loss : 3.235209
Loss : 3.167424
Loss : 3.092914
Loss : 3.069817
Loss : 3.170890
Loss : 2.801343
Loss : 2.734653
Loss : 3.169607
Loss : 3.265985
Loss : 3.208343
Loss : 3.202797
Loss : 3.084575
Loss : 3.027166
Loss : 3.007654
Loss : 3.133985
Loss : 3.069826
Loss : 3.161131
Loss : 3.189149
Loss : 3.051666
Loss : 3.159092
Loss : 3.147659
Loss : 3.136568
Loss : 3.209894
Loss : 3.109740
Loss : 3.131354
Loss : 3.126164
Loss : 3.238947
Loss : 3.161820
Loss : 3.112449
Loss : 3.184451
Loss : 3.026020
Loss : 3.173311
Loss : 3.167834
Loss : 3.106165
Loss : 3.105575
Loss : 3.116931
Loss : 3.071899
Loss : 3.160480
Loss : 3.233039
Loss : 3.069015
Loss : 3.241261
Loss : 3.041898
Loss : 2.719608
Loss : 3.120617
Loss : 2.987503
Loss : 3.099645
Loss : 3.286425
Loss : 3.220311
Loss : 3.158041
Loss : 2.928601
Loss : 3.130202
Loss : 3.055186
Loss : 2.926110
Loss : 2.892747
Loss : 2.993130
Loss : 3.026500
Loss : 2.811484
Loss : 2.663767
Loss : 2.877346
Loss : 2.918501
Loss : 2.887711
Loss : 2.675047
Loss : 2.867711
Loss : 2.990330
Loss : 3.228629
Loss : 3.094490
Loss : 2.993226
Loss : 3.157432
Loss : 3.155003
Loss : 2.973691
Loss : 3.043549
Loss : 3.069054
Loss : 2.906038
Loss : 2.874263
Loss : 3.218584
Loss : 3.026501
Loss : 3.209318
Loss : 2.719079
Loss : 3.015498
Loss : 3.024316
Loss : 3.187108
Loss : 3.130161
Loss : 3.058911
Loss : 3.074129
Loss : 3.250584
Loss : 3.032447
Loss : 3.133485
Loss : 3.075010
Loss : 2.990602
Loss : 3.061081
Loss : 3.159444
Loss : 3.077122
Loss : 2.998367
Loss : 3.100161
Loss : 3.109455
Loss : 3.047736
Loss : 3.024785
Loss : 3.076934
Loss : 3.130755
Loss : 3.102240
Loss : 2.989459
Loss : 3.018869
Loss : 3.042787
Loss : 3.109410
Loss : 3.180728
Loss : 3.055963
Loss : 2.911519
Loss : 3.203042
Loss : 3.142632
Loss : 3.262013
Loss : 3.106230
Loss : 3.052261
Loss : 3.267229
Loss : 3.160388
Loss : 3.166521
Loss : 3.116766
Loss : 3.130242
Loss : 3.147592
Loss : 2.825643
Loss : 2.892623
Loss : 3.014045
Loss : 2.908148
Loss : 3.207088
Loss : 3.108829
Loss : 2.947092
Loss : 2.860511
Loss : 3.074859
Loss : 2.086785
Loss : 2.086085
Loss : 3.038894
Loss : 3.083895
Loss : 2.943689
Loss : 3.194980
Loss : 3.249577
Loss : 3.117038
Loss : 3.171708
Loss : 3.032148
Loss : 2.982068
Loss : 3.048623
Loss : 3.111353
Loss : 3.056999
Loss : 3.025565
Loss : 3.078713
Loss : 3.354877
Loss : 3.140597
Loss : 3.123502
Loss : 3.177105
Loss : 3.057555
Loss : 3.189681
Loss : 2.975504
Loss : 2.976625
Loss : 3.120286
Loss : 3.136148
Loss : 2.857569
Loss : 3.063611
Loss : 3.039252
Loss : 3.035388
Loss : 3.185979
Loss : 3.112604
Loss : 2.864280
Loss : 3.203044
Loss : 3.223997
Loss : 3.103650
Loss : 2.886788
Loss : 2.971883
Loss : 2.758789
Loss : 3.241339
Loss : 3.220969
Loss : 2.866005
Loss : 3.104718
Loss : 3.100577
Loss : 2.965070
Loss : 3.180122
Loss : 3.195733
Loss : 3.040398
Loss : 2.978894
Loss : 3.191379
Loss : 3.182013
Loss : 3.056768
Loss : 3.164189
Loss : 3.138124
Loss : 3.031162
Loss : 2.769115
Loss : 3.245335
Loss : 2.888627
Loss : 3.202045
Loss : 2.967143
Loss : 2.959483
Loss : 2.644379
Loss : 3.089887
Loss : 3.312438
Loss : 3.198184
Loss : 3.204430
Loss : 3.017528
Loss : 3.232502
Loss : 3.208423
Loss : 2.911159
Loss : 2.842888
Loss : 2.857149
Loss : 3.161021
Loss : 3.218861
Loss : 3.141652
Loss : 3.191359
Loss : 3.158705
Loss : 3.021411
Loss : 3.144729
Loss : 3.230885
Loss : 3.168899
Loss : 3.191415
Loss : 3.153201
Loss : 3.085266
Loss : 3.185159
Loss : 3.140108
Loss : 3.062202
Loss : 3.062773
Loss : 3.241080
Loss : 3.020229
Loss : 3.159116
Loss : 3.191773
Loss : 3.049216
Loss : 2.982236
Loss : 3.158793
Loss : 3.001557
Loss : 2.864035
Loss : 2.995479
Loss : 2.885681
Loss : 2.800541
Loss : 2.935519
Loss : 3.233338
Loss : 3.231452
Loss : 3.089556
Loss : 3.039040
Loss : 3.249991
Loss : 3.187142
Loss : 2.875348
Loss : 2.715096
Loss : 2.460105
Loss : 2.590505
Loss : 2.725430
Loss : 2.412948
Loss : 2.787392
Loss : 2.682733
Loss : 2.683939
Loss : 2.716889
Loss : 2.526665
Loss : 2.451070
Loss : 2.625664
Loss : 2.766522
Loss : 3.073465
Loss : 2.933674
Loss : 2.974835
Loss : 2.467346
Loss : 2.605627
Loss : 2.400295
Loss : 3.187849
Loss : 2.617208
Loss : 2.681116
Loss : 2.774607
Loss : 2.532398
Loss : 2.746534
Loss : 3.005756
Loss : 2.560780
Loss : 3.231971
Loss : 2.802206
Loss : 2.972999
Loss : 2.913132
Loss : 3.162880
Loss : 3.093457
Loss : 1.812164
Loss : 2.032691
Loss : 3.045620
Loss : 2.986192
Loss : 3.130057
Loss : 2.793433
Loss : 2.977709
Loss : 3.123540
Loss : 3.071366
Loss : 3.065752
Loss : 3.239183
Loss : 2.953955
Loss : 2.881863
Loss : 2.887033
Loss : 3.199446
Loss : 3.180994
Loss : 2.828468
Loss : 2.826000
Loss : 2.791833
Loss : 2.970811
Loss : 3.098296
Loss : 3.216385
Loss : 2.631402
Loss : 2.947291
Loss : 3.011072
Loss : 3.006470
Loss : 2.795242
Loss : 2.494128
Loss : 2.459494
Loss : 3.138707
Loss : 2.843563
Loss : 3.141031
Loss : 3.240886
Loss : 2.751972
Loss : 3.173276
Loss : 2.945335
Loss : 2.630841
Loss : 3.083405
Loss : 3.074919
Loss : 3.182211
Loss : 2.896798
Loss : 3.172601
Loss : 3.077228
Loss : 3.127875
Loss : 2.448164
Loss : 3.187978
Loss : 3.073036
Loss : 2.712967
Loss : 3.085347
Loss : 3.152497
Loss : 3.110143
Loss : 3.160345
Loss : 3.039996
Loss : 2.963224
Loss : 3.065189
Loss : 3.011490
Loss : 3.074038
Loss : 3.153964
Loss : 3.039493
Loss : 3.175676
Loss : 3.136271
Loss : 3.040236
Loss : 3.107683
Loss : 2.928831
Loss : 2.708540
Loss : 3.125899
Loss : 2.685450
Loss : 3.161467
Loss : 2.861361
Loss : 3.135123
Loss : 3.184734
Loss : 3.221650
Loss : 3.088876
Loss : 3.169509
Loss : 3.083869
Loss : 3.171293
Loss : 3.203728
Loss : 3.102534
Loss : 3.205961
Loss : 3.008586
Loss : 3.152188
Loss : 3.141220
Loss : 3.212474
Loss : 3.140101
Loss : 3.028912
Loss : 3.088988
Loss : 3.172916
Loss : 3.065907
Loss : 3.175356
Loss : 3.154889
Loss : 3.119084
Loss : 3.080136
Loss : 3.218529
Loss : 2.968097
Loss : 3.032295
Loss : 3.018984
Loss : 3.085095
Loss : 3.136038
Loss : 3.166213
Loss : 3.202092
Loss : 3.148370
Loss : 3.034970
Loss : 3.150978
Loss : 3.133926
Loss : 3.120916
Loss : 2.926867
Loss : 3.116507
Loss : 3.067407
Loss : 3.148159
Loss : 3.180732
Loss : 2.995026
Loss : 3.274370
Loss : 2.926616
Loss : 3.215568
Loss : 3.189093
Loss : 3.047173
Loss : 3.042145
Loss : 3.213243
Loss : 3.145094
Loss : 3.097450
Loss : 3.031536
Loss : 2.965136
Loss : 2.957277
Loss : 3.219199
Loss : 3.194592
Loss : 3.111944
Loss : 3.270131
Loss : 3.100396
Loss : 3.164253
Loss : 3.173640
Loss : 3.008346
Loss : 3.130095
Loss : 3.151057
Loss : 3.179220
Loss : 2.982753
Loss : 2.947958
Loss : 2.755431
Loss : 2.793181
Loss : 2.839247
Loss : 2.860265
Loss : 2.758718
Loss : 2.863257
Loss : 3.127517
Loss : 3.143356
Loss : 3.178539
Loss : 2.754441
Loss : 3.215003
Loss : 3.068989
Loss : 3.087528
Loss : 3.188906
Loss : 3.079702
Loss : 3.075861
Loss : 3.176784
Loss : 3.033777
Loss : 3.060322
Loss : 3.172397
Loss : 3.114849
Loss : 3.181768
Loss : 3.033783
Loss : 3.073757
Loss : 3.018060
Loss : 3.219280
Loss : 3.126192
Loss : 3.103224
Loss : 3.243991
Loss : 3.164190
Loss : 3.090228
Loss : 3.259295
Loss : 3.099387
Loss : 3.177436
Loss : 3.112893
Loss : 3.126764
Loss : 3.128251
Loss : 3.215834
Loss : 3.025071
Loss : 3.155553
Loss : 3.155139
Loss : 3.141645
Loss : 3.245468
Loss : 3.126928
Loss : 3.097646
Loss : 3.135550
Loss : 3.125786
Loss : 2.964459
Loss : 3.265433
Loss : 3.105095
Loss : 3.187543
Loss : 3.041144
Loss : 3.094269
Loss : 3.115490
Loss : 3.216309
Loss : 3.131430
Loss : 3.200468
Loss : 3.291554
Loss : 3.200585
Loss : 3.150846
Loss : 3.242003
Loss : 3.200409
Loss : 3.241082
Loss : 3.133297
Loss : 3.210904
Loss : 3.274338
Loss : 3.078682
Loss : 3.159491
Loss : 3.217391
Loss : 3.062519
Loss : 3.249739
Loss : 3.130206
Loss : 3.328311
Loss : 3.193995
Loss : 3.126064
Loss : 3.241819
Loss : 3.306378
Loss : 3.020896
Loss : 3.241616
Loss : 3.165108
Loss : 3.255952
Loss : 3.283956
Loss : 3.258256
Loss : 3.219845
Loss : 2.899066
Loss : 3.167920
Loss : 3.217466
Loss : 3.100919
Loss : 3.162007
Loss : 3.093457
Loss : 3.112055
Loss : 3.248512
Loss : 3.213915
Loss : 3.155913
Loss : 3.154762
Loss : 3.069364
Loss : 3.124588
Loss : 3.242780
Loss : 3.109061
Loss : 3.187429
Loss : 3.180768
Loss : 3.171925
Loss : 3.144778
Loss : 3.163201
Loss : 3.020199
Loss : 2.983096
Loss : 3.070598
Loss : 3.097146
Loss : 3.075353
Loss : 3.257970
Loss : 3.143780
Loss : 3.012844
Loss : 3.206236
Loss : 3.137044
Loss : 2.983104
Loss : 3.101846
Loss : 3.183581
Loss : 3.113353
Loss : 3.084907
Loss : 3.152874
Loss : 2.990528
Loss : 3.114276
Loss : 2.907148
Loss : 3.178091
Loss : 3.190144
Loss : 3.028233
Loss : 3.213423
Loss : 3.048564
Loss : 2.950187
Loss : 3.135156
Loss : 3.065208
Loss : 3.269265
Loss : 3.082894
Loss : 3.121044
Loss : 2.975269
Loss : 3.231092
Loss : 3.110413
Loss : 3.055752
Loss : 3.134561
Loss : 2.759343
Loss : 3.019376
Loss : 2.648718
Loss : 3.067722
Loss : 3.023034
Loss : 2.870328
Loss : 2.867505
Loss : 2.796930
Loss : 2.798091
Loss : 2.835582
Loss : 2.845574
Loss : 2.602806
Loss : 2.647218
Loss : 2.948640
Loss : 2.867759
Loss : 2.912290
Loss : 2.545977
Loss : 2.824459
Loss : 2.949977
Loss : 3.180856
Loss : 3.271998
Loss : 3.080579
Loss : 3.250559
Loss : 3.174397
Loss : 2.965818
Loss : 3.071783
Loss : 3.235223
Loss : 3.166791
Loss : 3.181938
Loss : 2.942766
Loss : 2.957939
Loss : 3.124616
Loss : 3.129694
Loss : 3.135659
Loss : 2.815413
Loss : 3.205605
Loss : 3.129359
Loss : 3.212639
Loss : 3.092390
Loss : 3.123549
Loss : 3.129054
Loss : 3.063768
Loss : 2.860917
Loss : 2.929326
Loss : 3.159128
Loss : 2.996062
Loss : 3.071409
Loss : 3.053374
Loss : 2.898983
Loss : 3.237269
Loss : 3.020760
Loss : 2.591778
Loss : 3.214922
Loss : 3.100477
Loss : 3.073664
Loss : 2.969096
Loss : 3.268924
Loss : 2.850291
Loss : 3.171790
Loss : 3.177243
Loss : 3.146056
Loss : 3.218858
Loss : 3.233604
Loss : 3.327535
Loss : 3.100135
Loss : 3.097569
Loss : 3.248161
Loss : 3.004151
Loss : 3.052406
Loss : 2.900255
Loss : 2.967273
Loss : 2.989148
Loss : 3.130755
Loss : 3.042665
Loss : 3.096383
Loss : 3.078741
Loss : 2.948513
Loss : 3.024920
Loss : 2.969491
Loss : 2.791178
Loss : 2.828055
Loss : 3.091127
Loss : 3.010253
Loss : 3.206356
Loss : 3.012445
Loss : 2.706757
Loss : 3.023374
Loss : 3.137525
Loss : 3.020516
Loss : 3.299993
Loss : 3.218465
Loss : 2.295481
Loss : 2.225741
Loss : 2.727243
Loss : 3.253256
Loss : 3.205583
Loss : 3.073961
Loss : 3.057035
Loss : 3.072170
Loss : 2.958082
Loss : 3.271984
Loss : 3.127974
Loss : 3.108001
Loss : 3.023087
Loss : 3.090487
Loss : 3.057944
Loss : 3.183907
Loss : 3.144119
Loss : 3.115253
Loss : 3.242894
Loss : 3.147804
Loss : 3.162491
Loss : 3.218993
Loss : 2.967618
Loss : 3.096485
Loss : 3.073867
Loss : 3.198001
Loss : 3.195717
Loss : 3.213552
Loss : 2.811969
Loss : 1.977734
Loss : 2.954127
Loss : 3.242022
Loss : 3.104325
Loss : 3.074593
Loss : 3.161692
Loss : 2.910600
Loss : 3.128806
Loss : 2.944434
Loss : 3.023103
Loss : 2.986139
Loss : 3.159709
Loss : 3.210712
Loss : 3.024217
Loss : 3.190386
Loss : 3.182764
Loss : 3.094453
Loss : 3.264939
Loss : 3.164808
Loss : 3.212405
Loss : 3.025963
Loss : 3.229797
Loss : 3.130337
Loss : 2.817362
Loss : 3.186667
Loss : 3.209900
Loss : 3.267258
Loss : 2.983387
Loss : 3.158634
Loss : 3.201753
Loss : 3.140830
Loss : 3.208613
Loss : 3.186791
Loss : 3.183922
Loss : 3.130044
Loss : 3.284738
Loss : 3.130904
Loss : 3.168517
Loss : 3.247224
Loss : 3.173712
Loss : 2.972313
Loss : 3.044608
Loss : 3.071187
Loss : 2.872972
Loss : 3.060237
Loss : 3.030799
Loss : 3.059327
Loss : 3.157553
Loss : 3.084236
Loss : 3.175427
Loss : 3.216211
Loss : 3.122946
Loss : 2.939150
Loss : 3.138195
Loss : 3.086597
Loss : 3.223116
Loss : 2.833511
Loss : 1.643323
Loss : 2.638801
Loss : 3.086350
Loss : 3.176689
Loss : 3.059008
Loss : 3.098802
Loss : 3.166089
Loss : 3.141145
Loss : 3.174219
Loss : 3.165765
Loss : 3.166282
Loss : 3.209583
Loss : 3.098088
Loss : 3.013020
Loss : 3.047706
Loss : 3.105186
Loss : 3.144387
Loss : 3.025302
Loss : 3.047821
Loss : 3.295917
Loss : 3.169027
Loss : 3.254143
Loss : 3.085220
Loss : 2.972858
Loss : 3.228543
Loss : 3.122726
Loss : 3.169778
Loss : 3.224995
Loss : 3.136822
Loss : 3.208509
Loss : 3.022232
Loss : 2.973198
Loss : 2.968940
Loss : 3.055242
Loss : 3.138082
Loss : 3.131829
Loss : 3.013476
Loss : 2.759272
Loss : 2.972777
Loss : 2.903155
Loss : 2.742673
Loss : 2.721007
Loss : 2.831219
Loss : 2.688583
Loss : 2.923048
Loss : 2.996942
Loss : 2.827347
Loss : 2.654657
Loss : 2.852572
Loss : 2.631036
Loss : 3.136218
Loss : 3.020648
Loss : 2.911011
Loss : 2.873887
Loss : 3.021071
Loss : 2.755027
Loss : 3.147474
Loss : 2.687655
Loss : 2.942130
Loss : 2.991707
Loss : 2.806908
Loss : 3.047159
Loss : 2.675430
Loss : 2.670490
Loss : 2.913410
Loss : 2.902466
Loss : 2.738386
Loss : 2.759595
Loss : 2.713082
Loss : 2.538818
Loss : 2.842086
Loss : 2.578982
Loss : 3.126817
Loss : 3.122723
Loss : 3.194750
Loss : 3.210675
Loss : 3.095362
Loss : 3.019425
Loss : 3.122874
Loss : 3.027025
Loss : 2.818468
Loss : 2.647705
Loss : 2.661645
Loss : 2.540330
Loss : 3.017467
Loss : 3.132390
Loss : 3.175012
Loss : 3.152618
Loss : 3.172757
Loss : 3.168940
Loss : 3.127107
Loss : 3.082130
Loss : 2.998532
Loss : 3.178771
Loss : 3.048709
Loss : 3.132939
Loss : 2.998145
Loss : 3.163415
Loss : 2.982005
Loss : 3.017693
Loss : 3.097395
Loss : 3.001460
Loss : 2.794985
Loss : 2.922792
Loss : 2.988741
Loss : 3.050807
Loss : 3.015713
Loss : 2.848542
Loss : 3.024795
Loss : 2.956905
Loss : 3.146227
Loss : 3.089591
Loss : 3.237856
Loss : 3.193141
Loss : 3.226896
Loss : 3.111153
Loss : 3.003534
Loss : 3.028446
Loss : 3.116828
Loss : 3.050493
Loss : 3.019555
Loss : 3.186969
Loss : 3.044229
Loss : 3.116618
Loss : 3.173628
Loss : 3.036063
Loss : 3.115211
Loss : 3.084658
Loss : 3.005764
Loss : 3.166313
Loss : 3.104165
Loss : 3.169655
Loss : 3.026363
Loss : 2.882314
Loss : 2.793324
Loss : 2.559706
Loss : 2.863795
Loss : 3.187892
Loss : 3.223411
Loss : 3.162352
Loss : 2.939613
Loss : 2.536979
Loss : 2.514808
Loss : 3.232527
Loss : 2.784669
Loss : 2.883030
Loss : 2.794838
Loss : 2.722537
Loss : 2.832002
Loss : 2.886542
Loss : 3.131008
Loss : 3.143048
Loss : 2.996812
Loss : 3.153861
Loss : 3.187298
Loss : 3.141638
Loss : 3.053299
Loss : 3.012714
Loss : 3.173850
Loss : 3.051215
Loss : 3.239795
Loss : 2.839995
Loss : 3.222671
Loss : 3.183339
Loss : 2.937449
Loss : 3.069343
Loss : 3.056400
Loss : 2.919300
Loss : 3.002454
Loss : 2.924996
Loss : 3.184523
Loss : 3.033618
Loss : 3.113498
Loss : 3.014824
Loss : 3.079158
Loss : 3.209704
Loss : 2.849240
Loss : 3.293373
Loss : 3.146375
Loss : 3.193575
Loss : 2.893083
Loss : 3.053535
Loss : 3.169122
Loss : 3.157302
Loss : 3.117750
Loss : 3.094510
Loss : 3.183630
Loss : 2.946409
Loss : 3.078004
Loss : 3.249826
Loss : 3.192408
Loss : 3.254451
Loss : 3.248941
Loss : 3.147781
Loss : 3.135093
Loss : 3.034970
Loss : 3.199290
Loss : 3.158774
Loss : 3.028660
Loss : 3.041617
Loss : 3.009651
Loss : 3.010708
Loss : 3.100278
Loss : 3.159837
Loss : 3.188048
Loss : 3.015535
Loss : 2.863625
Loss : 2.890810
Loss : 2.967014
Loss : 2.786569
Loss : 3.117360
Loss : 3.105340
Loss : 3.234025
Loss : 3.074816
Loss : 3.267022
Loss : 3.274207
Loss : 3.209145
Loss : 3.129037
Loss : 3.311964
Loss : 3.043387
Loss : 2.827286
Loss : 3.116603
Loss : 3.050463
Loss : 2.966192
Loss : 3.157792
Loss : 3.258747
Loss : 2.955038
Loss : 3.082233
Loss : 3.233802
Loss : 3.231923
Loss : 2.748324
Loss : 2.741638
Loss : 3.163698
Loss : 3.290978
Loss : 2.959641
Loss : 2.987125
Loss : 2.672150
Loss : 3.178555
Loss : 3.008511
Loss : 2.886739
Loss : 3.268423
Loss : 3.122887
Loss : 3.043351
Loss : 3.032398
Loss : 2.958678
Loss : 3.326124
Loss : 3.178210
Loss : 2.976784
Loss : 2.974479
Loss : 2.691451
Loss : 3.202114
Loss : 2.893086
Loss : 3.229664
Loss : 2.756204
Loss : 2.682171
Loss : 2.916134
Loss : 2.719063
Loss : 3.196927
Loss : 3.217103
Loss : 3.096393
Loss : 3.182361
Loss : 3.144261
Loss : 3.144536
Loss : 3.322170
Loss : 3.098377
Loss : 2.948667
Loss : 3.201214
Loss : 3.174910
Loss : 3.068552
Loss : 3.243854
Loss : 3.205083
Loss : 2.013048
Loss : 1.807723
Loss : 3.052292
Loss : 3.002078
Loss : 3.278354
Loss : 2.983887
Loss : 3.087884
Loss : 3.189989
Loss : 3.102006
Loss : 3.127832
Loss : 2.964603
Loss : 3.081940
Loss : 2.980838
Loss : 3.190985
Loss : 3.124864
Loss : 3.224684
Loss : 3.221443
Loss : 3.145849
Loss : 3.119217
Loss : 3.177403
Loss : 3.203079
Loss : 3.206820
Loss : 3.143487
Loss : 3.287383
Loss : 2.735084
Loss : 3.135595
Loss : 2.598770
Loss : 2.855679
Loss : 3.096423
Loss : 3.085420
Loss : 3.222594
Loss : 3.266796
Loss : 3.137239
Loss : 3.171807
Loss : 3.088634
Loss : 2.929788
Loss : 3.230850
Loss : 3.099950
Loss : 3.107065
Loss : 3.229150
Loss : 3.163357
Loss : 3.083283
Loss : 3.124598
Loss : 3.000960
Loss : 3.050194
Loss : 2.991857
Loss : 3.207942
Loss : 3.151769
Loss : 3.205419
Loss : 3.150148
Loss : 3.160619
Loss : 3.199839
Loss : 3.245718
Loss : 3.182079
Loss : 3.233224
Loss : 3.089623
Loss : 3.070745
Loss : 3.207339
Loss : 3.333553
Loss : 3.206483
Loss : 3.168537
Loss : 3.240705
Loss : 3.239601
Loss : 3.098788
Loss : 3.108736
Loss : 3.061994
Loss : 3.016648
Loss : 3.060902
Loss : 3.274530
Loss : 3.327001
Loss : 3.276082
Loss : 3.138551
Loss : 3.150354
Loss : 3.158883
Loss : 3.229488
Loss : 3.111050
Loss : 3.224769
Loss : 3.084008
Loss : 3.128511
Loss : 3.131030
Loss : 3.033327
Loss : 3.007163
Loss : 3.189115
Loss : 3.218966
Time Elapsed for Training 06:31:29
word2vec.py:18: UserWarning: To copy construct from a tensor, it is recommended to use sourceTensor.clone().detach() or sourceTensor.clone().detach().requires_grad_(True), rather than torch.tensor(sourceTensor).
  embedding = torch.tensor(embedding)
word2vec.py:45: UserWarning: To copy construct from a tensor, it is recommended to use sourceTensor.clone().detach() or sourceTensor.clone().detach().requires_grad_(True), rather than torch.tensor(sourceTensor).
  x_vector = torch.tensor(x_vector)
Questions = 17827, Correct Questions = 1936, Hitting Rate = 10.8599
Time Elapsed for Validaiton 02:58:08
