loading...
preprocessing...
build training set...
Vocabulary size
71291

# of training samples
167188440

Time Elapsed for SubSampling 00:01:01

Training Set before Subsampling : 167188440
Number of discard : 50169814
Training Set after Subsampling : 117018626
Loss : 7.609394
Loss : 7.573464
Loss : 7.274630
Loss : 7.238470
Loss : 7.261756
Loss : 7.241338
Loss : 7.440534
Loss : 7.265786
Loss : 7.345639
Loss : 7.235109
Loss : 7.334839
Loss : 7.276927
Loss : 7.395356
Loss : 7.030416
Loss : 7.201498
Loss : 7.449055
Loss : 7.113489
Loss : 7.304349
Loss : 7.186091
Loss : 7.156904
Loss : 7.519354
Loss : 7.223090
Loss : 7.365424
Loss : 7.077641
Loss : 7.181237
Loss : 7.071757
Loss : 7.253596
Loss : 6.924745
Loss : 7.039986
Loss : 7.354488
Loss : 7.089295
Loss : 7.256655
Loss : 7.846611
Loss : 7.156743
Loss : 7.035820
Loss : 7.037574
Loss : 7.256513
Loss : 7.211248
Loss : 7.339697
Loss : 7.258929
Loss : 6.975438
Loss : 7.076135
Loss : 6.777328
Loss : 7.127323
Loss : 7.192710
Loss : 7.189114
Loss : 7.318541
Loss : 7.441571
Loss : 7.484226
Loss : 7.217461
Loss : 7.329541
Loss : 7.348877
Loss : 7.222980
Loss : 7.259626
Loss : 7.239679
Loss : 7.126620
Loss : 7.123014
Loss : 7.375108
Loss : 7.250069
Loss : 7.532506
Loss : 7.472215
Loss : 7.101952
Loss : 7.067835
Loss : 7.061740
Loss : 6.926304
Loss : 7.302850
Loss : 7.363745
Loss : 7.149627
Loss : 7.375242
Loss : 7.223415
Loss : 7.438023
Loss : 7.190092
Loss : 6.949940
Loss : 7.270611
Loss : 6.881183
Loss : 6.321910
Loss : 7.070691
Loss : 7.065962
Loss : 7.283479
Loss : 6.990349
Loss : 7.299108
Loss : 7.423623
Loss : 7.110879
Loss : 7.095290
Loss : 6.957171
Loss : 6.952061
Loss : 6.926581
Loss : 7.154272
Loss : 7.125041
Loss : 6.961114
Loss : 7.363942
Loss : 7.172608
Loss : 7.182643
Loss : 7.367715
Loss : 7.206897
Loss : 7.100451
Loss : 7.245244
Loss : 6.999809
Loss : 6.976146
Loss : 7.167212
Loss : 7.153887
Loss : 6.707363
Loss : 7.029373
Loss : 7.158844
Loss : 6.991918
Loss : 6.892434
Loss : 7.319325
Loss : 7.389592
Loss : 7.107116
Loss : 7.258959
Loss : 6.597185
Loss : 7.361550
Loss : 7.015349
Loss : 7.404279
Loss : 7.231777
Loss : 7.319963
Loss : 7.239865
Loss : 7.342317
Loss : 7.075901
Loss : 6.867331
Loss : 7.140711
Loss : 7.007211
Loss : 6.915869
Loss : 7.056129
Loss : 6.957293
Loss : 6.962618
Loss : 7.073040
Loss : 6.714841
Loss : 6.365259
Loss : 6.511824
Loss : 7.340888
Loss : 7.414506
Loss : 6.881796
Loss : 7.467313
Loss : 7.075353
Loss : 7.059248
Loss : 6.916272
Loss : 6.658584
Loss : 6.945912
Loss : 6.726981
Loss : 6.448055
Loss : 6.930991
Loss : 6.803805
Loss : 7.194556
Loss : 6.920904
Loss : 6.738209
Loss : 6.989788
Loss : 6.746347
Loss : 6.896379
Loss : 7.063078
Loss : 6.989642
Loss : 6.966966
Loss : 7.094975
Loss : 6.663027
Loss : 6.896208
Loss : 7.055551
Loss : 6.902092
Loss : 7.204044
Loss : 7.287806
Loss : 6.700705
Loss : 7.194211
Loss : 7.197309
Loss : 6.964426
Loss : 7.137809
Loss : 7.192584
Loss : 7.237464
Loss : 7.136955
Loss : 7.434114
Loss : 7.259608
Loss : 7.199478
Loss : 7.119507
Loss : 7.216610
Loss : 7.324621
Loss : 7.249947
Loss : 7.191915
Loss : 6.815676
Loss : 6.686176
Loss : 6.849793
Loss : 7.150802
Loss : 7.036676
Loss : 6.994114
Loss : 7.155403
Loss : 7.069591
Loss : 6.879781
Loss : 7.120459
Loss : 7.342990
Loss : 7.212962
Loss : 7.071330
Loss : 6.540756
Loss : 6.870306
Loss : 7.204689
Loss : 6.884036
Loss : 7.347003
Loss : 6.844241
Loss : 6.931748
Loss : 6.998159
Loss : 7.312338
Loss : 7.091855
Loss : 6.644928
Loss : 7.125982
Loss : 7.382170
Loss : 7.061668
Loss : 6.953101
Loss : 7.153719
Loss : 7.101850
Loss : 6.992392
Loss : 6.554310
Loss : 7.158810
Loss : 7.276745
Loss : 7.469521
Loss : 7.237552
Loss : 7.176106
Loss : 7.133709
Loss : 7.411919
Loss : 7.035512
Loss : 7.163894
Loss : 6.967631
Loss : 7.460855
Loss : 6.916452
Loss : 6.976889
Loss : 7.332410
Loss : 7.002635
Loss : 6.915037
Loss : 6.988983
Loss : 7.182018
Loss : 7.079509
Loss : 7.192805
Loss : 7.258059
Loss : 6.954728
Loss : 7.066901
Loss : 7.195507
Loss : 6.872280
Loss : 6.844946
Loss : 7.561261
Loss : 7.263299
Loss : 7.312600
Loss : 7.228498
Loss : 6.959051
Loss : 7.380357
Loss : 7.482010
Loss : 7.068994
Loss : 7.179723
Loss : 6.825824
Loss : 7.378811
Loss : 7.262137
Loss : 7.113263
Loss : 7.230427
Loss : 6.807711
Loss : 6.975724
Loss : 6.521177
Loss : 7.049860
Loss : 7.047537
Loss : 6.951614
Loss : 6.991345
Loss : 7.017203
Loss : 6.457178
Loss : 7.418431
Loss : 7.375723
Loss : 6.988467
Loss : 7.154992
Loss : 7.316216
Loss : 7.135064
Loss : 7.041891
Loss : 7.159484
Loss : 7.218769
Loss : 7.322644
Loss : 7.213315
Loss : 7.245009
Loss : 7.539421
Loss : 7.118186
Loss : 7.326193
Loss : 7.317504
Loss : 6.845087
Loss : 7.062848
Loss : 7.482685
Loss : 7.246970
Loss : 6.990607
Loss : 7.151013
Loss : 6.971760
Loss : 7.306336
Loss : 7.463990
Loss : 7.407639
Loss : 7.196217
Loss : 7.185931
Loss : 6.901524
Loss : 7.196577
Loss : 7.099223
Loss : 6.594291
Loss : 7.087378
Loss : 6.961248
Loss : 6.903099
Loss : 7.029671
Loss : 6.925780
Loss : 6.907285
Loss : 7.101200
Loss : 7.197805
Loss : 7.072469
Loss : 7.447484
Loss : 7.091281
Loss : 7.274752
Loss : 7.243287
Loss : 7.110708
Loss : 7.136109
Loss : 7.215733
Loss : 7.411419
Loss : 7.100049
Loss : 7.025101
Loss : 7.358099
Loss : 7.309457
Loss : 6.750191
Loss : 7.225007
Loss : 7.037750
Loss : 7.309761
Loss : 7.144136
Loss : 7.404575
Loss : 7.071581
Loss : 6.934336
Loss : 6.974663
Loss : 7.403092
Loss : 7.244453
Loss : 7.156422
Loss : 7.361620
Loss : 7.310241
Loss : 7.384738
Loss : 6.945243
Loss : 7.012011
Loss : 6.912813
Loss : 6.864133
Loss : 7.107387
Loss : 6.907296
Loss : 6.773020
Loss : 6.807152
Loss : 6.670523
Loss : 6.769672
Loss : 6.741995
Loss : 6.663484
Loss : 6.631483
Loss : 6.494320
Loss : 6.866400
Loss : 7.172764
Loss : 7.281665
Loss : 6.907351
Loss : 7.020429
Loss : 7.249811
Loss : 7.301818
Loss : 7.085884
Loss : 7.480410
Loss : 7.214036
Loss : 7.328895
Loss : 6.899909
Loss : 6.805913
Loss : 7.081799
Loss : 7.195051
Loss : 6.852741
Loss : 7.286307
Loss : 7.573235
Loss : 7.261803
Loss : 6.680034
Loss : 6.679137
Loss : 7.053546
Loss : 6.992713
Loss : 6.470818
Loss : 6.646725
Loss : 7.140495
Loss : 6.939526
Loss : 6.709172
Loss : 7.003441
Loss : 7.294330
Loss : 7.226614
Loss : 6.884306
Loss : 7.207597
Loss : 7.035846
Loss : 7.425154
Loss : 6.923005
Loss : 6.749076
Loss : 6.801802
Loss : 6.742369
Loss : 6.821257
Loss : 6.943636
Loss : 7.240337
Loss : 7.552066
Loss : 7.083029
Loss : 6.763566
Loss : 6.366045
Loss : 7.286837
Loss : 7.179598
Loss : 7.159289
Loss : 7.010382
Loss : 7.324378
Loss : 7.210940
Loss : 7.063206
Loss : 6.881412
Loss : 7.150508
Loss : 7.215295
Loss : 7.074370
Loss : 7.260438
Loss : 7.289531
Loss : 7.194816
Loss : 7.105808
Loss : 7.034533
Loss : 6.905451
Loss : 6.829870
Loss : 6.714812
Loss : 6.937462
Loss : 7.186436
Loss : 7.192427
Loss : 7.156316
Loss : 7.237537
Loss : 7.195103
Loss : 7.265380
Loss : 6.909163
Loss : 7.021103
Loss : 7.225388
Loss : 7.085646
Loss : 7.225261
Loss : 7.069322
Loss : 7.059639
Loss : 7.142640
Loss : 7.335546
Loss : 6.979917
Loss : 6.794505
Loss : 6.896202
Loss : 6.814365
Loss : 7.036062
Loss : 6.818606
Loss : 7.006108
Loss : 6.789936
Loss : 6.799433
Loss : 7.255932
Loss : 6.800120
Loss : 7.088157
Loss : 6.910535
Loss : 7.041470
Loss : 7.433680
Loss : 6.810407
Loss : 7.122184
Loss : 6.387531
Loss : 6.870372
Loss : 6.984935
Loss : 6.694265
Loss : 6.978948
Loss : 6.805889
Loss : 7.275862
Loss : 7.317998
Loss : 7.249359
Loss : 7.276272
Loss : 7.217937
Loss : 6.960104
Loss : 7.140839
Loss : 6.762226
Loss : 6.594667
Loss : 7.206364
Loss : 7.230783
Loss : 6.630169
Loss : 6.628748
Loss : 6.704130
Loss : 7.442752
Loss : 7.015465
Loss : 7.139060
Loss : 7.288658
Loss : 7.074213
Loss : 7.386735
Loss : 6.850333
Loss : 7.097207
Loss : 7.252979
Loss : 7.327049
Loss : 7.177010
Loss : 7.175345
Loss : 7.356928
Loss : 7.114897
Loss : 6.886045
Loss : 6.640960
Loss : 6.923574
Loss : 7.255884
Loss : 7.221283
Loss : 7.003826
Loss : 7.299945
Loss : 7.339363
Loss : 6.912807
Loss : 6.822677
Loss : 6.806677
Loss : 6.999290
Loss : 6.943770
Loss : 7.011676
Loss : 7.123284
Loss : 7.004764
Loss : 7.368433
Loss : 7.223160
Loss : 7.251676
Loss : 7.131498
Loss : 7.215739
Loss : 7.200969
Loss : 7.319788
Loss : 7.127004
Loss : 7.069311
Loss : 7.204027
Loss : 6.965387
Loss : 7.028082
Loss : 7.154643
Loss : 7.067323
Loss : 6.798649
Loss : 7.251457
Loss : 7.252558
Loss : 7.107526
Loss : 7.020142
Loss : 7.152566
Loss : 7.064681
Loss : 7.666841
Loss : 6.788280
Loss : 6.876754
Loss : 7.179778
Loss : 7.086606
Loss : 6.962633
Loss : 6.972785
Loss : 6.993586
Loss : 7.139755
Loss : 7.017806
Loss : 7.075283
Loss : 6.954897
Loss : 6.967678
Loss : 7.095817
Loss : 6.853367
Loss : 7.031310
Loss : 6.712202
Loss : 6.762072
Loss : 6.919671
Loss : 7.298068
Loss : 7.116658
Loss : 7.411549
Loss : 7.283974
Loss : 7.217768
Loss : 7.306659
Loss : 6.705283
Loss : 7.192819
Loss : 7.006107
Loss : 6.890119
Loss : 7.052637
Loss : 7.273209
Loss : 6.910307
Loss : 7.016475
Loss : 7.176366
Loss : 7.040677
Loss : 7.125116
Loss : 6.897831
Loss : 7.112043
Loss : 6.965924
Loss : 7.177256
Loss : 6.276827
Loss : 7.188534
Loss : 7.215572
Loss : 7.285041
Loss : 7.080378
Loss : 6.909834
Loss : 7.115614
Loss : 6.956780
Loss : 6.861225
Loss : 6.850226
Loss : 6.987323
Loss : 7.221012
Loss : 6.871115
Loss : 7.033135
Loss : 7.170230
Loss : 6.774294
Loss : 6.468879
Loss : 6.571144
Loss : 6.814246
Loss : 6.909863
Loss : 6.691199
Loss : 7.031235
Loss : 6.942585
Loss : 6.650123
Loss : 6.722497
Loss : 6.667654
Loss : 6.642380
Loss : 6.937607
Loss : 6.834883
Loss : 6.838113
Loss : 6.783185
Loss : 6.263831
Loss : 6.928273
Loss : 7.290153
Loss : 7.158560
Loss : 7.106709
Loss : 7.112999
Loss : 7.054615
Loss : 7.102211
Loss : 7.339970
Loss : 7.093870
Loss : 7.068369
Loss : 7.713445
Loss : 7.302760
Loss : 7.053859
Loss : 6.964825
Loss : 6.847624
Loss : 7.115692
Loss : 7.200872
Loss : 7.319561
Loss : 7.317164
Loss : 7.138900
Loss : 7.330814
Loss : 6.864736
Loss : 7.075972
Loss : 7.026028
Loss : 7.020711
Loss : 6.861509
Loss : 7.033091
Loss : 7.258950
Loss : 6.948368
Loss : 7.116221
Loss : 7.037846
Loss : 6.924698
Loss : 6.906328
Loss : 7.004966
Loss : 6.846271
Loss : 7.240554
Loss : 6.921174
Loss : 6.750206
Loss : 7.053855
Loss : 6.770188
Loss : 7.212135
Loss : 7.221360
Loss : 7.072178
Loss : 7.309413
Loss : 7.358950
Loss : 6.921844
Loss : 7.438950
Loss : 7.185116
Loss : 6.849660
Loss : 6.760839
Loss : 6.790162
Loss : 6.949688
Loss : 6.911407
Loss : 6.790370
Loss : 6.884065
Loss : 6.917541
Loss : 7.117168
Loss : 7.286959
Loss : 7.288600
Loss : 7.200730
Loss : 7.000702
Loss : 6.968754
Loss : 7.169686
Loss : 7.263410
Loss : 7.049453
Loss : 6.844165
Loss : 6.601191
Loss : 7.397511
Loss : 6.832570
Loss : 7.254630
Loss : 7.344139
Loss : 6.841147
Loss : 6.993797
Loss : 6.968200
Loss : 6.947883
Loss : 7.158395
Loss : 6.722815
Loss : 6.819076
Loss : 6.637448
Loss : 7.025723
Loss : 7.187027
Loss : 6.271857
Loss : 7.648086
Loss : 6.955388
Loss : 7.130398
Loss : 6.753346
Loss : 7.031967
Loss : 6.999544
Loss : 7.035989
Loss : 6.951301
Loss : 7.211360
Loss : 7.526346
Loss : 7.149435
Loss : 6.979807
Loss : 7.065180
Loss : 7.076541
Loss : 7.094031
Loss : 7.356577
Loss : 7.031051
Loss : 7.195886
Loss : 7.262012
Loss : 6.641340
Loss : 6.067704
Loss : 6.918702
Loss : 7.076742
Loss : 7.280076
Loss : 7.288278
Loss : 7.188737
Loss : 7.200982
Loss : 6.969412
Loss : 6.947908
Loss : 6.691471
Loss : 6.082648
Loss : 6.816569
Loss : 6.965557
Loss : 7.259672
Loss : 7.197470
Loss : 6.992738
Loss : 7.084447
Loss : 6.983051
Loss : 6.942066
Loss : 6.935788
Loss : 7.075799
Loss : 7.293816
Loss : 7.212852
Loss : 6.874467
Loss : 6.495408
Loss : 6.942380
Loss : 7.071146
Loss : 7.591896
Loss : 7.186676
Loss : 7.181449
Loss : 6.658010
Loss : 6.617680
Loss : 6.762546
Loss : 7.207701
Loss : 7.076144
Loss : 7.147663
Loss : 7.325255
Loss : 7.135784
Loss : 7.260123
Loss : 7.944292
Loss : 6.799532
Loss : 7.081464
Loss : 6.761822
Loss : 6.991690
Loss : 7.239522
Loss : 7.167907
Loss : 7.125619
Loss : 7.051528
Loss : 7.107978
Loss : 7.043105
Loss : 7.081048
Loss : 7.142349
Loss : 7.167862
Loss : 7.134642
Loss : 6.964515
Loss : 7.685266
Loss : 7.270891
Loss : 7.190445
Loss : 7.136936
Loss : 7.021525
Loss : 7.470958
Loss : 7.088865
Loss : 6.699881
Loss : 6.736826
Loss : 7.498647
Loss : 7.230379
Loss : 7.307268
Loss : 6.963792
Loss : 7.162422
Loss : 6.683973
Loss : 7.222998
Loss : 7.223030
Loss : 7.271364
Loss : 7.313791
Loss : 7.097937
Loss : 6.961661
Loss : 7.102523
Loss : 7.264032
Loss : 7.168686
Loss : 7.252945
Loss : 6.899426
Loss : 7.373986
Loss : 7.099875
Loss : 7.185094
Loss : 7.372519
Loss : 7.230715
Loss : 6.982972
Loss : 7.092442
Loss : 7.031653
Loss : 6.939153
Loss : 7.036960
Loss : 7.085053
Loss : 7.141012
Loss : 7.255470
Loss : 7.074980
Loss : 7.056210
Loss : 6.962177
Loss : 7.141521
Loss : 7.035266
Loss : 7.069707
Loss : 7.289664
Loss : 7.131818
Loss : 6.961783
Loss : 7.053474
Loss : 7.016848
Loss : 6.904424
Loss : 7.156529
Loss : 6.771295
Loss : 7.498720
Loss : 7.003386
Loss : 7.046902
Loss : 7.027832
Loss : 7.181435
Loss : 7.028141
Loss : 6.922900
Loss : 7.134913
Loss : 6.935656
Loss : 7.175854
Loss : 6.873786
Loss : 6.695802
Loss : 6.804650
Loss : 7.041302
Loss : 6.742547
Loss : 6.882867
Loss : 7.042860
Loss : 6.946175
Loss : 6.956394
Loss : 7.045818
Loss : 7.324207
Loss : 7.024011
Loss : 6.906555
Loss : 6.869331
Loss : 6.912042
Loss : 7.313703
Loss : 7.065269
Loss : 7.165002
Loss : 7.117753
Loss : 7.199071
Loss : 6.873965
Loss : 7.079992
Loss : 7.108232
Loss : 6.940843
Loss : 6.969695
Loss : 6.874653
Loss : 7.208771
Loss : 7.244454
Loss : 7.176669
Loss : 7.224636
Loss : 7.103868
Loss : 7.043739
Loss : 7.218755
Loss : 7.228051
Loss : 7.014860
Loss : 7.243075
Loss : 6.992873
Loss : 7.252991
Loss : 7.112070
Loss : 7.270565
Loss : 7.014641
Loss : 7.127566
Loss : 7.040694
Loss : 6.918442
Loss : 7.177703
Loss : 7.112292
Loss : 7.183705
Loss : 6.826639
Loss : 6.792946
Loss : 7.305792
Loss : 7.210289
Loss : 6.814331
Loss : 6.880889
Loss : 7.339487
Loss : 6.911000
Loss : 6.644242
Loss : 6.629980
Loss : 6.585520
Loss : 6.867951
Loss : 6.535035
Loss : 6.980052
Loss : 7.308627
Loss : 6.955123
Loss : 7.107788
Loss : 7.223821
Loss : 7.197542
Loss : 6.711491
Loss : 7.282591
Loss : 7.212974
Loss : 6.544278
Loss : 7.357460
Loss : 7.144062
Loss : 7.022631
Loss : 7.321312
Loss : 6.856405
Loss : 6.877668
Loss : 6.948515
Loss : 7.000926
Loss : 6.829526
Loss : 6.897416
Loss : 7.315710
Loss : 7.376057
Loss : 7.153759
Loss : 7.043122
Loss : 7.136986
Loss : 6.554413
Loss : 7.002801
Loss : 7.083092
Loss : 7.258252
Loss : 6.211641
Loss : 7.134000
Loss : 7.153234
Loss : 7.212706
Loss : 6.855582
Loss : 6.942715
Loss : 7.006404
Loss : 6.168969
Loss : 6.076192
Loss : 6.721991
Loss : 7.066036
Loss : 6.951899
Loss : 7.207314
Loss : 6.793768
Loss : 7.172786
Loss : 6.777386
Loss : 7.324764
Loss : 6.806357
Loss : 7.093097
Loss : 6.997501
Loss : 7.057570
Loss : 7.377739
Loss : 6.808645
Loss : 7.101369
Loss : 7.052588
Loss : 6.976427
Loss : 7.184955
Loss : 6.974021
Loss : 7.155079
Loss : 6.910916
Loss : 7.100508
Loss : 7.001851
Loss : 7.079463
Loss : 6.987648
Loss : 6.879517
Loss : 7.229688
Loss : 7.326986
Loss : 7.266886
Loss : 6.661098
Loss : 6.974364
Loss : 7.016401
Loss : 7.090051
Loss : 6.935808
Loss : 7.655222
Loss : 6.893457
Loss : 7.015924
Loss : 6.938826
Loss : 6.987722
Loss : 7.089242
Loss : 7.113432
Loss : 6.862375
Loss : 6.979380
Loss : 6.995527
Loss : 7.366889
Loss : 7.216316
Loss : 7.032495
Loss : 6.599281
Loss : 6.970489
Loss : 7.200010
Loss : 6.937370
Loss : 7.079917
Loss : 7.144368
Loss : 7.052730
Loss : 6.968444
Loss : 6.925355
Loss : 7.103409
Loss : 6.833077
Loss : 7.157090
Loss : 7.195676
Loss : 7.067144
Loss : 7.233756
Loss : 7.141331
Loss : 6.138587
Loss : 7.049532
Loss : 7.140053
Loss : 7.064036
Loss : 6.867149
Loss : 7.003296
Loss : 6.946091
Loss : 7.042606
Loss : 7.195609
Loss : 7.008868
Loss : 7.325916
Loss : 7.173551
Loss : 7.062230
Loss : 7.050153
Loss : 7.096603
Loss : 7.030031
Loss : 7.515465
Loss : 7.345008
Loss : 7.127478
Loss : 7.326631
Loss : 7.193705
Loss : 7.113353
Loss : 6.985383
Loss : 7.160235
Loss : 7.189983
Loss : 7.030777
Loss : 7.214513
Loss : 6.993123
Loss : 6.848586
Loss : 6.928641
Loss : 6.952888
Loss : 6.927774
Loss : 7.083365
Loss : 6.831426
Loss : 6.946716
Loss : 7.044774
Loss : 6.811892
Loss : 7.023314
Loss : 6.948238
Loss : 6.824261
Loss : 6.759520
Loss : 7.008261
Loss : 7.115534
Loss : 7.075367
Loss : 6.939428
Loss : 7.108302
Loss : 7.050903
Loss : 6.706876
Loss : 7.116258
Loss : 7.057077
Loss : 6.974170
Loss : 6.764852
Loss : 6.709068
Loss : 6.600093
Loss : 6.592738
Loss : 6.581211
Loss : 6.684810
Loss : 6.662061
Loss : 6.441145
Loss : 6.840277
Loss : 6.571581
Loss : 7.158970
Loss : 7.126540
Loss : 7.173523
Loss : 7.005512
Loss : 7.117236
Loss : 6.724861
Loss : 6.974236
Loss : 7.186195
Loss : 6.857080
Loss : 6.996594
Loss : 7.235655
Loss : 6.995984
Loss : 6.976239
Loss : 7.267640
Loss : 7.087779
Loss : 6.838087
Loss : 7.414990
Loss : 6.642456
Loss : 6.494939
Loss : 7.071749
Loss : 7.353702
Loss : 6.641742
Loss : 6.792000
Loss : 7.253800
Loss : 7.137270
Loss : 6.925954
Loss : 6.772827
Loss : 6.910043
Loss : 6.851473
Loss : 7.165286
Loss : 7.150910
Loss : 6.753396
Loss : 6.982071
Loss : 7.026661
Loss : 6.511831
Loss : 6.589521
Loss : 6.990448
Loss : 7.427931
Loss : 7.026165
Loss : 7.085664
Loss : 7.022168
Loss : 6.946311
Loss : 6.818438
Loss : 7.009628
Loss : 7.224542
Loss : 7.228405
Loss : 7.222687
Loss : 6.969222
Loss : 7.171887
Loss : 7.079561
Loss : 7.225664
Loss : 6.840506
Loss : 6.585961
Loss : 7.071119
Loss : 6.908416
Loss : 6.711522
Loss : 7.240679
Loss : 7.083907
Loss : 7.002604
Loss : 6.840731
Loss : 7.096517
Loss : 6.992494
Loss : 6.869897
Loss : 7.288164
Loss : 7.278808
Loss : 7.109937
Loss : 7.144617
Loss : 7.174365
Loss : 7.080532
Loss : 6.993060
Loss : 7.083310
Loss : 7.099684
Loss : 7.141732
Loss : 7.200403
Loss : 7.039583
Loss : 6.935747
Loss : 7.219943
Loss : 6.870781
Loss : 6.747649
Loss : 6.903810
Loss : 7.000546
Loss : 6.819776
Loss : 7.012167
Loss : 6.695716
Loss : 7.240029
Loss : 6.882589
Loss : 6.991540
Loss : 6.765817
Loss : 6.754077
Loss : 7.314079
Loss : 7.056113
Loss : 7.162710
Loss : 7.106772
Loss : 7.114671
Loss : 7.301965
Loss : 7.027850
Loss : 6.825531
Loss : 6.801032
Loss : 7.240182
Loss : 7.047378
Loss : 7.129121
Loss : 7.109388
Loss : 7.025105
Loss : 7.018669
Loss : 7.031291
Loss : 7.112400
Loss : 7.253609
Loss : 7.121142
Loss : 7.049114
Loss : 7.313684
Loss : 6.855141
Loss : 6.227548
Loss : 6.974505
Loss : 6.724990
Loss : 7.308745
Loss : 7.247848
Loss : 7.069277
Loss : 7.227567
Loss : 6.928334
Loss : 7.048891
Loss : 6.796257
Loss : 6.989305
Loss : 6.614668
Loss : 6.342126
Loss : 7.098524
Loss : 6.987956
Loss : 6.981898
Loss : 7.271505
Loss : 6.995405
Loss : 6.940836
Loss : 7.258835
Loss : 7.772923
Loss : 6.778278
Loss : 7.155399
Loss : 6.654371
Loss : 6.488709
Loss : 6.846078
Loss : 6.870641
Loss : 6.755294
Loss : 6.726123
Loss : 7.128252
Loss : 7.230500
Loss : 7.118857
Loss : 7.105583
Loss : 6.759547
Loss : 7.055846
Loss : 7.194436
Loss : 7.035941
Loss : 7.032079
Loss : 7.112452
Loss : 7.061551
Loss : 7.106220
Loss : 6.992394
Loss : 6.940700
Loss : 7.133080
Loss : 7.115364
Loss : 6.936455
Loss : 6.843016
Loss : 6.978672
Loss : 6.767768
Loss : 7.010300
Loss : 7.021521
Loss : 7.027546
Loss : 6.806839
Loss : 7.220185
Loss : 6.745842
Loss : 7.097958
Loss : 7.006983
Loss : 7.108590
Loss : 6.955836
Loss : 6.940628
Loss : 6.664308
Loss : 6.685736
Loss : 6.978531
Loss : 7.167083
Loss : 6.000759
Loss : 6.415852
Loss : 6.117589
Loss : 7.608447
Loss : 7.335216
Loss : 7.019110
Loss : 7.046623
Loss : 7.059672
Loss : 7.095991
Loss : 6.739574
Loss : 7.132191
Loss : 7.022611
Loss : 6.907954
Loss : 6.824663
Loss : 7.191243
Loss : 6.776958
Loss : 6.963506
Loss : 6.757795
Loss : 6.795560
Loss : 6.774487
Loss : 7.104193
Loss : 6.829940
Loss : 6.887636
Loss : 7.150470
Loss : 6.825216
Loss : 6.937359
Loss : 6.709552
Loss : 7.132762
Loss : 7.026859
Loss : 6.842331
Loss : 7.330274
Loss : 6.697165
Loss : 7.224537
Loss : 7.387227
Loss : 7.216426
Loss : 6.949685
Loss : 7.133445
Loss : 7.251430
Loss : 7.098175
Loss : 6.709243
Loss : 7.025151
Loss : 7.069709
Loss : 7.175870
Loss : 8.609613
Loss : 7.478207
Loss : 6.944985
Loss : 8.155449
Loss : 7.552124
Loss : 6.029191
Loss : 6.294422
Loss : 6.468771
Loss : 6.766425
Loss : 7.114581
Loss : 7.085969
Loss : 6.924841
Loss : 7.256595
Loss : 7.084710
Loss : 6.811797
Loss : 6.865674
Loss : 6.930889
Loss : 7.082040
Loss : 6.908383
Loss : 6.939863
Loss : 6.960787
Loss : 7.975962
Loss : 7.216843
Loss : 6.873113
Loss : 6.942646
Loss : 7.096167
Loss : 7.004458
Loss : 7.186552
Loss : 6.998206
Loss : 6.946571
Loss : 7.026286
Loss : 7.106217
Loss : 7.169387
Loss : 6.870348
Loss : 7.075116
Loss : 7.160630
Loss : 7.271826
Loss : 7.400231
Loss : 7.244554
Loss : 6.775656
Loss : 7.288608
Loss : 7.091621
Loss : 6.638793
Loss : 7.035118
Loss : 6.498815
Loss : 6.994629
Loss : 7.017435
Loss : 7.024591
Loss : 7.027250
Loss : 7.061156
Loss : 7.120224
Loss : 6.966839
Loss : 6.957788
Loss : 7.075299
Loss : 6.908217
Loss : 7.036159
Loss : 7.082966
Loss : 6.883750
Loss : 6.931936
Loss : 6.753624
Loss : 7.012753
Loss : 6.747414
Loss : 6.934636
Loss : 7.159171
Loss : 6.761413
Loss : 6.867533
Loss : 6.997172
Loss : 6.961855
Loss : 6.977514
Loss : 6.924879
Loss : 7.138584
Loss : 7.142894
Loss : 6.850326
Loss : 7.029211
Loss : 6.929341
Loss : 7.278675
Loss : 7.182920
Loss : 7.115543
Loss : 7.002848
Loss : 7.061831
Loss : 6.601324
Loss : 6.560620
Loss : 6.759242
Loss : 6.594105
Loss : 6.462129
Loss : 6.699054
Loss : 7.192821
Loss : 6.843320
Loss : 6.495955
Loss : 6.532009
Loss : 6.504812
Loss : 6.686733
Loss : 6.627313
Loss : 6.198313
Loss : 6.914327
Loss : 7.259506
Loss : 7.017851
Loss : 7.108055
Loss : 7.013835
Loss : 7.276200
Loss : 7.067721
Loss : 6.788580
Loss : 7.266640
Loss : 7.003128
Loss : 7.000605
Loss : 7.141835
Loss : 7.040326
Loss : 6.871735
Loss : 6.398665
Loss : 7.001723
Loss : 6.999019
Loss : 7.271167
Loss : 6.769776
Loss : 7.118266
Loss : 7.151877
Loss : 7.049726
Loss : 6.878804
Loss : 6.737603
Loss : 7.083456
Loss : 6.986735
Loss : 6.771248
Loss : 6.997535
Loss : 7.132186
Loss : 7.005800
Loss : 7.376725
Loss : 7.077527
Loss : 6.939630
Loss : 7.178282
Loss : 6.976927
Loss : 6.921872
Loss : 7.082278
Loss : 6.595904
Loss : 7.011435
Loss : 6.987000
Loss : 7.056454
Loss : 6.898772
Loss : 7.288753
Loss : 7.017230
Loss : 7.100222
Loss : 7.163048
Loss : 7.076294
Loss : 6.747273
Loss : 7.128608
Loss : 7.341457
Loss : 7.175723
Loss : 7.052627
Loss : 7.086155
Loss : 6.810733
Loss : 6.967425
Loss : 7.139740
Loss : 7.107299
Loss : 6.936600
Loss : 7.322837
Loss : 7.216962
Loss : 7.203421
Loss : 7.053242
Loss : 7.186819
Loss : 7.189662
Loss : 7.136627
Loss : 6.837460
Loss : 6.783632
Loss : 7.044201
Loss : 7.176717
Loss : 6.966249
Loss : 7.329845
Loss : 6.756820
Loss : 7.048873
Loss : 6.818593
Loss : 6.956356
Loss : 7.179618
Loss : 7.064323
Loss : 7.043159
Loss : 6.840276
Loss : 6.895866
Loss : 7.141372
Loss : 7.146636
Loss : 7.025573
Loss : 7.265848
Loss : 7.179184
Loss : 7.048962
Loss : 7.382399
Loss : 6.977601
Loss : 6.970949
Loss : 6.993730
Loss : 7.190586
Loss : 7.057160
Loss : 6.988081
Loss : 7.050854
Loss : 7.090225
Loss : 7.078983
Loss : 7.234620
Loss : 7.123264
Loss : 7.089533
Loss : 6.664348
Loss : 7.014806
Loss : 7.389441
Loss : 7.006462
Loss : 7.162029
Loss : 6.981427
Loss : 6.602743
Loss : 6.764868
Loss : 6.890756
Loss : 7.090244
Loss : 7.248699
Loss : 6.787677
Loss : 7.124340
Loss : 7.023184
Loss : 6.827879
Loss : 6.793963
Loss : 6.670274
Loss : 6.986377
Loss : 6.712507
Loss : 6.837206
Loss : 7.298502
Loss : 7.056721
Loss : 6.805809
Loss : 6.690327
Loss : 6.915761
Loss : 6.478388
Loss : 6.729881
Loss : 6.700386
Loss : 6.738133
Loss : 7.015276
Loss : 7.188535
Loss : 6.958090
Loss : 6.876991
Loss : 6.955856
Loss : 7.003673
Loss : 7.298762
Loss : 7.274863
Loss : 6.935464
Loss : 7.021143
Loss : 6.682035
Loss : 6.950494
Loss : 7.080506
Loss : 7.291584
Loss : 7.080251
Loss : 7.077138
Loss : 6.977628
Loss : 6.929130
Loss : 6.925647
Loss : 7.102503
Loss : 7.188294
Loss : 6.923086
Loss : 7.060060
Loss : 7.224636
Loss : 6.827486
Loss : 7.151603
Loss : 6.958322
Loss : 7.104413
Loss : 6.992257
Loss : 6.939950
Loss : 7.125346
Loss : 7.119962
Loss : 7.050542
Loss : 6.682453
Loss : 6.876065
Loss : 7.230303
Loss : 7.285843
Loss : 6.883546
Loss : 6.598166
Loss : 6.670932
Loss : 7.115754
Loss : 6.467704
Loss : 7.033988
Loss : 7.004362
Loss : 6.765287
Loss : 7.158446
Loss : 7.037320
Loss : 6.935527
Loss : 7.287699
Loss : 7.065774
Loss : 7.045934
Loss : 6.684383
Loss : 6.937524
Loss : 6.735804
Loss : 7.082657
Loss : 6.990527
Loss : 6.927303
Loss : 6.893296
Loss : 6.727675
Loss : 6.878675
Loss : 6.936363
Loss : 6.822719
Loss : 6.544528
Loss : 6.462861
Loss : 6.765044
Loss : 6.889654
Loss : 7.217106
Loss : 7.105948
Loss : 7.094587
Loss : 7.097516
Loss : 7.153069
Loss : 7.295942
Loss : 6.726755
Loss : 6.695245
Loss : 6.763854
Loss : 6.980098
Loss : 6.843302
Loss : 7.055242
Loss : 6.901475
Loss : 7.190544
Loss : 7.027962
Loss : 7.095482
Loss : 7.234715
Loss : 6.937450
Loss : 6.889790
Loss : 7.035870
Loss : 6.607515
Loss : 6.652564
Loss : 7.149878
Loss : 7.185966
Loss : 7.120775
Loss : 7.464832
Loss : 7.170566
Loss : 7.088080
Loss : 6.560427
Loss : 6.992626
Loss : 7.311981
Loss : 7.207696
Loss : 6.898786
Loss : 7.008402
Loss : 6.923090
Loss : 7.005793
Loss : 7.281580
Loss : 6.946014
Loss : 6.766494
Loss : 7.048719
Loss : 6.864694
Loss : 6.756952
Loss : 6.864513
Loss : 6.980732
Loss : 7.265962
Loss : 7.071929
Loss : 6.960110
Loss : 6.772521
Loss : 6.989034
Loss : 6.649797
Loss : 7.070721
Loss : 6.943069
Loss : 7.151945
Loss : 6.850558
Loss : 7.112775
Loss : 7.137173
Loss : 7.021385
Loss : 7.282166
Loss : 6.853527
Loss : 7.134594
Loss : 7.031686
Loss : 7.058143
Loss : 7.150712
Loss : 7.176089
Loss : 6.858087
Loss : 7.064848
Loss : 6.936562
Loss : 7.094990
Loss : 6.579140
Loss : 6.965390
Loss : 7.293601
Loss : 7.058207
Loss : 7.223185
Loss : 6.602533
Loss : 6.782836
Loss : 7.015457
Loss : 6.940342
Loss : 6.960923
Loss : 7.315448
Loss : 7.160288
Loss : 7.117501
Loss : 7.078451
Loss : 7.033303
Loss : 7.049741
Loss : 6.880972
Loss : 7.006254
Loss : 6.884077
Loss : 6.977842
Loss : 6.769663
Loss : 6.881736
Loss : 6.902473
Loss : 7.113026
Loss : 6.930612
Loss : 7.374392
Loss : 6.699520
Loss : 6.860175
Loss : 6.881804
Loss : 7.182468
Loss : 7.026588
Loss : 6.853482
Loss : 6.875247
Loss : 6.890733
Loss : 6.669622
Loss : 6.809585
Loss : 6.496563
Loss : 6.479596
Loss : 6.549346
Loss : 6.430362
Loss : 6.561794
Loss : 7.194054
Loss : 7.262228
Loss : 6.936501
Loss : 6.947924
Loss : 6.932005
Loss : 6.865645
Loss : 6.791016
Loss : 6.882073
Loss : 7.225984
Loss : 6.673429
Loss : 6.664925
Loss : 6.733838
Loss : 7.119728
Loss : 7.025724
Loss : 7.055970
Loss : 6.899108
Loss : 7.108430
Loss : 6.752943
Loss : 6.887233
Loss : 7.116348
Loss : 6.847734
Loss : 6.964831
Loss : 6.693808
Loss : 7.007515
Loss : 7.017191
Loss : 7.100324
Loss : 7.116024
Loss : 6.971397
Loss : 7.173976
Loss : 6.891868
Loss : 6.687825
Loss : 7.308477
Loss : 7.260480
Loss : 7.361176
Loss : 6.983177
Loss : 7.161808
Loss : 6.970230
Loss : 7.086874
Loss : 7.180025
Loss : 6.616463
Loss : 6.809922
Loss : 6.820315
Loss : 7.065135
Loss : 6.936882
Loss : 6.625497
Loss : 5.108195
Loss : 6.896575
Loss : 6.757414
Loss : 6.944694
Loss : 6.976439
Loss : 7.091849
Loss : 6.781944
Loss : 6.976525
Loss : 6.995731
Loss : 6.867752
Loss : 7.157768
Loss : 7.438679
Loss : 6.993169
Loss : 7.246520
Loss : 6.931861
Loss : 6.825617
Loss : 6.904412
Loss : 6.886246
Loss : 6.720987
Loss : 6.925907
Loss : 6.797909
Loss : 7.155282
Loss : 7.074035
Loss : 7.194245
Loss : 7.061440
Loss : 6.838600
Loss : 6.646013
Loss : 7.068573
Loss : 7.176888
Loss : 6.720138
Loss : 6.879770
Loss : 6.997943
Loss : 7.211104
Loss : 7.260834
Loss : 7.260474
Loss : 6.949845
Loss : 6.990658
Loss : 6.998575
Loss : 6.634996
Loss : 6.728233
Loss : 6.731076
Loss : 7.065107
Loss : 6.792061
Loss : 6.453534
Loss : 7.115857
Loss : 6.991914
Loss : 7.119049
Loss : 7.257203
Loss : 6.831307
Loss : 6.515317
Loss : 6.645672
Loss : 6.948752
Loss : 6.980557
Loss : 7.205622
Loss : 7.024614
Loss : 7.066017
Loss : 7.091608
Loss : 7.212289
Loss : 7.024240
Loss : 7.092176
Loss : 6.915488
Loss : 6.948844
Loss : 6.992443
Loss : 6.800487
Loss : 6.801585
Loss : 6.697691
Loss : 6.990552
Loss : 6.587477
Loss : 6.605881
Loss : 6.550933
Loss : 6.768683
Loss : 7.098664
Loss : 6.798916
Loss : 7.260813
Loss : 7.212571
Loss : 6.124500
Loss : 5.998531
Loss : 5.971292
Loss : 5.749322
Loss : 6.305329
Loss : 6.262537
Loss : 5.719833
Loss : 5.917527
Loss : 6.296417
Loss : 6.742938
Loss : 6.390387
Loss : 5.735634
Loss : 6.465166
Loss : 6.137591
Loss : 6.379935
Loss : 5.821285
Loss : 6.517063
Loss : 6.251422
Loss : 7.014913
Loss : 6.682057
Loss : 6.625451
Loss : 6.775091
Loss : 5.254036
Loss : 6.522849
Loss : 6.826012
Loss : 6.426293
Loss : 7.060364
Loss : 6.971413
Loss : 6.974368
Loss : 6.808401
Loss : 6.421192
Loss : 6.784984
Loss : 7.315861
Loss : 6.393528
Loss : 6.456688
Loss : 6.792638
Loss : 6.677671
Loss : 6.384851
Loss : 7.179461
Loss : 6.572294
Loss : 5.721454
Loss : 6.612206
Loss : 6.481292
Loss : 6.976990
Loss : 6.725332
Loss : 6.693636
Loss : 6.284940
Loss : 6.920898
Loss : 6.963146
Loss : 6.644281
Loss : 6.874621
Loss : 6.158606
Loss : 6.928652
Loss : 6.469751
Loss : 6.854262
Loss : 7.199761
Loss : 6.973831
Loss : 6.702955
Loss : 6.851283
Loss : 6.666057
Loss : 7.009119
Loss : 6.954043
Loss : 7.102323
Loss : 7.008007
Loss : 6.784379
Loss : 6.432845
Loss : 6.529439
Loss : 6.542170
Loss : 6.935351
Loss : 6.997792
Loss : 6.971843
Loss : 7.011116
Loss : 6.939734
Loss : 7.051754
Loss : 7.024694
Loss : 6.982977
Loss : 6.997579
Loss : 6.967610
Loss : 6.936635
Loss : 6.867820
Loss : 6.880842
Loss : 6.940648
Loss : 6.947445
Loss : 7.025733
Loss : 6.873109
Loss : 6.879951
Loss : 6.680844
Loss : 7.106895
Loss : 7.109186
Loss : 6.983926
Loss : 6.865661
Loss : 6.976020
Loss : 6.885512
Loss : 6.785698
Loss : 6.875506
Loss : 6.840063
Loss : 6.852554
Loss : 6.926053
Loss : 6.868048
Loss : 7.131265
Loss : 6.934294
Loss : 6.876674
Loss : 7.016918
Loss : 6.860010
Loss : 6.816431
Loss : 6.958440
Loss : 7.086381
Loss : 7.003718
Loss : 7.178361
Loss : 7.083361
Loss : 7.075479
Loss : 6.936888
Loss : 7.139667
Loss : 6.916892
Loss : 6.743069
Loss : 6.436051
Loss : 6.630242
Loss : 6.594763
Loss : 6.557689
Loss : 7.134078
Loss : 7.071484
Loss : 6.505557
Loss : 7.028468
Loss : 6.851956
Loss : 7.137468
Loss : 6.899039
Loss : 7.034001
Loss : 6.983910
Loss : 6.914893
Loss : 6.940685
Loss : 6.739741
Loss : 6.801693
Loss : 7.103050
Loss : 6.914843
Loss : 7.315557
Loss : 7.157376
Loss : 7.215301
Loss : 6.960910
Loss : 7.008995
Loss : 6.905910
Loss : 7.124268
Loss : 6.857734
Loss : 7.121070
Loss : 7.174335
Loss : 7.301616
Loss : 6.893573
Loss : 7.137551
Loss : 7.065512
Loss : 7.082936
Loss : 6.986611
Loss : 6.925239
Loss : 6.923672
Loss : 7.078567
Loss : 6.966700
Loss : 7.311276
Loss : 7.084971
Loss : 7.068396
Loss : 7.261340
Loss : 7.227524
Loss : 7.163187
Loss : 7.174785
Loss : 6.914301
Loss : 7.214781
Loss : 6.922017
Loss : 7.163980
Loss : 7.173812
Loss : 6.969830
Loss : 7.159241
Loss : 7.244664
Loss : 7.134675
Loss : 7.129586
Loss : 7.262394
Loss : 7.022854
Loss : 6.937178
Loss : 6.831486
Loss : 6.948870
Loss : 7.139220
Loss : 6.859038
Loss : 7.003720
Loss : 7.086866
Loss : 7.144344
Loss : 6.867406
Loss : 7.006094
Loss : 7.022908
Loss : 6.992659
Loss : 7.086378
Loss : 7.083783
Loss : 7.082821
Loss : 6.885265
Loss : 6.999194
Loss : 6.930536
Loss : 7.247948
Loss : 7.029365
Loss : 7.008854
Loss : 6.849789
Loss : 7.186587
Loss : 7.084153
Loss : 6.979425
Loss : 6.948163
Loss : 6.854154
Loss : 6.768682
Loss : 7.089101
Loss : 7.073611
Loss : 6.951247
Loss : 6.936504
Loss : 6.926807
Loss : 7.150575
Loss : 6.938839
Loss : 6.909196
Loss : 6.942897
Loss : 6.999576
Loss : 7.094923
Loss : 6.612191
Loss : 6.633498
Loss : 6.625450
Loss : 6.814754
Loss : 6.755960
Loss : 6.557770
Loss : 6.599344
Loss : 6.395701
Loss : 6.380775
Loss : 6.461911
Loss : 6.457922
Loss : 6.205319
Loss : 6.383443
Loss : 7.043629
Loss : 7.188549
Loss : 7.009149
Loss : 6.839899
Loss : 6.794349
Loss : 7.198770
Loss : 6.958022
Loss : 6.746359
Loss : 6.726400
Loss : 7.006535
Loss : 6.989368
Loss : 6.927605
Loss : 6.970753
Loss : 6.920646
Loss : 6.817259
Loss : 6.984822
Loss : 6.773368
Loss : 6.629406
Loss : 6.831670
Loss : 6.869277
Loss : 7.181684
Loss : 6.894084
Loss : 6.996452
Loss : 6.945857
Loss : 6.957755
Loss : 7.054527
Loss : 6.873067
Loss : 6.677580
Loss : 7.048267
Loss : 7.096931
Loss : 7.215695
Loss : 7.166975
Loss : 6.843504
Loss : 6.958063
Loss : 6.743492
Loss : 6.774537
Loss : 6.729597
Loss : 7.196885
Loss : 7.000410
Loss : 7.099041
Loss : 6.929530
Loss : 6.886562
Loss : 7.083272
Loss : 6.574591
Loss : 7.048258
Loss : 7.504996
Loss : 6.952483
Loss : 6.552052
Loss : 7.014113
Loss : 7.148894
Loss : 7.223966
Loss : 5.173027
Loss : 7.058232
Loss : 7.856204
Loss : 6.985365
Loss : 7.157292
Loss : 6.913996
Loss : 7.264490
Loss : 7.062052
Loss : 6.932893
Loss : 6.990756
Loss : 6.998568
Loss : 7.127497
Loss : 7.041904
Loss : 6.985102
Loss : 7.060062
Loss : 6.889389
Loss : 6.819185
Loss : 7.209634
Loss : 6.984773
Loss : 7.263407
Loss : 5.723391
Loss : 6.940106
Loss : 7.010039
Loss : 7.043846
Loss : 6.668565
Loss : 7.070886
Loss : 6.960206
Loss : 6.862852
Loss : 7.544688
Loss : 6.885489
Loss : 7.115551
Loss : 7.254697
Loss : 7.347248
Loss : 7.023750
Loss : 7.115130
Loss : 7.091876
Loss : 6.639830
Loss : 7.141378
Loss : 7.329878
Loss : 6.966752
Loss : 7.137576
Loss : 7.081446
Loss : 7.069555
Loss : 7.036911
Loss : 7.011221
Loss : 7.237680
Loss : 7.245536
Loss : 7.175437
Loss : 7.258115
Loss : 7.072477
Loss : 7.134293
Loss : 6.613689
Loss : 7.000975
Loss : 6.906826
Loss : 7.142219
Loss : 7.186751
Loss : 6.984821
Loss : 6.772047
Loss : 7.141299
Loss : 7.066701
Loss : 5.934900
Loss : 5.868490
Loss : 7.162291
Loss : 7.040429
Loss : 7.119562
Loss : 7.104998
Loss : 7.133508
Loss : 7.100611
Loss : 7.272782
Loss : 7.061696
Loss : 7.001148
Loss : 7.052731
Loss : 6.951271
Loss : 7.035841
Loss : 7.304500
Loss : 7.217430
Loss : 7.030073
Loss : 6.843865
Loss : 7.041574
Loss : 7.111032
Loss : 6.883578
Loss : 7.168212
Loss : 6.908324
Loss : 6.815976
Loss : 6.966340
Loss : 7.016360
Loss : 6.768573
Loss : 6.487753
Loss : 6.668318
Loss : 6.139183
Loss : 6.512490
Loss : 6.563482
Loss : 6.724388
Loss : 6.496734
Loss : 6.314003
Loss : 6.422758
Loss : 7.088581
Loss : 6.593986
Loss : 6.827141
Loss : 6.674544
Loss : 6.557498
Loss : 6.654051
Loss : 6.482334
Loss : 6.744670
Loss : 6.241492
Loss : 6.452967
Loss : 6.456990
Loss : 6.225633
Loss : 6.370297
Loss : 6.471665
Loss : 6.483156
Loss : 7.346670
Loss : 7.243510
Loss : 7.132119
Loss : 6.748779
Loss : 7.009572
Loss : 6.464932
Loss : 6.036061
Loss : 5.976729
Loss : 7.068339
Loss : 7.231478
Loss : 6.958076
Loss : 7.218509
Loss : 6.997175
Loss : 6.794325
Loss : 7.206347
Loss : 6.936874
Loss : 7.023863
Loss : 6.861260
Loss : 6.688031
Loss : 6.649304
Loss : 6.846977
Loss : 6.835590
Loss : 7.005802
Loss : 7.013169
Loss : 6.524143
Loss : 6.793684
Loss : 7.054630
Loss : 6.991998
Loss : 7.289527
Loss : 7.077397
Loss : 6.850738
Loss : 6.925517
Loss : 7.200896
Loss : 6.870858
Loss : 6.865309
Loss : 6.883643
Loss : 7.070047
Loss : 6.798899
Loss : 7.010932
Loss : 7.108905
Loss : 7.041153
Loss : 6.820464
Loss : 6.615390
Loss : 5.811316
Loss : 6.959493
Loss : 7.030737
Loss : 6.785686
Loss : 6.377209
Loss : 6.048411
Loss : 6.903766
Loss : 6.564368
Loss : 6.190189
Loss : 6.765824
Loss : 6.837872
Loss : 7.091360
Loss : 7.007017
Loss : 7.134635
Loss : 7.332338
Loss : 6.993236
Loss : 7.022611
Loss : 6.938197
Loss : 6.962502
Loss : 6.916669
Loss : 6.833420
Loss : 6.654027
Loss : 6.619343
Loss : 6.839474
Loss : 6.789525
Loss : 6.761137
Loss : 6.835372
Loss : 6.974875
Loss : 7.165011
Loss : 6.764474
Loss : 7.177396
Loss : 6.742822
Loss : 7.005053
Loss : 7.343491
Loss : 7.121977
Loss : 7.135229
Loss : 6.913222
Loss : 6.840527
Loss : 7.197970
Loss : 7.308469
Loss : 7.229853
Loss : 7.093037
Loss : 7.017067
Loss : 7.224055
Loss : 6.977481
Loss : 6.884972
Loss : 7.131819
Loss : 6.940174
Loss : 6.954108
Loss : 7.200457
Loss : 6.649469
Loss : 6.602235
Loss : 6.834650
Loss : 7.042446
Loss : 7.126729
Loss : 7.027495
Loss : 7.267334
Loss : 6.958006
Loss : 7.302866
Loss : 6.963340
Loss : 6.624178
Loss : 6.958901
Loss : 6.793299
Loss : 7.314138
Loss : 6.752710
Loss : 7.155897
Loss : 7.162022
Loss : 6.005567
Loss : 7.134053
Loss : 7.049096
Loss : 6.560039
Loss : 6.707298
Loss : 6.808283
Loss : 6.790370
Loss : 7.111056
Loss : 6.638437
Loss : 6.925072
Loss : 7.267769
Loss : 7.124935
Loss : 6.741122
Loss : 6.702465
Loss : 6.716722
Loss : 6.670005
Loss : 6.350059
Loss : 6.398958
Loss : 6.993187
Loss : 6.910170
Loss : 6.802471
Loss : 7.168243
Loss : 7.298000
Loss : 6.930470
Loss : 7.230079
Loss : 7.041090
Loss : 7.086645
Loss : 7.266225
Loss : 4.888172
Loss : 6.859396
Loss : 7.107652
Loss : 6.890961
Loss : 6.996147
Loss : 7.021054
Loss : 6.870591
Loss : 6.819078
Loss : 7.100801
Loss : 7.182169
Loss : 7.076393
Loss : 6.992683
Loss : 7.098581
Loss : 7.106487
Loss : 7.233396
Loss : 7.085372
Loss : 7.270672
Loss : 6.868711
Loss : 6.284859
Loss : 6.911724
Loss : 7.049010
Loss : 7.146237
Loss : 7.071214
Loss : 7.108231
Loss : 6.849153
Loss : 7.081944
Loss : 7.035661
Loss : 7.068964
Loss : 6.926976
Loss : 6.913564
Loss : 6.851521
Loss : 6.904901
Loss : 7.159107
Loss : 7.048768
Loss : 7.027087
Loss : 7.041269
Loss : 7.213016
Loss : 7.158243
Loss : 6.951849
Loss : 6.948768
Loss : 7.335201
Loss : 6.986437
Loss : 7.202896
Loss : 7.215190
Loss : 7.154816
Loss : 7.161657
Loss : 6.867876
Loss : 7.292150
Loss : 7.375755
Loss : 7.252382
Loss : 7.377680
Loss : 7.172504
Loss : 7.030919
Loss : 7.231379
Loss : 6.894875
Loss : 6.985709
Loss : 6.900283
Loss : 7.024766
Loss : 7.033473
Time Elapsed for Training 06:23:48
word2vec.py:18: UserWarning: To copy construct from a tensor, it is recommended to use sourceTensor.clone().detach() or sourceTensor.clone().detach().requires_grad_(True), rather than torch.tensor(sourceTensor).
  embedding = torch.tensor(embedding)
word2vec.py:45: UserWarning: To copy construct from a tensor, it is recommended to use sourceTensor.clone().detach() or sourceTensor.clone().detach().requires_grad_(True), rather than torch.tensor(sourceTensor).
  x_vector = torch.tensor(x_vector)
Questions = 17827, Correct Questions = 2045, Hitting Rate = 11.4714
Time Elapsed for Validaiton 03:03:20
