loading...
preprocessing...
build training set...
Vocabulary size
71291

# of training samples
16718844

Loss : 7.432985
Loss : 7.344430
Loss : 7.322803
Loss : 7.331649
Loss : 7.211304
Loss : 7.194851
Loss : 7.350187
Loss : 7.217052
Loss : 7.257305
Loss : 7.285147
Loss : 6.926159
Loss : 7.215002
Loss : 7.064968
Loss : 7.226156
Loss : 7.005450
Loss : 7.186659
Loss : 7.298721
Loss : 7.043873
Loss : 6.804462
Loss : 7.093992
Loss : 6.835923
Loss : 6.997786
Loss : 7.028729
Loss : 7.067658
Loss : 7.241058
Loss : 7.012044
Loss : 7.177905
Loss : 6.903934
Loss : 7.077459
Loss : 7.001455
Loss : 7.302851
Loss : 7.107048
Loss : 7.030402
Loss : 7.183178
Loss : 7.114137
Loss : 7.110214
Loss : 6.914066
Loss : 7.282173
Loss : 7.276123
Loss : 7.215954
Loss : 7.187321
Loss : 7.007353
Loss : 7.141961
Loss : 7.193203
Loss : 7.155197
Loss : 7.227089
Loss : 7.244043
Loss : 6.884331
Loss : 6.899328
Loss : 7.176537
Loss : 7.065418
Loss : 7.170535
Loss : 7.069306
Loss : 7.075279
Loss : 7.031447
Loss : 7.077238
Loss : 7.159307
Loss : 7.058679
Loss : 7.198182
Loss : 7.128601
Loss : 7.021118
Loss : 7.075124
Loss : 6.947406
Loss : 7.135154
Loss : 7.126450
Loss : 6.868309
Loss : 7.195950
Loss : 7.033745
Loss : 7.217794
Loss : 7.122209
Loss : 7.193400
Loss : 7.043476
Loss : 7.155616
Loss : 6.983939
Loss : 7.040998
Loss : 7.110852
Loss : 7.119932
Loss : 7.190410
Loss : 7.220883
Loss : 7.082580
Loss : 6.975815
Loss : 6.940412
Loss : 6.806909
Loss : 7.067087
Loss : 7.317599
Loss : 7.209485
Loss : 7.064811
Loss : 7.047204
Loss : 7.039105
Loss : 7.260232
Loss : 6.857310
Loss : 7.255803
Loss : 7.191353
Loss : 7.037208
Loss : 7.033980
Loss : 7.125642
Loss : 7.137101
Loss : 7.112784
Loss : 7.415989
Loss : 7.101572
Loss : 7.011673
Loss : 7.109780
Loss : 7.366803
Loss : 7.063417
Loss : 7.110060
Loss : 7.231392
Loss : 7.058413
Loss : 7.157605
Loss : 7.216651
Loss : 7.155716
Loss : 7.102519
Loss : 7.109107
Loss : 7.101766
Loss : 7.075665
Loss : 6.973738
Loss : 7.044965
Loss : 7.105336
Loss : 7.139424
Loss : 7.102353
Loss : 7.202694
Loss : 7.072741
Loss : 6.993875
Loss : 6.842702
Loss : 7.058690
Loss : 6.975912
Loss : 7.040982
Loss : 7.059147
Loss : 6.695334
Loss : 7.014212
Loss : 7.057206
Loss : 7.035188
Loss : 7.152286
Loss : 7.105648
Loss : 6.939410
Loss : 6.948127
Loss : 7.004034
Loss : 7.108349
Loss : 6.869125
Loss : 7.111437
Loss : 7.271579
Loss : 7.079963
Loss : 6.917674
Loss : 7.010010
Loss : 6.992859
Loss : 6.827817
Loss : 6.841557
Loss : 6.945854
Loss : 7.125367
Loss : 7.048966
Loss : 7.053475
Loss : 6.878504
Loss : 7.006200
Loss : 7.109045
Loss : 6.943727
Loss : 7.067220
Loss : 7.112364
Loss : 6.967702
Loss : 6.909418
Loss : 7.058200
Loss : 7.006876
Loss : 7.081682
Loss : 6.975002
Loss : 6.996536
Loss : 6.924497
Loss : 7.026831
Loss : 7.017192
Loss : 7.031797
Loss : 6.978887
Loss : 7.051745
Loss : 6.965060
Loss : 6.577572
Loss : 7.008595
Loss : 6.961999
Loss : 6.785328
Loss : 6.873868
Loss : 7.131073
Loss : 7.823370
Loss : 6.780336
Loss : 6.985698
Loss : 7.054464
Loss : 7.052602
Loss : 7.141344
Loss : 6.842740
Loss : 6.965206
Loss : 6.986555
Loss : 6.947163
Loss : 6.933610
Loss : 7.038909
Loss : 6.744624
Loss : 6.688810
Loss : 6.960511
Loss : 6.852188
Loss : 7.028042
Loss : 6.940642
Loss : 7.018089
Loss : 6.928585
Loss : 7.044023
Loss : 7.019426
Loss : 7.127363
Loss : 6.995064
Loss : 6.914550
Loss : 7.046788
Loss : 7.041557
Loss : 7.064879
Loss : 6.845960
Loss : 6.946404
Loss : 6.813389
Loss : 6.796532
Loss : 6.894629
Loss : 6.949716
Loss : 7.029094
Loss : 6.972754
Loss : 6.918364
Loss : 7.008727
Loss : 6.784726
Loss : 6.852493
Loss : 6.812280
Loss : 6.865515
Loss : 6.924136
Loss : 7.021950
Loss : 6.863332
Loss : 6.953737
Loss : 6.995479
Loss : 6.859353
Loss : 6.884597
Loss : 7.009588
Loss : 7.025062
Loss : 7.061228
Loss : 6.939493
Loss : 6.983964
Loss : 6.914955
Loss : 6.846672
Loss : 6.627665
Loss : 6.963649
Loss : 6.842056
Loss : 6.965587
Loss : 7.004379
Loss : 7.079411
Loss : 6.897671
Loss : 6.361944
Loss : 6.926096
Loss : 6.994221
Loss : 6.957075
Loss : 6.905705
Loss : 7.008867
Loss : 6.842085
Loss : 6.781820
Loss : 7.018197
Loss : 6.751338
Loss : 6.704513
Loss : 6.215565
Loss : 6.087411
Loss : 6.059950
Loss : 6.683368
Loss : 6.664611
Loss : 6.547078
Loss : 6.406297
Loss : 6.628292
Loss : 6.611647
Loss : 6.852982
Loss : 6.650978
Loss : 6.893426
Loss : 6.843457
Loss : 6.840872
Loss : 6.759001
Loss : 6.853519
Loss : 6.998891
Loss : 6.711547
Loss : 6.842309
Loss : 6.838954
Loss : 6.961125
Loss : 6.960969
Loss : 6.964042
Loss : 6.997688
Loss : 7.013246
Loss : 6.830157
Loss : 6.953279
Loss : 6.936320
Loss : 7.022580
Loss : 6.890237
Loss : 6.916262
Loss : 6.670845
Loss : 6.527740
Loss : 6.840675
Loss : 6.799247
Loss : 6.884670
Loss : 7.005330
Loss : 6.903079
Loss : 6.954354
Loss : 7.042532
Loss : 6.736198
Loss : 6.930115
Loss : 6.891624
Loss : 6.848441
Loss : 7.102546
Loss : 7.021468
Loss : 7.024739
Loss : 7.012688
Loss : 6.629439
Loss : 7.077178
Loss : 7.063366
Loss : 6.934333
Loss : 6.654554
Loss : 6.621760
Loss : 6.632249
Loss : 6.444731
Loss : 6.796822
Loss : 6.698212
Loss : 6.795144
Loss : 6.793134
Loss : 6.956681
Loss : 6.837545
Loss : 6.444102
Loss : 6.588973
Loss : 7.044089
Loss : 6.642574
Loss : 6.811614
Loss : 7.038982
Loss : 7.013936
Loss : 6.885799
Loss : 6.880442
Loss : 6.738284
Loss : 6.735451
Loss : 6.822424
Loss : 6.520303
Loss : 6.836409
Loss : 6.577778
Loss : 6.996439
Loss : 6.690596
Loss : 6.964157
Loss : 6.898345
Loss : 6.978063
Loss : 7.103809
Loss : 7.011294
Loss : 6.916980
Loss : 6.914118
Loss : 6.828755
Loss : 6.873603
Loss : 6.786979
Loss : 6.892609
Loss : 6.767072
Loss : 6.973646
Loss : 6.956373
Loss : 6.820397
Loss : 6.855045
Loss : 6.584694
Loss : 6.689764
Loss : 6.871148
Loss : 6.658242
Loss : 6.881581
Loss : 6.855895
Loss : 6.801436
Loss : 6.437261
Loss : 6.823923
Loss : 6.427632
Loss : 6.666780
Loss : 6.621458
Loss : 6.740736
Loss : 6.928281
Loss : 6.792617
Loss : 6.712914
Loss : 6.721551
Loss : 6.783509
Loss : 6.755544
Loss : 6.833408
Loss : 6.874678
Loss : 6.718666
Loss : 6.766508
Loss : 6.988629
Loss : 6.841037
Loss : 6.679302
Loss : 6.803326
Loss : 6.895446
Loss : 6.949605
Loss : 6.942955
Loss : 6.761514
Loss : 6.773844
Loss : 6.886332
Loss : 6.845801
Loss : 6.895907
Loss : 7.049770
Loss : 6.673673
Loss : 6.429687
Loss : 6.825804
Loss : 6.834271
Loss : 6.897917
Loss : 6.695569
Loss : 6.920679
Loss : 6.626806
Loss : 6.800199
Loss : 6.880694
Loss : 6.871260
Loss : 6.817760
Loss : 6.920600
Loss : 6.849774
Loss : 6.715306
Loss : 6.847123
Loss : 6.660764
Loss : 6.967953
Loss : 6.601552
Loss : 6.884566
Loss : 6.951081
Loss : 6.819500
Loss : 6.794189
Loss : 6.946621
Loss : 6.840673
Loss : 6.817330
Loss : 6.857573
Loss : 6.746451
Loss : 6.678974
Loss : 6.944087
Loss : 6.908036
Loss : 6.832953
Loss : 6.919829
Loss : 6.781621
Loss : 6.573003
Loss : 6.569001
Loss : 6.721922
Loss : 7.006615
Loss : 6.910112
Loss : 6.888280
Loss : 6.794348
Loss : 6.699904
Loss : 7.028873
Loss : 6.705635
Loss : 6.890673
Loss : 6.885807
Loss : 6.858564
Loss : 6.670399
Loss : 6.818276
Loss : 6.934618
Loss : 6.850230
Loss : 6.920462
Loss : 6.916606
Loss : 6.841712
Loss : 6.937196
Loss : 6.795855
Loss : 6.948687
Loss : 6.907828
Loss : 6.956337
Loss : 6.851524
Loss : 6.942641
Loss : 6.936330
Loss : 6.970662
Loss : 6.862636
Loss : 6.888252
Loss : 6.832474
Loss : 6.836966
Loss : 6.784827
Loss : 6.811358
Loss : 6.842317
Loss : 6.838663
Loss : 6.906300
Loss : 6.957465
Loss : 6.915172
Loss : 6.862030
Loss : 6.462657
Loss : 6.870943
Loss : 6.812037
Loss : 6.710260
Loss : 6.879852
Loss : 6.790634
Loss : 6.439991
Loss : 6.802237
Loss : 6.831599
Loss : 6.832352
Loss : 6.902854
Loss : 6.830868
Loss : 6.803474
Loss : 6.742000
Loss : 6.851695
Loss : 6.718936
Loss : 6.817999
Loss : 6.982654
Loss : 6.938756
Loss : 6.766953
Loss : 6.754958
Loss : 6.785647
Loss : 6.633425
Loss : 6.485368
Loss : 6.803189
Loss : 6.824578
Loss : 6.786346
Loss : 6.847413
Loss : 6.700401
Loss : 6.792637
Loss : 6.906517
Loss : 6.694914
Loss : 6.793530
Loss : 6.935484
Loss : 6.884123
Loss : 6.646206
Loss : 6.805061
Loss : 6.775529
Loss : 6.863075
Loss : 6.833548
Loss : 6.852435
Loss : 6.587969
Loss : 6.974599
Loss : 6.600593
Loss : 6.861692
Loss : 6.849806
Loss : 6.790890
Loss : 6.823342
Loss : 6.461331
Loss : 6.689939
Loss : 6.710852
Loss : 6.654734
Loss : 6.661946
Loss : 6.890061
Loss : 6.848441
Loss : 7.341363
Loss : 6.781681
Loss : 6.787634
Loss : 6.839454
Loss : 6.842262
Loss : 6.864063
Loss : 6.709993
Loss : 6.848065
Loss : 6.716537
Loss : 6.710412
Loss : 6.874692
Loss : 6.517903
Loss : 6.507796
Loss : 6.694389
Loss : 6.792455
Loss : 6.674408
Loss : 6.798696
Loss : 6.813250
Loss : 6.748482
Loss : 6.835579
Loss : 6.881147
Loss : 6.871398
Loss : 6.808413
Loss : 6.740198
Loss : 6.874324
Loss : 6.857133
Loss : 6.892275
Loss : 6.776218
Loss : 6.718631
Loss : 6.576720
Loss : 6.677683
Loss : 6.666773
Loss : 6.760128
Loss : 6.811460
Loss : 6.777521
Loss : 6.843297
Loss : 6.784620
Loss : 6.590415
Loss : 6.702333
Loss : 6.657393
Loss : 6.584294
Loss : 6.845301
Loss : 6.735054
Loss : 6.742166
Loss : 6.854403
Loss : 6.729138
Loss : 6.696835
Loss : 6.740056
Loss : 6.781032
Loss : 6.897238
Loss : 6.812637
Loss : 6.767289
Loss : 6.891412
Loss : 6.662957
Loss : 6.769983
Loss : 6.526912
Loss : 6.643954
Loss : 6.690692
Loss : 6.776137
Loss : 6.696969
Loss : 6.895265
Loss : 6.930139
Loss : 6.302745
Loss : 6.547192
Loss : 6.869165
Loss : 6.679975
Loss : 6.873198
Loss : 6.807550
Loss : 6.671333
Loss : 6.656795
Loss : 6.714805
Loss : 6.743429
Loss : 6.427104
Loss : 6.362441
Loss : 5.755075
Loss : 5.997666
Loss : 6.300960
Loss : 6.503546
Loss : 6.387580
Loss : 6.224246
Loss : 6.392961
Loss : 6.371199
Loss : 6.668711
Loss : 6.487291
Loss : 6.733786
Loss : 6.648412
Loss : 6.719859
Loss : 6.592101
Loss : 6.662866
Loss : 6.826760
Loss : 6.549437
Loss : 6.653701
Loss : 6.665320
Loss : 6.851903
Loss : 6.793530
Loss : 6.774750
Loss : 6.846056
Loss : 6.825543
Loss : 6.852106
Loss : 6.659702
Loss : 6.786337
Loss : 6.834164
Loss : 6.756839
Loss : 6.743710
Loss : 6.576024
Loss : 6.404962
Loss : 6.514684
Loss : 6.687351
Loss : 6.660956
Loss : 6.911817
Loss : 6.736201
Loss : 6.702004
Loss : 6.883761
Loss : 6.520366
Loss : 6.851607
Loss : 6.719600
Loss : 6.710474
Loss : 6.789950
Loss : 6.919358
Loss : 6.830760
Loss : 6.923597
Loss : 6.848221
Loss : 6.496360
Loss : 6.875378
Loss : 6.892358
Loss : 6.665575
Loss : 6.332164
Loss : 6.478975
Loss : 6.311737
Loss : 6.636698
Loss : 6.337797
Loss : 6.800507
Loss : 6.537825
Loss : 6.745748
Loss : 6.712116
Loss : 6.457297
Loss : 6.196577
Loss : 6.916289
Loss : 6.619731
Loss : 6.560313
Loss : 6.832889
Loss : 6.895885
Loss : 6.743789
Loss : 6.792724
Loss : 6.704343
Loss : 6.465932
Loss : 6.738336
Loss : 6.352632
Loss : 6.753003
Loss : 6.325876
Loss : 6.795424
Loss : 6.623953
Loss : 6.795673
Loss : 6.724167
Loss : 6.796582
Loss : 6.916224
Loss : 7.036287
Loss : 6.721958
Loss : 6.744136
Loss : 6.731300
Loss : 6.736847
Loss : 6.624977
Loss : 6.643258
Loss : 6.664363
Loss : 6.835680
Loss : 6.723521
Loss : 6.730290
Loss : 6.756072
Loss : 6.436193
Loss : 6.581340
Loss : 6.646943
Loss : 6.686928
Loss : 6.527741
Loss : 6.720573
Loss : 6.787442
Loss : 6.516333
Loss : 6.454709
Loss : 6.413671
Loss : 6.444459
Loss : 6.513695
Loss : 6.541138
Loss : 6.745636
Loss : 6.762116
Loss : 6.519952
Loss : 6.586299
Loss : 6.634982
Loss : 6.622555
Loss : 6.644515
Loss : 6.696843
Loss : 6.639468
Loss : 6.680367
Loss : 6.718198
Loss : 6.793187
Loss : 6.621478
Loss : 6.591824
Loss : 6.743417
Loss : 6.825995
Loss : 6.721078
Loss : 6.830609
Loss : 6.554511
Loss : 6.723618
Loss : 6.714726
Loss : 6.774700
Loss : 6.758403
Loss : 6.738527
Loss : 6.362697
Loss : 6.424611
Loss : 6.831522
Loss : 6.718023
Loss : 6.524853
Loss : 6.747546
Loss : 6.572321
Loss : 6.615031
Loss : 6.775100
Loss : 6.798352
Loss : 6.572647
Loss : 6.794105
Loss : 6.808993
Loss : 6.598903
Loss : 6.664148
Loss : 6.562508
Loss : 6.855097
Loss : 6.606984
Loss : 6.556193
Loss : 6.839132
Loss : 6.668565
Loss : 6.720880
Loss : 6.771741
Loss : 6.792235
Loss : 6.696114
Loss : 6.707402
Loss : 6.664516
Loss : 6.555770
Loss : 6.776108
Loss : 6.692690
Loss : 6.725696
Loss : 6.777456
Loss : 6.656447
Loss : 6.428707
Loss : 6.433402
Loss : 6.442811
Loss : 6.788258
Loss : 6.827602
Loss : 6.831412
Loss : 6.703222
Loss : 6.626166
Loss : 6.675096
Loss : 6.750333
Loss : 6.605527
Loss : 6.856746
Loss : 6.756417
Loss : 6.561341
Loss : 6.653312
Loss : 6.746158
Loss : 6.824496
Loss : 6.691446
Loss : 6.722825
Loss : 6.670044
Loss : 6.738345
Loss : 6.710180
Loss : 6.921911
Loss : 6.777512
Loss : 6.802978
Loss : 6.737902
Loss : 6.750558
Loss : 6.813338
Loss : 6.863017
Loss : 6.760773
Loss : 6.753323
Loss : 6.770950
Loss : 6.717235
Loss : 6.713493
Loss : 6.584903
Loss : 6.745367
Loss : 6.767467
Loss : 6.768891
Loss : 6.774539
Loss : 6.805478
Loss : 6.773061
Loss : 6.480450
Loss : 6.602538
Loss : 6.714416
Loss : 6.541947
Loss : 6.737589
Loss : 6.754447
Loss : 6.246370
Loss : 6.691290
Loss : 6.714307
Loss : 6.713648
Loss : 6.814858
Loss : 6.713998
Loss : 6.605438
Loss : 6.685872
Loss : 6.685436
Loss : 6.605280
Loss : 6.684669
Loss : 6.799847
Loss : 6.933818
Loss : 6.708843
Loss : 6.572116
Loss : 6.666844
Loss : 6.594038
Loss : 6.371344
Loss : 6.580013
Loss : 6.660904
Loss : 6.670873
Loss : 6.720326
Loss : 6.683348
Loss : 6.560521
Loss : 6.718195
Loss : 6.700116
Loss : 6.625978
Loss : 6.811240
Loss : 6.754615
Loss : 6.610541
Loss : 6.592158
Loss : 6.743121
Loss : 6.677360
Loss : 6.817006
Loss : 6.616765
Loss : 6.460021
Loss : 6.751066
Loss : 6.626872
Loss : 6.624562
Loss : 6.839275
Loss : 6.604766
Loss : 6.675690
Loss : 6.594266
Loss : 6.345090
Loss : 6.637804
Loss : 6.588916
Loss : 6.547087
Loss : 6.647933
Loss : 6.708336
Loss : 7.539384
Loss : 6.313367
Loss : 6.623810
Loss : 6.789067
Loss : 6.707584
Loss : 6.835886
Loss : 6.566377
Loss : 6.714889
Loss : 6.610475
Loss : 6.577361
Loss : 6.677568
Loss : 6.618076
Loss : 6.384663
Loss : 6.379954
Loss : 6.701904
Loss : 6.545272
Loss : 6.680151
Loss : 6.663104
Loss : 6.723974
Loss : 6.657490
Loss : 6.779204
Loss : 6.729581
Loss : 6.770023
Loss : 6.649625
Loss : 6.700474
Loss : 6.777525
Loss : 6.731874
Loss : 6.641665
Loss : 6.613931
Loss : 6.628209
Loss : 6.548635
Loss : 6.391567
Loss : 6.708053
Loss : 6.647611
Loss : 6.689678
Loss : 6.722514
Loss : 6.651243
Loss : 6.551182
Loss : 6.670035
Loss : 6.522370
Loss : 6.438002
Loss : 6.713416
Loss : 6.579987
Loss : 6.720861
Loss : 6.712569
Loss : 6.615882
Loss : 6.640684
Loss : 6.633926
Loss : 6.584947
Loss : 6.765118
Loss : 6.738051
Loss : 6.687441
Loss : 6.773536
Loss : 6.594456
Loss : 6.610132
Loss : 6.540071
Loss : 6.329805
Loss : 6.666280
Loss : 6.610980
Loss : 6.629515
Loss : 6.734664
Loss : 6.805041
Loss : 6.620817
Loss : 6.071024
Loss : 6.725773
Loss : 6.592353
Loss : 6.720833
Loss : 6.679723
Loss : 6.651278
Loss : 6.614085
Loss : 6.480965
Loss : 6.741647
Loss : 6.374683
Loss : 6.492887
Loss : 5.637923
Loss : 5.768695
Loss : 6.000749
Loss : 6.244361
Loss : 6.558333
Loss : 6.206968
Loss : 6.038220
Loss : 6.270728
Loss : 6.451646
Loss : 6.529232
Loss : 6.486091
Loss : 6.574673
Loss : 6.581421
Loss : 6.571886
Loss : 6.567382
Loss : 6.624959
Loss : 6.621599
Loss : 6.391420
Loss : 6.630910
Loss : 6.632066
Loss : 6.656270
Loss : 6.755432
Loss : 6.682094
Loss : 6.740729
Loss : 6.779855
Loss : 6.557399
Loss : 6.663867
Loss : 6.724310
Loss : 6.691625
Loss : 6.625843
Loss : 6.556486
Loss : 6.324078
Loss : 6.305470
Loss : 6.530857
Loss : 6.576247
Loss : 6.647385
Loss : 6.723274
Loss : 6.496659
Loss : 6.777200
Loss : 6.692783
Loss : 6.581076
Loss : 6.637088
Loss : 6.573886
Loss : 6.654180
Loss : 6.818490
Loss : 6.723115
Loss : 6.856972
Loss : 6.719371
Loss : 6.348027
Loss : 6.797216
Loss : 6.775345
Loss : 6.691508
Loss : 6.224654
Loss : 6.344413
Loss : 6.238013
Loss : 6.305204
Loss : 6.200669
Loss : 6.702764
Loss : 6.529389
Loss : 6.605387
Loss : 6.616543
Loss : 6.506190
Loss : 6.163520
Loss : 6.463767
Loss : 6.708345
Loss : 6.396086
Loss : 6.674187
Loss : 6.752092
Loss : 6.741257
Loss : 6.584153
Loss : 6.616738
Loss : 6.548386
Loss : 6.417297
Loss : 6.467401
Loss : 6.527037
Loss : 6.221829
Loss : 6.637993
Loss : 6.746274
Loss : 6.499451
Loss : 6.659577
Loss : 6.697548
Loss : 6.763449
Loss : 6.924892
Loss : 6.663644
Time Elapsed for Training 03:25:17
word2vec.py:18: UserWarning: To copy construct from a tensor, it is recommended to use sourceTensor.clone().detach() or sourceTensor.clone().detach().requires_grad_(True), rather than torch.tensor(sourceTensor).
  embedding = torch.tensor(embedding)
word2vec.py:45: UserWarning: To copy construct from a tensor, it is recommended to use sourceTensor.clone().detach() or sourceTensor.clone().detach().requires_grad_(True), rather than torch.tensor(sourceTensor).
  x_vector = torch.tensor(x_vector)
Questions = 17827, Correct Questions = 1054, Hitting Rate = 5.9124
Time Elapsed for Validaiton 02:52:27
